2026-06-17 22:23:20,327 - linguistic - INFO - ==================================================
2026-06-17 22:23:20,327 - linguistic - INFO - STARTING LINGUISTIC BIAS AUDIT
2026-06-17 22:23:20,327 - linguistic - INFO - ==================================================
2026-06-17 22:23:20,327 - linguistic - INFO - Analysing tokeniser performance...
2026-06-17 22:23:20,328 - linguistic - INFO - Analysing subword piecing...
2026-06-17 22:23:20,328 - linguistic - INFO - Analysing structural complexity...
2026-06-17 22:23:20,330 - linguistic - INFO - Computing trust-aware metrics...
2026-06-17 22:23:20,330 - linguistic - INFO - Analysing content bias...
2026-06-17 22:23:20,332 - linguistic - INFO - Detecting linguistic flags...
2026-06-17 22:23:20,336 - linguistic - INFO - ==================================================
2026-06-17 22:23:20,336 - linguistic - INFO - LINGUISTIC AUDIT COMPLETE
2026-06-17 22:23:20,336 - linguistic - INFO -   Tokenisers analyzed: 3
2026-06-17 22:23:20,336 - linguistic - INFO -   Problematic tokenisers: 8
2026-06-17 22:23:20,336 - linguistic - INFO -   Critical flags: 9
2026-06-17 22:23:20,336 - linguistic - INFO - ==================================================
2026-06-17 22:23:24,597 - linguistic - INFO - ==================================================
2026-06-17 22:23:24,597 - linguistic - INFO - STARTING LINGUISTIC BIAS AUDIT
2026-06-17 22:23:24,597 - linguistic - INFO - ==================================================
2026-06-17 22:23:24,597 - linguistic - INFO - Analysing tokeniser performance...
2026-06-17 22:23:24,597 - linguistic - INFO - Analysing subword piecing...
2026-06-17 22:23:24,598 - linguistic - INFO - Analysing structural complexity...
2026-06-17 22:23:24,599 - linguistic - INFO - Computing trust-aware metrics...
2026-06-17 22:23:24,599 - linguistic - INFO - Analysing content bias...
2026-06-17 22:23:24,600 - linguistic - INFO - Detecting linguistic flags...
2026-06-17 22:23:24,601 - linguistic - INFO - ==================================================
2026-06-17 22:23:24,601 - linguistic - INFO - LINGUISTIC AUDIT COMPLETE
2026-06-17 22:23:24,601 - linguistic - INFO -   Tokenisers analyzed: 3
2026-06-17 22:23:24,601 - linguistic - INFO -   Problematic tokenisers: 8
2026-06-17 22:23:24,601 - linguistic - INFO -   Critical flags: 9
2026-06-17 22:23:24,601 - linguistic - INFO - ==================================================
2026-06-17 22:23:25,048 - linguistic - INFO - ==================================================
2026-06-17 22:23:25,048 - linguistic - INFO - STARTING LINGUISTIC BIAS AUDIT
2026-06-17 22:23:25,048 - linguistic - INFO - ==================================================
2026-06-17 22:23:25,048 - linguistic - INFO - Analysing tokeniser performance...
2026-06-17 22:23:25,048 - linguistic - INFO - Analysing subword piecing...
2026-06-17 22:23:25,048 - linguistic - INFO - Analysing structural complexity...
2026-06-17 22:23:25,050 - linguistic - INFO - Computing trust-aware metrics...
2026-06-17 22:23:25,050 - linguistic - INFO - Analysing content bias...
2026-06-17 22:23:25,051 - linguistic - INFO - Detecting linguistic flags...
2026-06-17 22:23:25,052 - linguistic - INFO - ==================================================
2026-06-17 22:23:25,052 - linguistic - INFO - LINGUISTIC AUDIT COMPLETE
2026-06-17 22:23:25,052 - linguistic - INFO -   Tokenisers analyzed: 3
2026-06-17 22:23:25,052 - linguistic - INFO -   Problematic tokenisers: 8
2026-06-17 22:23:25,052 - linguistic - INFO -   Critical flags: 9
2026-06-17 22:23:25,052 - linguistic - INFO - ==================================================
2026-06-17 22:23:25,499 - linguistic - INFO - ==================================================
2026-06-17 22:23:25,499 - linguistic - INFO - STARTING LINGUISTIC BIAS AUDIT
2026-06-17 22:23:25,499 - linguistic - INFO - ==================================================
2026-06-17 22:23:25,499 - linguistic - INFO - Analysing tokeniser performance...
2026-06-17 22:23:25,499 - linguistic - INFO - Analysing subword piecing...
2026-06-17 22:23:25,499 - linguistic - INFO - Analysing structural complexity...
2026-06-17 22:23:25,501 - linguistic - INFO - Computing trust-aware metrics...
2026-06-17 22:23:25,501 - linguistic - INFO - Analysing content bias...
2026-06-17 22:23:25,502 - linguistic - INFO - Detecting linguistic flags...
2026-06-17 22:23:25,503 - linguistic - INFO - ==================================================
2026-06-17 22:23:25,503 - linguistic - INFO - LINGUISTIC AUDIT COMPLETE
2026-06-17 22:23:25,503 - linguistic - INFO -   Tokenisers analyzed: 3
2026-06-17 22:23:25,503 - linguistic - INFO -   Problematic tokenisers: 8
2026-06-17 22:23:25,503 - linguistic - INFO -   Critical flags: 9
2026-06-17 22:23:25,503 - linguistic - INFO - ==================================================
2026-06-17 22:23:25,964 - linguistic - INFO - ==================================================
2026-06-17 22:23:25,964 - linguistic - INFO - STARTING LINGUISTIC BIAS AUDIT
2026-06-17 22:23:25,964 - linguistic - INFO - ==================================================
2026-06-17 22:23:25,964 - linguistic - INFO - Analysing tokeniser performance...
2026-06-17 22:23:25,964 - linguistic - INFO - Analysing subword piecing...
2026-06-17 22:23:25,965 - linguistic - INFO - Analysing structural complexity...
2026-06-17 22:23:25,967 - linguistic - INFO - Computing trust-aware metrics...
2026-06-17 22:23:25,968 - linguistic - INFO - Analysing content bias...
2026-06-17 22:23:25,970 - linguistic - INFO - Detecting linguistic flags...
2026-06-17 22:23:25,971 - linguistic - INFO - ==================================================
2026-06-17 22:23:25,972 - linguistic - INFO - LINGUISTIC AUDIT COMPLETE
2026-06-17 22:23:25,972 - linguistic - INFO -   Tokenisers analyzed: 3
2026-06-17 22:23:25,972 - linguistic - INFO -   Problematic tokenisers: 8
2026-06-17 22:23:25,972 - linguistic - INFO -   Critical flags: 9
2026-06-17 22:23:25,972 - linguistic - INFO - ==================================================
2026-06-17 22:23:27,787 - linguistic - INFO - ==================================================
2026-06-17 22:23:27,787 - linguistic - INFO - STARTING LINGUISTIC BIAS AUDIT
2026-06-17 22:23:27,787 - linguistic - INFO - ==================================================
2026-06-17 22:23:27,787 - linguistic - INFO - Analysing tokeniser performance...
2026-06-17 22:23:27,787 - linguistic - INFO - Analysing subword piecing...
2026-06-17 22:23:27,788 - linguistic - INFO - Analysing structural complexity...
2026-06-17 22:23:27,789 - linguistic - INFO - Computing trust-aware metrics...
2026-06-17 22:23:27,789 - linguistic - INFO - Analysing content bias...
2026-06-17 22:23:27,790 - linguistic - INFO - Detecting linguistic flags...
2026-06-17 22:23:27,793 - linguistic - INFO - ==================================================
2026-06-17 22:23:27,793 - linguistic - INFO - LINGUISTIC AUDIT COMPLETE
2026-06-17 22:23:27,793 - linguistic - INFO -   Tokenisers analyzed: 3
2026-06-17 22:23:27,793 - linguistic - INFO -   Problematic tokenisers: 6
2026-06-17 22:23:27,793 - linguistic - INFO -   Critical flags: 4
2026-06-17 22:23:27,793 - linguistic - INFO - ==================================================
2026-06-17 22:23:28,483 - linguistic - INFO - ==================================================
2026-06-17 22:23:28,483 - linguistic - INFO - STARTING LINGUISTIC BIAS AUDIT
2026-06-17 22:23:28,483 - linguistic - INFO - ==================================================
2026-06-17 22:23:28,483 - linguistic - INFO - Analysing tokeniser performance...
2026-06-17 22:23:28,483 - linguistic - INFO - Analysing subword piecing...
2026-06-17 22:23:28,484 - linguistic - INFO - Analysing structural complexity...
2026-06-17 22:23:28,484 - linguistic - INFO - Computing trust-aware metrics...
2026-06-17 22:23:28,484 - linguistic - INFO - Analysing content bias...
2026-06-17 22:23:28,485 - linguistic - INFO - Detecting linguistic flags...
2026-06-17 22:26:42,880 - linguistic - INFO - ==================================================
2026-06-17 22:26:42,880 - linguistic - INFO - STARTING LINGUISTIC BIAS AUDIT
2026-06-17 22:26:42,880 - linguistic - INFO - ==================================================
2026-06-17 22:26:42,880 - linguistic - INFO - Analysing tokeniser performance...
2026-06-17 22:26:42,881 - linguistic - INFO - Analysing subword piecing...
2026-06-17 22:26:42,881 - linguistic - INFO - Analysing structural complexity...
2026-06-17 22:26:42,882 - linguistic - INFO - Computing trust-aware metrics...
2026-06-17 22:26:42,882 - linguistic - INFO - Analysing content bias...
2026-06-17 22:26:42,883 - linguistic - INFO - Detecting linguistic flags...
2026-06-17 22:26:42,886 - linguistic - INFO - ==================================================
2026-06-17 22:26:42,886 - linguistic - INFO - LINGUISTIC AUDIT COMPLETE
2026-06-17 22:26:42,886 - linguistic - INFO -   Tokenisers analyzed: 3
2026-06-17 22:26:42,887 - linguistic - INFO -   Problematic tokenisers: 8
2026-06-17 22:26:42,887 - linguistic - INFO -   Critical flags: 9
2026-06-17 22:26:42,887 - linguistic - INFO - ==================================================
2026-06-17 22:26:46,911 - linguistic - INFO - ==================================================
2026-06-17 22:26:46,911 - linguistic - INFO - STARTING LINGUISTIC BIAS AUDIT
2026-06-17 22:26:46,911 - linguistic - INFO - ==================================================
2026-06-17 22:26:46,911 - linguistic - INFO - Analysing tokeniser performance...
2026-06-17 22:26:46,912 - linguistic - INFO - Analysing subword piecing...
2026-06-17 22:26:46,912 - linguistic - INFO - Analysing structural complexity...
2026-06-17 22:26:46,914 - linguistic - INFO - Computing trust-aware metrics...
2026-06-17 22:26:46,914 - linguistic - INFO - Analysing content bias...
2026-06-17 22:26:46,915 - linguistic - INFO - Detecting linguistic flags...
2026-06-17 22:26:46,916 - linguistic - INFO - ==================================================
2026-06-17 22:26:46,916 - linguistic - INFO - LINGUISTIC AUDIT COMPLETE
2026-06-17 22:26:46,916 - linguistic - INFO -   Tokenisers analyzed: 3
2026-06-17 22:26:46,916 - linguistic - INFO -   Problematic tokenisers: 8
2026-06-17 22:26:46,916 - linguistic - INFO -   Critical flags: 9
2026-06-17 22:26:46,916 - linguistic - INFO - ==================================================
2026-06-17 22:26:47,365 - linguistic - INFO - ==================================================
2026-06-17 22:26:47,365 - linguistic - INFO - STARTING LINGUISTIC BIAS AUDIT
2026-06-17 22:26:47,365 - linguistic - INFO - ==================================================
2026-06-17 22:26:47,365 - linguistic - INFO - Analysing tokeniser performance...
2026-06-17 22:26:47,365 - linguistic - INFO - Analysing subword piecing...
2026-06-17 22:26:47,366 - linguistic - INFO - Analysing structural complexity...
2026-06-17 22:26:47,367 - linguistic - INFO - Computing trust-aware metrics...
2026-06-17 22:26:47,367 - linguistic - INFO - Analysing content bias...
2026-06-17 22:26:47,368 - linguistic - INFO - Detecting linguistic flags...
2026-06-17 22:26:47,370 - linguistic - INFO - ==================================================
2026-06-17 22:26:47,370 - linguistic - INFO - LINGUISTIC AUDIT COMPLETE
2026-06-17 22:26:47,370 - linguistic - INFO -   Tokenisers analyzed: 3
2026-06-17 22:26:47,370 - linguistic - INFO -   Problematic tokenisers: 8
2026-06-17 22:26:47,370 - linguistic - INFO -   Critical flags: 9
2026-06-17 22:26:47,370 - linguistic - INFO - ==================================================
2026-06-17 22:26:47,821 - linguistic - INFO - ==================================================
2026-06-17 22:26:47,821 - linguistic - INFO - STARTING LINGUISTIC BIAS AUDIT
2026-06-17 22:26:47,821 - linguistic - INFO - ==================================================
2026-06-17 22:26:47,821 - linguistic - INFO - Analysing tokeniser performance...
2026-06-17 22:26:47,821 - linguistic - INFO - Analysing subword piecing...
2026-06-17 22:26:47,822 - linguistic - INFO - Analysing structural complexity...
2026-06-17 22:26:47,823 - linguistic - INFO - Computing trust-aware metrics...
2026-06-17 22:26:47,823 - linguistic - INFO - Analysing content bias...
2026-06-17 22:26:47,825 - linguistic - INFO - Detecting linguistic flags...
2026-06-17 22:26:47,826 - linguistic - INFO - ==================================================
2026-06-17 22:26:47,826 - linguistic - INFO - LINGUISTIC AUDIT COMPLETE
2026-06-17 22:26:47,826 - linguistic - INFO -   Tokenisers analyzed: 3
2026-06-17 22:26:47,826 - linguistic - INFO -   Problematic tokenisers: 8
2026-06-17 22:26:47,826 - linguistic - INFO -   Critical flags: 9
2026-06-17 22:26:47,826 - linguistic - INFO - ==================================================
2026-06-17 22:26:48,271 - linguistic - INFO - ==================================================
2026-06-17 22:26:48,271 - linguistic - INFO - STARTING LINGUISTIC BIAS AUDIT
2026-06-17 22:26:48,271 - linguistic - INFO - ==================================================
2026-06-17 22:26:48,271 - linguistic - INFO - Analysing tokeniser performance...
2026-06-17 22:26:48,272 - linguistic - INFO - Analysing subword piecing...
2026-06-17 22:26:48,272 - linguistic - INFO - Analysing structural complexity...
2026-06-17 22:26:48,273 - linguistic - INFO - Computing trust-aware metrics...
2026-06-17 22:26:48,274 - linguistic - INFO - Analysing content bias...
2026-06-17 22:26:48,275 - linguistic - INFO - Detecting linguistic flags...
2026-06-17 22:26:48,276 - linguistic - INFO - ==================================================
2026-06-17 22:26:48,276 - linguistic - INFO - LINGUISTIC AUDIT COMPLETE
2026-06-17 22:26:48,276 - linguistic - INFO -   Tokenisers analyzed: 3
2026-06-17 22:26:48,276 - linguistic - INFO -   Problematic tokenisers: 8
2026-06-17 22:26:48,276 - linguistic - INFO -   Critical flags: 9
2026-06-17 22:26:48,276 - linguistic - INFO - ==================================================
2026-06-17 22:26:49,398 - linguistic - INFO - ==================================================
2026-06-17 22:26:49,398 - linguistic - INFO - STARTING LINGUISTIC BIAS AUDIT
2026-06-17 22:26:49,398 - linguistic - INFO - ==================================================
2026-06-17 22:26:49,398 - linguistic - INFO - Analysing tokeniser performance...
2026-06-17 22:26:49,398 - linguistic - INFO - Analysing subword piecing...
2026-06-17 22:26:49,398 - linguistic - INFO - Analysing structural complexity...
2026-06-17 22:26:49,399 - linguistic - INFO - Computing trust-aware metrics...
2026-06-17 22:26:49,399 - linguistic - INFO - Analysing content bias...
2026-06-17 22:26:49,400 - linguistic - INFO - Detecting linguistic flags...
2026-06-17 22:26:49,401 - linguistic - INFO - ==================================================
2026-06-17 22:26:49,401 - linguistic - INFO - LINGUISTIC AUDIT COMPLETE
2026-06-17 22:26:49,401 - linguistic - INFO -   Tokenisers analyzed: 3
2026-06-17 22:26:49,401 - linguistic - INFO -   Problematic tokenisers: 6
2026-06-17 22:26:49,401 - linguistic - INFO -   Critical flags: 4
2026-06-17 22:26:49,401 - linguistic - INFO - ==================================================
2026-06-17 22:26:49,835 - linguistic - INFO - ==================================================
2026-06-17 22:26:49,835 - linguistic - INFO - STARTING LINGUISTIC BIAS AUDIT
2026-06-17 22:26:49,835 - linguistic - INFO - ==================================================
2026-06-17 22:26:49,835 - linguistic - INFO - Analysing tokeniser performance...
2026-06-17 22:26:49,836 - linguistic - INFO - Analysing subword piecing...
2026-06-17 22:26:49,836 - linguistic - INFO - Analysing structural complexity...
2026-06-17 22:26:49,836 - linguistic - INFO - Computing trust-aware metrics...
2026-06-17 22:26:49,836 - linguistic - INFO - Analysing content bias...
2026-06-17 22:26:49,837 - linguistic - INFO - Detecting linguistic flags...
2026-06-17 22:26:49,837 - linguistic - INFO - ==================================================
2026-06-17 22:26:49,837 - linguistic - INFO - LINGUISTIC AUDIT COMPLETE
2026-06-17 22:26:49,837 - linguistic - INFO -   Tokenisers analyzed: 0
2026-06-17 22:26:49,837 - linguistic - INFO -   Problematic tokenisers: 0
2026-06-17 22:26:49,837 - linguistic - INFO -   Critical flags: 0
2026-06-17 22:26:49,837 - linguistic - INFO - ==================================================
2026-06-17 22:38:44,898 - linguistic - INFO - ==================================================
2026-06-17 22:38:44,898 - linguistic - INFO - STARTING LINGUISTIC BIAS AUDIT
2026-06-17 22:38:44,898 - linguistic - INFO - ==================================================
2026-06-17 22:38:44,898 - linguistic - INFO - Analysing tokeniser performance...
2026-06-17 22:38:44,898 - linguistic - INFO - Analysing subword piecing...
2026-06-17 22:38:44,899 - linguistic - INFO - Analysing structural complexity...
2026-06-17 22:38:44,900 - linguistic - INFO - Computing trust-aware metrics...
2026-06-17 22:38:44,900 - linguistic - INFO - Analysing content bias...
2026-06-17 22:38:44,901 - linguistic - INFO - Detecting linguistic flags...
2026-06-17 22:38:44,904 - linguistic - INFO - ==================================================
2026-06-17 22:38:44,904 - linguistic - INFO - LINGUISTIC AUDIT COMPLETE
2026-06-17 22:38:44,904 - linguistic - INFO -   Tokenisers analyzed: 3
2026-06-17 22:38:44,904 - linguistic - INFO -   Problematic tokenisers: 8
2026-06-17 22:38:44,904 - linguistic - INFO -   Critical flags: 9
2026-06-17 22:38:44,904 - linguistic - INFO - ==================================================
2026-06-17 22:38:48,995 - linguistic - INFO - ==================================================
2026-06-17 22:38:48,996 - linguistic - INFO - STARTING LINGUISTIC BIAS AUDIT
2026-06-17 22:38:48,996 - linguistic - INFO - ==================================================
2026-06-17 22:38:48,996 - linguistic - INFO - Analysing tokeniser performance...
2026-06-17 22:38:48,996 - linguistic - INFO - Analysing subword piecing...
2026-06-17 22:38:48,997 - linguistic - INFO - Analysing structural complexity...
2026-06-17 22:38:48,998 - linguistic - INFO - Computing trust-aware metrics...
2026-06-17 22:38:48,998 - linguistic - INFO - Analysing content bias...
2026-06-17 22:38:49,000 - linguistic - INFO - Detecting linguistic flags...
2026-06-17 22:38:49,001 - linguistic - INFO - ==================================================
2026-06-17 22:38:49,001 - linguistic - INFO - LINGUISTIC AUDIT COMPLETE
2026-06-17 22:38:49,001 - linguistic - INFO -   Tokenisers analyzed: 3
2026-06-17 22:38:49,001 - linguistic - INFO -   Problematic tokenisers: 8
2026-06-17 22:38:49,001 - linguistic - INFO -   Critical flags: 9
2026-06-17 22:38:49,001 - linguistic - INFO - ==================================================
2026-06-17 22:38:49,448 - linguistic - INFO - ==================================================
2026-06-17 22:38:49,448 - linguistic - INFO - STARTING LINGUISTIC BIAS AUDIT
2026-06-17 22:38:49,448 - linguistic - INFO - ==================================================
2026-06-17 22:38:49,448 - linguistic - INFO - Analysing tokeniser performance...
2026-06-17 22:38:49,448 - linguistic - INFO - Analysing subword piecing...
2026-06-17 22:38:49,449 - linguistic - INFO - Analysing structural complexity...
2026-06-17 22:38:49,450 - linguistic - INFO - Computing trust-aware metrics...
2026-06-17 22:38:49,450 - linguistic - INFO - Analysing content bias...
2026-06-17 22:38:49,451 - linguistic - INFO - Detecting linguistic flags...
2026-06-17 22:38:49,454 - linguistic - INFO - ==================================================
2026-06-17 22:38:49,454 - linguistic - INFO - LINGUISTIC AUDIT COMPLETE
2026-06-17 22:38:49,454 - linguistic - INFO -   Tokenisers analyzed: 3
2026-06-17 22:38:49,454 - linguistic - INFO -   Problematic tokenisers: 8
2026-06-17 22:38:49,454 - linguistic - INFO -   Critical flags: 9
2026-06-17 22:38:49,454 - linguistic - INFO - ==================================================
2026-06-17 22:38:49,961 - linguistic - INFO - ==================================================
2026-06-17 22:38:49,961 - linguistic - INFO - STARTING LINGUISTIC BIAS AUDIT
2026-06-17 22:38:49,961 - linguistic - INFO - ==================================================
2026-06-17 22:38:49,961 - linguistic - INFO - Analysing tokeniser performance...
2026-06-17 22:38:49,962 - linguistic - INFO - Analysing subword piecing...
2026-06-17 22:38:49,962 - linguistic - INFO - Analysing structural complexity...
2026-06-17 22:38:49,963 - linguistic - INFO - Computing trust-aware metrics...
2026-06-17 22:38:49,964 - linguistic - INFO - Analysing content bias...
2026-06-17 22:38:49,965 - linguistic - INFO - Detecting linguistic flags...
2026-06-17 22:38:49,966 - linguistic - INFO - ==================================================
2026-06-17 22:38:49,966 - linguistic - INFO - LINGUISTIC AUDIT COMPLETE
2026-06-17 22:38:49,966 - linguistic - INFO -   Tokenisers analyzed: 3
2026-06-17 22:38:49,966 - linguistic - INFO -   Problematic tokenisers: 8
2026-06-17 22:38:49,966 - linguistic - INFO -   Critical flags: 9
2026-06-17 22:38:49,966 - linguistic - INFO - ==================================================
2026-06-17 22:38:50,419 - linguistic - INFO - ==================================================
2026-06-17 22:38:50,419 - linguistic - INFO - STARTING LINGUISTIC BIAS AUDIT
2026-06-17 22:38:50,419 - linguistic - INFO - ==================================================
2026-06-17 22:38:50,419 - linguistic - INFO - Analysing tokeniser performance...
2026-06-17 22:38:50,419 - linguistic - INFO - Analysing subword piecing...
2026-06-17 22:38:50,420 - linguistic - INFO - Analysing structural complexity...
2026-06-17 22:38:50,421 - linguistic - INFO - Computing trust-aware metrics...
2026-06-17 22:38:50,421 - linguistic - INFO - Analysing content bias...
2026-06-17 22:38:50,422 - linguistic - INFO - Detecting linguistic flags...
2026-06-17 22:38:50,424 - linguistic - INFO - ==================================================
2026-06-17 22:38:50,424 - linguistic - INFO - LINGUISTIC AUDIT COMPLETE
2026-06-17 22:38:50,424 - linguistic - INFO -   Tokenisers analyzed: 3
2026-06-17 22:38:50,424 - linguistic - INFO -   Problematic tokenisers: 8
2026-06-17 22:38:50,424 - linguistic - INFO -   Critical flags: 9
2026-06-17 22:38:50,424 - linguistic - INFO - ==================================================
2026-06-17 22:38:51,541 - linguistic - INFO - ==================================================
2026-06-17 22:38:51,541 - linguistic - INFO - STARTING LINGUISTIC BIAS AUDIT
2026-06-17 22:38:51,541 - linguistic - INFO - ==================================================
2026-06-17 22:38:51,541 - linguistic - INFO - Analysing tokeniser performance...
2026-06-17 22:38:51,542 - linguistic - INFO - Analysing subword piecing...
2026-06-17 22:38:51,542 - linguistic - INFO - Analysing structural complexity...
2026-06-17 22:38:51,543 - linguistic - INFO - Computing trust-aware metrics...
2026-06-17 22:38:51,543 - linguistic - INFO - Analysing content bias...
2026-06-17 22:38:51,543 - linguistic - INFO - Detecting linguistic flags...
2026-06-17 22:38:51,544 - linguistic - INFO - ==================================================
2026-06-17 22:38:51,544 - linguistic - INFO - LINGUISTIC AUDIT COMPLETE
2026-06-17 22:38:51,544 - linguistic - INFO -   Tokenisers analyzed: 3
2026-06-17 22:38:51,544 - linguistic - INFO -   Problematic tokenisers: 6
2026-06-17 22:38:51,544 - linguistic - INFO -   Critical flags: 4
2026-06-17 22:38:51,544 - linguistic - INFO - ==================================================
2026-06-17 22:38:51,978 - linguistic - INFO - ==================================================
2026-06-17 22:38:51,978 - linguistic - INFO - STARTING LINGUISTIC BIAS AUDIT
2026-06-17 22:38:51,978 - linguistic - INFO - ==================================================
2026-06-17 22:38:51,978 - linguistic - INFO - Analysing tokeniser performance...
2026-06-17 22:38:51,978 - linguistic - INFO - Analysing subword piecing...
2026-06-17 22:38:51,978 - linguistic - INFO - Analysing structural complexity...
2026-06-17 22:38:51,979 - linguistic - INFO - Computing trust-aware metrics...
2026-06-17 22:38:51,979 - linguistic - INFO - Analysing content bias...
2026-06-17 22:38:51,979 - linguistic - INFO - Detecting linguistic flags...
2026-06-17 22:38:51,980 - linguistic - INFO - ==================================================
2026-06-17 22:38:51,980 - linguistic - INFO - LINGUISTIC AUDIT COMPLETE
2026-06-17 22:38:51,980 - linguistic - INFO -   Tokenisers analyzed: 0
2026-06-17 22:38:51,980 - linguistic - INFO -   Problematic tokenisers: 0
2026-06-17 22:38:51,980 - linguistic - INFO -   Critical flags: 0
2026-06-17 22:38:51,980 - linguistic - INFO - ==================================================
2026-06-17 22:49:42,730 - linguistic - INFO - ==================================================
2026-06-17 22:49:42,732 - linguistic - INFO - STARTING LINGUISTIC BIAS AUDIT
2026-06-17 22:49:42,732 - linguistic - INFO - ==================================================
2026-06-17 22:49:42,732 - linguistic - INFO - Analysing tokeniser performance...
2026-06-17 22:49:42,732 - linguistic - INFO - Analysing subword piecing...
2026-06-17 22:49:42,733 - linguistic - INFO - Analysing structural complexity...
2026-06-17 22:49:42,734 - linguistic - INFO - Computing trust-aware metrics...
2026-06-17 22:49:42,734 - linguistic - INFO - Analysing content bias...
2026-06-17 22:49:42,735 - linguistic - INFO - Detecting linguistic flags...
2026-06-17 22:49:42,745 - linguistic - INFO - ==================================================
2026-06-17 22:49:42,745 - linguistic - INFO - LINGUISTIC AUDIT COMPLETE
2026-06-17 22:49:42,745 - linguistic - INFO -   Tokenisers analyzed: 3
2026-06-17 22:49:42,745 - linguistic - INFO -   Problematic tokenisers: 8
2026-06-17 22:49:42,745 - linguistic - INFO -   Critical flags: 9
2026-06-17 22:49:42,745 - linguistic - INFO - ==================================================
2026-06-17 22:49:47,258 - linguistic - INFO - ==================================================
2026-06-17 22:49:47,258 - linguistic - INFO - STARTING LINGUISTIC BIAS AUDIT
2026-06-17 22:49:47,259 - linguistic - INFO - ==================================================
2026-06-17 22:49:47,259 - linguistic - INFO - Analysing tokeniser performance...
2026-06-17 22:49:47,259 - linguistic - INFO - Analysing subword piecing...
2026-06-17 22:49:47,259 - linguistic - INFO - Analysing structural complexity...
2026-06-17 22:49:47,260 - linguistic - INFO - Computing trust-aware metrics...
2026-06-17 22:49:47,260 - linguistic - INFO - Analysing content bias...
2026-06-17 22:49:47,261 - linguistic - INFO - Detecting linguistic flags...
2026-06-17 22:49:47,262 - linguistic - INFO - ==================================================
2026-06-17 22:49:47,262 - linguistic - INFO - LINGUISTIC AUDIT COMPLETE
2026-06-17 22:49:47,262 - linguistic - INFO -   Tokenisers analyzed: 3
2026-06-17 22:49:47,262 - linguistic - INFO -   Problematic tokenisers: 8
2026-06-17 22:49:47,262 - linguistic - INFO -   Critical flags: 9
2026-06-17 22:49:47,262 - linguistic - INFO - ==================================================
2026-06-17 22:49:47,580 - linguistic - INFO - ==================================================
2026-06-17 22:49:47,580 - linguistic - INFO - STARTING LINGUISTIC BIAS AUDIT
2026-06-17 22:49:47,580 - linguistic - INFO - ==================================================
2026-06-17 22:49:47,580 - linguistic - INFO - Analysing tokeniser performance...
2026-06-17 22:49:47,580 - linguistic - INFO - Analysing subword piecing...
2026-06-17 22:49:47,580 - linguistic - INFO - Analysing structural complexity...
2026-06-17 22:49:47,581 - linguistic - INFO - Computing trust-aware metrics...
2026-06-17 22:49:47,582 - linguistic - INFO - Analysing content bias...
2026-06-17 22:49:47,583 - linguistic - INFO - Detecting linguistic flags...
2026-06-17 22:49:47,584 - linguistic - INFO - ==================================================
2026-06-17 22:49:47,584 - linguistic - INFO - LINGUISTIC AUDIT COMPLETE
2026-06-17 22:49:47,584 - linguistic - INFO -   Tokenisers analyzed: 3
2026-06-17 22:49:47,584 - linguistic - INFO -   Problematic tokenisers: 8
2026-06-17 22:49:47,584 - linguistic - INFO -   Critical flags: 9
2026-06-17 22:49:47,584 - linguistic - INFO - ==================================================
2026-06-17 22:49:47,909 - linguistic - INFO - ==================================================
2026-06-17 22:49:47,909 - linguistic - INFO - STARTING LINGUISTIC BIAS AUDIT
2026-06-17 22:49:47,909 - linguistic - INFO - ==================================================
2026-06-17 22:49:47,909 - linguistic - INFO - Analysing tokeniser performance...
2026-06-17 22:49:47,909 - linguistic - INFO - Analysing subword piecing...
2026-06-17 22:49:47,909 - linguistic - INFO - Analysing structural complexity...
2026-06-17 22:49:47,910 - linguistic - INFO - Computing trust-aware metrics...
2026-06-17 22:49:47,911 - linguistic - INFO - Analysing content bias...
2026-06-17 22:49:47,912 - linguistic - INFO - Detecting linguistic flags...
2026-06-17 22:49:47,912 - linguistic - INFO - ==================================================
2026-06-17 22:49:47,913 - linguistic - INFO - LINGUISTIC AUDIT COMPLETE
2026-06-17 22:49:47,913 - linguistic - INFO -   Tokenisers analyzed: 3
2026-06-17 22:49:47,913 - linguistic - INFO -   Problematic tokenisers: 8
2026-06-17 22:49:47,913 - linguistic - INFO -   Critical flags: 9
2026-06-17 22:49:47,913 - linguistic - INFO - ==================================================
2026-06-17 22:49:48,230 - linguistic - INFO - ==================================================
2026-06-17 22:49:48,230 - linguistic - INFO - STARTING LINGUISTIC BIAS AUDIT
2026-06-17 22:49:48,230 - linguistic - INFO - ==================================================
2026-06-17 22:49:48,230 - linguistic - INFO - Analysing tokeniser performance...
2026-06-17 22:49:48,230 - linguistic - INFO - Analysing subword piecing...
2026-06-17 22:49:48,231 - linguistic - INFO - Analysing structural complexity...
2026-06-17 22:49:48,232 - linguistic - INFO - Computing trust-aware metrics...
2026-06-17 22:49:48,232 - linguistic - INFO - Analysing content bias...
2026-06-17 22:49:48,233 - linguistic - INFO - Detecting linguistic flags...
2026-06-17 22:49:48,234 - linguistic - INFO - ==================================================
2026-06-17 22:49:48,234 - linguistic - INFO - LINGUISTIC AUDIT COMPLETE
2026-06-17 22:49:48,234 - linguistic - INFO -   Tokenisers analyzed: 3
2026-06-17 22:49:48,235 - linguistic - INFO -   Problematic tokenisers: 8
2026-06-17 22:49:48,235 - linguistic - INFO -   Critical flags: 9
2026-06-17 22:49:48,235 - linguistic - INFO - ==================================================
2026-06-17 22:49:49,168 - linguistic - INFO - ==================================================
2026-06-17 22:49:49,168 - linguistic - INFO - STARTING LINGUISTIC BIAS AUDIT
2026-06-17 22:49:49,168 - linguistic - INFO - ==================================================
2026-06-17 22:49:49,168 - linguistic - INFO - Analysing tokeniser performance...
2026-06-17 22:49:49,168 - linguistic - INFO - Analysing subword piecing...
2026-06-17 22:49:49,169 - linguistic - INFO - Analysing structural complexity...
2026-06-17 22:49:49,170 - linguistic - INFO - Computing trust-aware metrics...
2026-06-17 22:49:49,170 - linguistic - INFO - Analysing content bias...
2026-06-17 22:49:49,170 - linguistic - INFO - Detecting linguistic flags...
2026-06-17 22:49:49,171 - linguistic - INFO - ==================================================
2026-06-17 22:49:49,171 - linguistic - INFO - LINGUISTIC AUDIT COMPLETE
2026-06-17 22:49:49,171 - linguistic - INFO -   Tokenisers analyzed: 3
2026-06-17 22:49:49,171 - linguistic - INFO -   Problematic tokenisers: 6
2026-06-17 22:49:49,171 - linguistic - INFO -   Critical flags: 4
2026-06-17 22:49:49,171 - linguistic - INFO - ==================================================
2026-06-17 22:49:49,526 - linguistic - INFO - ==================================================
2026-06-17 22:49:49,526 - linguistic - INFO - STARTING LINGUISTIC BIAS AUDIT
2026-06-17 22:49:49,526 - linguistic - INFO - ==================================================
2026-06-17 22:49:49,526 - linguistic - INFO - Analysing tokeniser performance...
2026-06-17 22:49:49,526 - linguistic - INFO - Analysing subword piecing...
2026-06-17 22:49:49,526 - linguistic - INFO - Analysing structural complexity...
2026-06-17 22:49:49,527 - linguistic - INFO - Computing trust-aware metrics...
2026-06-17 22:49:49,527 - linguistic - INFO - Analysing content bias...
2026-06-17 22:49:49,527 - linguistic - INFO - Detecting linguistic flags...
2026-06-17 22:49:49,528 - linguistic - INFO - ==================================================
2026-06-17 22:49:49,528 - linguistic - INFO - LINGUISTIC AUDIT COMPLETE
2026-06-17 22:49:49,528 - linguistic - INFO -   Tokenisers analyzed: 0
2026-06-17 22:49:49,528 - linguistic - INFO -   Problematic tokenisers: 0
2026-06-17 22:49:49,528 - linguistic - INFO -   Critical flags: 0
2026-06-17 22:49:49,528 - linguistic - INFO - ==================================================
2026-06-17 22:59:32,993 - linguistic - INFO - ==================================================
2026-06-17 22:59:32,994 - linguistic - INFO - STARTING LINGUISTIC BIAS AUDIT
2026-06-17 22:59:32,994 - linguistic - INFO - ==================================================
2026-06-17 22:59:32,994 - linguistic - INFO - Analysing tokeniser performance...
2026-06-17 22:59:32,994 - linguistic - INFO - Analysing subword piecing...
2026-06-17 22:59:32,994 - linguistic - INFO - Analysing structural complexity...
2026-06-17 22:59:32,996 - linguistic - INFO - Computing trust-aware metrics...
2026-06-17 22:59:32,996 - linguistic - INFO - Analysing content bias...
2026-06-17 22:59:32,997 - linguistic - INFO - Detecting linguistic flags...
2026-06-17 22:59:33,001 - linguistic - INFO - ==================================================
2026-06-17 22:59:33,001 - linguistic - INFO - LINGUISTIC AUDIT COMPLETE
2026-06-17 22:59:33,001 - linguistic - INFO -   Tokenisers analyzed: 3
2026-06-17 22:59:33,001 - linguistic - INFO -   Problematic tokenisers: 8
2026-06-17 22:59:33,001 - linguistic - INFO -   Critical flags: 9
2026-06-17 22:59:33,001 - linguistic - INFO - ==================================================
2026-06-17 23:02:04,550 - linguistic - INFO - ==================================================
2026-06-17 23:02:04,550 - linguistic - INFO - STARTING LINGUISTIC BIAS AUDIT
2026-06-17 23:02:04,550 - linguistic - INFO - ==================================================
2026-06-17 23:02:04,550 - linguistic - INFO - Analysing tokeniser performance...
2026-06-17 23:02:04,550 - linguistic - INFO - Analysing subword piecing...
2026-06-17 23:02:04,551 - linguistic - INFO - Analysing structural complexity...
2026-06-17 23:02:04,552 - linguistic - INFO - Computing trust-aware metrics...
2026-06-17 23:02:04,552 - linguistic - INFO - Analysing content bias...
2026-06-17 23:02:04,553 - linguistic - INFO - Detecting linguistic flags...
2026-06-17 23:02:04,557 - linguistic - INFO - ==================================================
2026-06-17 23:02:04,557 - linguistic - INFO - LINGUISTIC AUDIT COMPLETE
2026-06-17 23:02:04,557 - linguistic - INFO -   Tokenisers analyzed: 3
2026-06-17 23:02:04,557 - linguistic - INFO -   Problematic tokenisers: 8
2026-06-17 23:02:04,557 - linguistic - INFO -   Critical flags: 9
2026-06-17 23:02:04,557 - linguistic - INFO - ==================================================
2026-06-17 23:02:08,060 - linguistic - INFO - ==================================================
2026-06-17 23:02:08,060 - linguistic - INFO - STARTING LINGUISTIC BIAS AUDIT
2026-06-17 23:02:08,060 - linguistic - INFO - ==================================================
2026-06-17 23:02:08,060 - linguistic - INFO - Analysing tokeniser performance...
2026-06-17 23:02:08,060 - linguistic - INFO - Analysing subword piecing...
2026-06-17 23:02:08,060 - linguistic - INFO - Analysing structural complexity...
2026-06-17 23:02:08,061 - linguistic - INFO - Computing trust-aware metrics...
2026-06-17 23:02:08,062 - linguistic - INFO - Analysing content bias...
2026-06-17 23:02:08,062 - linguistic - INFO - Detecting linguistic flags...
2026-06-17 23:02:08,063 - linguistic - INFO - ==================================================
2026-06-17 23:02:08,063 - linguistic - INFO - LINGUISTIC AUDIT COMPLETE
2026-06-17 23:02:08,063 - linguistic - INFO -   Tokenisers analyzed: 3
2026-06-17 23:02:08,063 - linguistic - INFO -   Problematic tokenisers: 8
2026-06-17 23:02:08,063 - linguistic - INFO -   Critical flags: 9
2026-06-17 23:02:08,063 - linguistic - INFO - ==================================================
2026-06-17 23:02:08,377 - linguistic - INFO - ==================================================
2026-06-17 23:02:08,377 - linguistic - INFO - STARTING LINGUISTIC BIAS AUDIT
2026-06-17 23:02:08,377 - linguistic - INFO - ==================================================
2026-06-17 23:02:08,377 - linguistic - INFO - Analysing tokeniser performance...
2026-06-17 23:02:08,377 - linguistic - INFO - Analysing subword piecing...
2026-06-17 23:02:08,377 - linguistic - INFO - Analysing structural complexity...
2026-06-17 23:02:08,379 - linguistic - INFO - Computing trust-aware metrics...
2026-06-17 23:02:08,379 - linguistic - INFO - Analysing content bias...
2026-06-17 23:02:08,380 - linguistic - INFO - Detecting linguistic flags...
2026-06-17 23:02:08,380 - linguistic - INFO - ==================================================
2026-06-17 23:02:08,381 - linguistic - INFO - LINGUISTIC AUDIT COMPLETE
2026-06-17 23:02:08,381 - linguistic - INFO -   Tokenisers analyzed: 3
2026-06-17 23:02:08,381 - linguistic - INFO -   Problematic tokenisers: 8
2026-06-17 23:02:08,381 - linguistic - INFO -   Critical flags: 9
2026-06-17 23:02:08,381 - linguistic - INFO - ==================================================
2026-06-17 23:02:08,699 - linguistic - INFO - ==================================================
2026-06-17 23:02:08,699 - linguistic - INFO - STARTING LINGUISTIC BIAS AUDIT
2026-06-17 23:02:08,699 - linguistic - INFO - ==================================================
2026-06-17 23:02:08,699 - linguistic - INFO - Analysing tokeniser performance...
2026-06-17 23:02:08,699 - linguistic - INFO - Analysing subword piecing...
2026-06-17 23:02:08,699 - linguistic - INFO - Analysing structural complexity...
2026-06-17 23:02:08,700 - linguistic - INFO - Computing trust-aware metrics...
2026-06-17 23:02:08,700 - linguistic - INFO - Analysing content bias...
2026-06-17 23:02:08,701 - linguistic - INFO - Detecting linguistic flags...
2026-06-17 23:02:08,702 - linguistic - INFO - ==================================================
2026-06-17 23:02:08,702 - linguistic - INFO - LINGUISTIC AUDIT COMPLETE
2026-06-17 23:02:08,702 - linguistic - INFO -   Tokenisers analyzed: 3
2026-06-17 23:02:08,702 - linguistic - INFO -   Problematic tokenisers: 8
2026-06-17 23:02:08,702 - linguistic - INFO -   Critical flags: 9
2026-06-17 23:02:08,702 - linguistic - INFO - ==================================================
2026-06-17 23:02:09,018 - linguistic - INFO - ==================================================
2026-06-17 23:02:09,018 - linguistic - INFO - STARTING LINGUISTIC BIAS AUDIT
2026-06-17 23:02:09,018 - linguistic - INFO - ==================================================
2026-06-17 23:02:09,018 - linguistic - INFO - Analysing tokeniser performance...
2026-06-17 23:02:09,018 - linguistic - INFO - Analysing subword piecing...
2026-06-17 23:02:09,019 - linguistic - INFO - Analysing structural complexity...
2026-06-17 23:02:09,020 - linguistic - INFO - Computing trust-aware metrics...
2026-06-17 23:02:09,020 - linguistic - INFO - Analysing content bias...
2026-06-17 23:02:09,021 - linguistic - INFO - Detecting linguistic flags...
2026-06-17 23:02:09,022 - linguistic - INFO - ==================================================
2026-06-17 23:02:09,022 - linguistic - INFO - LINGUISTIC AUDIT COMPLETE
2026-06-17 23:02:09,022 - linguistic - INFO -   Tokenisers analyzed: 3
2026-06-17 23:02:09,022 - linguistic - INFO -   Problematic tokenisers: 8
2026-06-17 23:02:09,022 - linguistic - INFO -   Critical flags: 9
2026-06-17 23:02:09,022 - linguistic - INFO - ==================================================
2026-06-17 23:02:09,926 - linguistic - INFO - ==================================================
2026-06-17 23:02:09,926 - linguistic - INFO - STARTING LINGUISTIC BIAS AUDIT
2026-06-17 23:02:09,926 - linguistic - INFO - ==================================================
2026-06-17 23:02:09,926 - linguistic - INFO - Analysing tokeniser performance...
2026-06-17 23:02:09,926 - linguistic - INFO - Analysing subword piecing...
2026-06-17 23:02:09,926 - linguistic - INFO - Analysing structural complexity...
2026-06-17 23:02:09,927 - linguistic - INFO - Computing trust-aware metrics...
2026-06-17 23:02:09,927 - linguistic - INFO - Analysing content bias...
2026-06-17 23:02:09,927 - linguistic - INFO - Detecting linguistic flags...
2026-06-17 23:02:09,928 - linguistic - INFO - ==================================================
2026-06-17 23:02:09,928 - linguistic - INFO - LINGUISTIC AUDIT COMPLETE
2026-06-17 23:02:09,928 - linguistic - INFO -   Tokenisers analyzed: 3
2026-06-17 23:02:09,928 - linguistic - INFO -   Problematic tokenisers: 6
2026-06-17 23:02:09,928 - linguistic - INFO -   Critical flags: 4
2026-06-17 23:02:09,928 - linguistic - INFO - ==================================================
2026-06-17 23:02:10,232 - linguistic - INFO - ==================================================
2026-06-17 23:02:10,232 - linguistic - INFO - STARTING LINGUISTIC BIAS AUDIT
2026-06-17 23:02:10,232 - linguistic - INFO - ==================================================
2026-06-17 23:02:10,232 - linguistic - INFO - Analysing tokeniser performance...
2026-06-17 23:02:10,232 - linguistic - INFO - Analysing subword piecing...
2026-06-17 23:02:10,232 - linguistic - INFO - Analysing structural complexity...
2026-06-17 23:02:10,233 - linguistic - INFO - Computing trust-aware metrics...
2026-06-17 23:02:10,233 - linguistic - INFO - Analysing content bias...
2026-06-17 23:02:10,233 - linguistic - INFO - Detecting linguistic flags...
2026-06-17 23:02:10,233 - linguistic - INFO - ==================================================
2026-06-17 23:02:10,233 - linguistic - INFO - LINGUISTIC AUDIT COMPLETE
2026-06-17 23:02:10,233 - linguistic - INFO -   Tokenisers analyzed: 0
2026-06-17 23:02:10,233 - linguistic - INFO -   Problematic tokenisers: 0
2026-06-17 23:02:10,233 - linguistic - INFO -   Critical flags: 0
2026-06-17 23:02:10,233 - linguistic - INFO - ==================================================
2026-06-17 23:11:42,154 - linguistic - INFO - ==================================================
2026-06-17 23:11:42,155 - linguistic - INFO - STARTING LINGUISTIC BIAS AUDIT
2026-06-17 23:11:42,155 - linguistic - INFO - ==================================================
2026-06-17 23:11:42,155 - linguistic - INFO - Analysing tokeniser performance...
2026-06-17 23:11:42,155 - linguistic - INFO - Analysing subword piecing...
2026-06-17 23:11:42,155 - linguistic - INFO - Analysing structural complexity...
2026-06-17 23:11:42,156 - linguistic - INFO - Computing trust-aware metrics...
2026-06-17 23:11:42,157 - linguistic - INFO - Analysing content bias...
2026-06-17 23:11:42,158 - linguistic - INFO - Detecting linguistic flags...
2026-06-17 23:11:42,162 - linguistic - INFO - ==================================================
2026-06-17 23:11:42,162 - linguistic - INFO - LINGUISTIC AUDIT COMPLETE
2026-06-17 23:11:42,162 - linguistic - INFO -   Tokenisers analyzed: 3
2026-06-17 23:11:42,162 - linguistic - INFO -   Problematic tokenisers: 8
2026-06-17 23:11:42,162 - linguistic - INFO -   Critical flags: 9
2026-06-17 23:11:42,162 - linguistic - INFO - ==================================================
2026-06-17 23:11:46,058 - linguistic - INFO - ==================================================
2026-06-17 23:11:46,058 - linguistic - INFO - STARTING LINGUISTIC BIAS AUDIT
2026-06-17 23:11:46,058 - linguistic - INFO - ==================================================
2026-06-17 23:11:46,058 - linguistic - INFO - Analysing tokeniser performance...
2026-06-17 23:11:46,058 - linguistic - INFO - Analysing subword piecing...
2026-06-17 23:11:46,059 - linguistic - INFO - Analysing structural complexity...
2026-06-17 23:11:46,060 - linguistic - INFO - Computing trust-aware metrics...
2026-06-17 23:11:46,060 - linguistic - INFO - Analysing content bias...
2026-06-17 23:11:46,061 - linguistic - INFO - Detecting linguistic flags...
2026-06-17 23:11:46,062 - linguistic - INFO - ==================================================
2026-06-17 23:11:46,062 - linguistic - INFO - LINGUISTIC AUDIT COMPLETE
2026-06-17 23:11:46,062 - linguistic - INFO -   Tokenisers analyzed: 3
2026-06-17 23:11:46,062 - linguistic - INFO -   Problematic tokenisers: 8
2026-06-17 23:11:46,062 - linguistic - INFO -   Critical flags: 9
2026-06-17 23:11:46,062 - linguistic - INFO - ==================================================
2026-06-17 23:11:46,381 - linguistic - INFO - ==================================================
2026-06-17 23:11:46,381 - linguistic - INFO - STARTING LINGUISTIC BIAS AUDIT
2026-06-17 23:11:46,381 - linguistic - INFO - ==================================================
2026-06-17 23:11:46,381 - linguistic - INFO - Analysing tokeniser performance...
2026-06-17 23:11:46,381 - linguistic - INFO - Analysing subword piecing...
2026-06-17 23:11:46,381 - linguistic - INFO - Analysing structural complexity...
2026-06-17 23:11:46,383 - linguistic - INFO - Computing trust-aware metrics...
2026-06-17 23:11:46,383 - linguistic - INFO - Analysing content bias...
2026-06-17 23:11:46,384 - linguistic - INFO - Detecting linguistic flags...
2026-06-17 23:11:46,384 - linguistic - INFO - ==================================================
2026-06-17 23:11:46,385 - linguistic - INFO - LINGUISTIC AUDIT COMPLETE
2026-06-17 23:11:46,385 - linguistic - INFO -   Tokenisers analyzed: 3
2026-06-17 23:11:46,385 - linguistic - INFO -   Problematic tokenisers: 8
2026-06-17 23:11:46,385 - linguistic - INFO -   Critical flags: 9
2026-06-17 23:11:46,385 - linguistic - INFO - ==================================================
2026-06-17 23:11:46,697 - linguistic - INFO - ==================================================
2026-06-17 23:11:46,697 - linguistic - INFO - STARTING LINGUISTIC BIAS AUDIT
2026-06-17 23:11:46,697 - linguistic - INFO - ==================================================
2026-06-17 23:11:46,697 - linguistic - INFO - Analysing tokeniser performance...
2026-06-17 23:11:46,697 - linguistic - INFO - Analysing subword piecing...
2026-06-17 23:11:46,697 - linguistic - INFO - Analysing structural complexity...
2026-06-17 23:11:46,698 - linguistic - INFO - Computing trust-aware metrics...
2026-06-17 23:11:46,699 - linguistic - INFO - Analysing content bias...
2026-06-17 23:11:46,699 - linguistic - INFO - Detecting linguistic flags...
2026-06-17 23:11:46,700 - linguistic - INFO - ==================================================
2026-06-17 23:11:46,700 - linguistic - INFO - LINGUISTIC AUDIT COMPLETE
2026-06-17 23:11:46,700 - linguistic - INFO -   Tokenisers analyzed: 3
2026-06-17 23:11:46,700 - linguistic - INFO -   Problematic tokenisers: 8
2026-06-17 23:11:46,700 - linguistic - INFO -   Critical flags: 9
2026-06-17 23:11:46,700 - linguistic - INFO - ==================================================
2026-06-17 23:11:47,011 - linguistic - INFO - ==================================================
2026-06-17 23:11:47,011 - linguistic - INFO - STARTING LINGUISTIC BIAS AUDIT
2026-06-17 23:11:47,011 - linguistic - INFO - ==================================================
2026-06-17 23:11:47,011 - linguistic - INFO - Analysing tokeniser performance...
2026-06-17 23:11:47,011 - linguistic - INFO - Analysing subword piecing...
2026-06-17 23:11:47,011 - linguistic - INFO - Analysing structural complexity...
2026-06-17 23:11:47,012 - linguistic - INFO - Computing trust-aware metrics...
2026-06-17 23:11:47,013 - linguistic - INFO - Analysing content bias...
2026-06-17 23:11:47,014 - linguistic - INFO - Detecting linguistic flags...
2026-06-17 23:11:47,015 - linguistic - INFO - ==================================================
2026-06-17 23:11:47,015 - linguistic - INFO - LINGUISTIC AUDIT COMPLETE
2026-06-17 23:11:47,015 - linguistic - INFO -   Tokenisers analyzed: 3
2026-06-17 23:11:47,015 - linguistic - INFO -   Problematic tokenisers: 8
2026-06-17 23:11:47,015 - linguistic - INFO -   Critical flags: 9
2026-06-17 23:11:47,015 - linguistic - INFO - ==================================================
2026-06-17 23:11:47,928 - linguistic - INFO - ==================================================
2026-06-17 23:11:47,928 - linguistic - INFO - STARTING LINGUISTIC BIAS AUDIT
2026-06-17 23:11:47,928 - linguistic - INFO - ==================================================
2026-06-17 23:11:47,928 - linguistic - INFO - Analysing tokeniser performance...
2026-06-17 23:11:47,929 - linguistic - INFO - Analysing subword piecing...
2026-06-17 23:11:47,929 - linguistic - INFO - Analysing structural complexity...
2026-06-17 23:11:47,930 - linguistic - INFO - Computing trust-aware metrics...
2026-06-17 23:11:47,930 - linguistic - INFO - Analysing content bias...
2026-06-17 23:11:47,930 - linguistic - INFO - Detecting linguistic flags...
2026-06-17 23:11:47,931 - linguistic - INFO - ==================================================
2026-06-17 23:11:47,931 - linguistic - INFO - LINGUISTIC AUDIT COMPLETE
2026-06-17 23:11:47,931 - linguistic - INFO -   Tokenisers analyzed: 3
2026-06-17 23:11:47,931 - linguistic - INFO -   Problematic tokenisers: 6
2026-06-17 23:11:47,931 - linguistic - INFO -   Critical flags: 4
2026-06-17 23:11:47,931 - linguistic - INFO - ==================================================
2026-06-17 23:11:48,232 - linguistic - INFO - ==================================================
2026-06-17 23:11:48,232 - linguistic - INFO - STARTING LINGUISTIC BIAS AUDIT
2026-06-17 23:11:48,232 - linguistic - INFO - ==================================================
2026-06-17 23:11:48,232 - linguistic - INFO - Analysing tokeniser performance...
2026-06-17 23:11:48,232 - linguistic - INFO - Analysing subword piecing...
2026-06-17 23:11:48,232 - linguistic - INFO - Analysing structural complexity...
2026-06-17 23:11:48,233 - linguistic - INFO - Computing trust-aware metrics...
2026-06-17 23:11:48,233 - linguistic - INFO - Analysing content bias...
2026-06-17 23:11:48,233 - linguistic - INFO - Detecting linguistic flags...
2026-06-17 23:11:48,233 - linguistic - INFO - ==================================================
2026-06-17 23:11:48,233 - linguistic - INFO - LINGUISTIC AUDIT COMPLETE
2026-06-17 23:11:48,233 - linguistic - INFO -   Tokenisers analyzed: 0
2026-06-17 23:11:48,233 - linguistic - INFO -   Problematic tokenisers: 0
2026-06-17 23:11:48,233 - linguistic - INFO -   Critical flags: 0
2026-06-17 23:11:48,233 - linguistic - INFO - ==================================================
2026-06-17 23:32:35,031 - linguistic - INFO - ==================================================
2026-06-17 23:32:35,031 - linguistic - INFO - STARTING LINGUISTIC BIAS AUDIT
2026-06-17 23:32:35,031 - linguistic - INFO - ==================================================
2026-06-17 23:32:35,031 - linguistic - INFO - Analysing tokeniser performance...
2026-06-17 23:32:35,031 - linguistic - INFO - Analysing subword piecing...
2026-06-17 23:32:35,032 - linguistic - INFO - Analysing structural complexity...
2026-06-17 23:32:35,034 - linguistic - INFO - Computing trust-aware metrics...
2026-06-17 23:32:35,035 - linguistic - INFO - Analysing content bias...
2026-06-17 23:32:35,036 - linguistic - INFO - Detecting linguistic flags...
2026-06-17 23:32:35,041 - linguistic - INFO - ==================================================
2026-06-17 23:32:35,041 - linguistic - INFO - LINGUISTIC AUDIT COMPLETE
2026-06-17 23:32:35,041 - linguistic - INFO -   Tokenisers analyzed: 3
2026-06-17 23:32:35,041 - linguistic - INFO -   Problematic tokenisers: 8
2026-06-17 23:32:35,041 - linguistic - INFO -   Critical flags: 9
2026-06-17 23:32:35,041 - linguistic - INFO - ==================================================
2026-06-17 23:32:41,601 - linguistic - INFO - ==================================================
2026-06-17 23:32:41,602 - linguistic - INFO - STARTING LINGUISTIC BIAS AUDIT
2026-06-17 23:32:41,602 - linguistic - INFO - ==================================================
2026-06-17 23:32:41,602 - linguistic - INFO - Analysing tokeniser performance...
2026-06-17 23:32:41,602 - linguistic - INFO - Analysing subword piecing...
2026-06-17 23:32:41,603 - linguistic - INFO - Analysing structural complexity...
2026-06-17 23:32:41,605 - linguistic - INFO - Computing trust-aware metrics...
2026-06-17 23:32:41,605 - linguistic - INFO - Analysing content bias...
2026-06-17 23:32:41,607 - linguistic - INFO - Detecting linguistic flags...
2026-06-17 23:32:41,608 - linguistic - INFO - ==================================================
2026-06-17 23:32:41,609 - linguistic - INFO - LINGUISTIC AUDIT COMPLETE
2026-06-17 23:32:41,609 - linguistic - INFO -   Tokenisers analyzed: 3
2026-06-17 23:32:41,609 - linguistic - INFO -   Problematic tokenisers: 8
2026-06-17 23:32:41,609 - linguistic - INFO -   Critical flags: 9
2026-06-17 23:32:41,609 - linguistic - INFO - ==================================================
2026-06-17 23:32:42,507 - linguistic - INFO - ==================================================
2026-06-17 23:32:42,507 - linguistic - INFO - STARTING LINGUISTIC BIAS AUDIT
2026-06-17 23:32:42,507 - linguistic - INFO - ==================================================
2026-06-17 23:32:42,508 - linguistic - INFO - Analysing tokeniser performance...
2026-06-17 23:32:42,508 - linguistic - INFO - Analysing subword piecing...
2026-06-17 23:32:42,510 - linguistic - INFO - Analysing structural complexity...
2026-06-17 23:32:42,516 - linguistic - INFO - Computing trust-aware metrics...
2026-06-17 23:32:42,517 - linguistic - INFO - Analysing content bias...
2026-06-17 23:32:42,521 - linguistic - INFO - Detecting linguistic flags...
2026-06-17 23:32:42,525 - linguistic - INFO - ==================================================
2026-06-17 23:32:42,525 - linguistic - INFO - LINGUISTIC AUDIT COMPLETE
2026-06-17 23:32:42,525 - linguistic - INFO -   Tokenisers analyzed: 3
2026-06-17 23:32:42,525 - linguistic - INFO -   Problematic tokenisers: 8
2026-06-17 23:32:42,525 - linguistic - INFO -   Critical flags: 9
2026-06-17 23:32:42,525 - linguistic - INFO - ==================================================
2026-06-17 23:32:43,397 - linguistic - INFO - ==================================================
2026-06-17 23:32:43,397 - linguistic - INFO - STARTING LINGUISTIC BIAS AUDIT
2026-06-17 23:32:43,397 - linguistic - INFO - ==================================================
2026-06-17 23:32:43,397 - linguistic - INFO - Analysing tokeniser performance...
2026-06-17 23:32:43,398 - linguistic - INFO - Analysing subword piecing...
2026-06-17 23:32:43,399 - linguistic - INFO - Analysing structural complexity...
2026-06-17 23:32:43,401 - linguistic - INFO - Computing trust-aware metrics...
2026-06-17 23:32:43,401 - linguistic - INFO - Analysing content bias...
2026-06-17 23:32:43,403 - linguistic - INFO - Detecting linguistic flags...
2026-06-17 23:32:43,405 - linguistic - INFO - ==================================================
2026-06-17 23:32:43,405 - linguistic - INFO - LINGUISTIC AUDIT COMPLETE
2026-06-17 23:32:43,405 - linguistic - INFO -   Tokenisers analyzed: 3
2026-06-17 23:32:43,405 - linguistic - INFO -   Problematic tokenisers: 8
2026-06-17 23:32:43,405 - linguistic - INFO -   Critical flags: 9
2026-06-17 23:32:43,405 - linguistic - INFO - ==================================================
2026-06-17 23:32:44,191 - linguistic - INFO - ==================================================
2026-06-17 23:32:44,191 - linguistic - INFO - STARTING LINGUISTIC BIAS AUDIT
2026-06-17 23:32:44,191 - linguistic - INFO - ==================================================
2026-06-17 23:32:44,191 - linguistic - INFO - Analysing tokeniser performance...
2026-06-17 23:32:44,192 - linguistic - INFO - Analysing subword piecing...
2026-06-17 23:32:44,192 - linguistic - INFO - Analysing structural complexity...
2026-06-17 23:32:44,194 - linguistic - INFO - Computing trust-aware metrics...
2026-06-17 23:32:44,194 - linguistic - INFO - Analysing content bias...
2026-06-17 23:32:44,196 - linguistic - INFO - Detecting linguistic flags...
2026-06-17 23:32:44,197 - linguistic - INFO - ==================================================
2026-06-17 23:32:44,197 - linguistic - INFO - LINGUISTIC AUDIT COMPLETE
2026-06-17 23:32:44,197 - linguistic - INFO -   Tokenisers analyzed: 3
2026-06-17 23:32:44,197 - linguistic - INFO -   Problematic tokenisers: 8
2026-06-17 23:32:44,197 - linguistic - INFO -   Critical flags: 9
2026-06-17 23:32:44,197 - linguistic - INFO - ==================================================
2026-06-17 23:32:46,044 - linguistic - INFO - ==================================================
2026-06-17 23:32:46,044 - linguistic - INFO - STARTING LINGUISTIC BIAS AUDIT
2026-06-17 23:32:46,044 - linguistic - INFO - ==================================================
2026-06-17 23:32:46,044 - linguistic - INFO - Analysing tokeniser performance...
2026-06-17 23:32:46,045 - linguistic - INFO - Analysing subword piecing...
2026-06-17 23:32:46,045 - linguistic - INFO - Analysing structural complexity...
2026-06-17 23:32:46,046 - linguistic - INFO - Computing trust-aware metrics...
2026-06-17 23:32:46,047 - linguistic - INFO - Analysing content bias...
2026-06-17 23:32:46,048 - linguistic - INFO - Detecting linguistic flags...
2026-06-17 23:32:46,049 - linguistic - INFO - ==================================================
2026-06-17 23:32:46,049 - linguistic - INFO - LINGUISTIC AUDIT COMPLETE
2026-06-17 23:32:46,049 - linguistic - INFO -   Tokenisers analyzed: 3
2026-06-17 23:32:46,049 - linguistic - INFO -   Problematic tokenisers: 6
2026-06-17 23:32:46,049 - linguistic - INFO -   Critical flags: 4
2026-06-17 23:32:46,049 - linguistic - INFO - ==================================================
