2026-06-21 11:54:28,653 - linguistic - INFO - ==================================================
2026-06-21 11:54:28,654 - linguistic - INFO - STARTING LINGUISTIC BIAS AUDIT
2026-06-21 11:54:28,654 - linguistic - INFO - ==================================================
2026-06-21 11:54:28,654 - linguistic - INFO - Analysing tokeniser performance...
2026-06-21 11:54:28,655 - linguistic - INFO - Analysing subword piecing...
2026-06-21 11:54:28,657 - linguistic - INFO - Analysing structural complexity...
2026-06-21 11:54:28,663 - linguistic - INFO - Computing trust-aware metrics...
2026-06-21 11:54:28,664 - linguistic - INFO - Analysing content bias...
2026-06-21 11:54:28,670 - linguistic - INFO - Detecting linguistic flags...
2026-06-21 11:54:28,681 - linguistic - INFO - ==================================================
2026-06-21 11:54:28,681 - linguistic - INFO - LINGUISTIC AUDIT COMPLETE
2026-06-21 11:54:28,681 - linguistic - INFO -   Tokenisers analyzed: 3
2026-06-21 11:54:28,682 - linguistic - INFO -   Problematic tokenisers: 8
2026-06-21 11:54:28,682 - linguistic - INFO -   Critical flags: 9
2026-06-21 11:54:28,682 - linguistic - INFO - ==================================================
2026-06-21 11:59:20,888 - linguistic - INFO - ==================================================
2026-06-21 11:59:20,889 - linguistic - INFO - STARTING LINGUISTIC BIAS AUDIT
2026-06-21 11:59:20,889 - linguistic - INFO - ==================================================
2026-06-21 11:59:20,889 - linguistic - INFO - Analysing tokeniser performance...
2026-06-21 11:59:20,891 - linguistic - INFO - Analysing subword piecing...
2026-06-21 11:59:20,893 - linguistic - INFO - Analysing structural complexity...
2026-06-21 11:59:20,906 - linguistic - INFO - Computing trust-aware metrics...
2026-06-21 11:59:20,907 - linguistic - INFO - Analysing content bias...
2026-06-21 11:59:20,926 - linguistic - INFO - Detecting linguistic flags...
2026-06-21 11:59:20,953 - linguistic - INFO - ==================================================
2026-06-21 11:59:20,953 - linguistic - INFO - LINGUISTIC AUDIT COMPLETE
2026-06-21 11:59:20,953 - linguistic - INFO -   Tokenisers analyzed: 3
2026-06-21 11:59:20,953 - linguistic - INFO -   Problematic tokenisers: 8
2026-06-21 11:59:20,953 - linguistic - INFO -   Critical flags: 9
2026-06-21 11:59:20,953 - linguistic - INFO - ==================================================
2026-06-21 12:01:51,425 - linguistic - INFO - ==================================================
2026-06-21 12:01:51,425 - linguistic - INFO - STARTING LINGUISTIC BIAS AUDIT
2026-06-21 12:01:51,426 - linguistic - INFO - ==================================================
2026-06-21 12:01:51,426 - linguistic - INFO - Analysing tokeniser performance...
2026-06-21 12:01:51,426 - linguistic - INFO - Analysing subword piecing...
2026-06-21 12:01:51,427 - linguistic - INFO - Analysing structural complexity...
2026-06-21 12:01:51,429 - linguistic - INFO - Computing trust-aware metrics...
2026-06-21 12:01:51,430 - linguistic - INFO - Analysing content bias...
2026-06-21 12:01:51,432 - linguistic - INFO - Detecting linguistic flags...
2026-06-21 12:01:51,440 - linguistic - INFO - ==================================================
2026-06-21 12:01:51,440 - linguistic - INFO - LINGUISTIC AUDIT COMPLETE
2026-06-21 12:01:51,440 - linguistic - INFO -   Tokenisers analyzed: 3
2026-06-21 12:01:51,440 - linguistic - INFO -   Problematic tokenisers: 8
2026-06-21 12:01:51,440 - linguistic - INFO -   Critical flags: 9
2026-06-21 12:01:51,440 - linguistic - INFO - ==================================================
2026-06-21 12:23:40,864 - linguistic - INFO - ==================================================
2026-06-21 12:23:40,864 - linguistic - INFO - STARTING LINGUISTIC BIAS AUDIT
2026-06-21 12:23:40,864 - linguistic - INFO - ==================================================
2026-06-21 12:23:40,864 - linguistic - INFO - Analysing tokeniser performance...
2026-06-21 12:23:40,864 - linguistic - INFO - Analysing subword piecing...
2026-06-21 12:23:40,865 - linguistic - INFO - Analysing structural complexity...
2026-06-21 12:23:40,867 - linguistic - INFO - Computing trust-aware metrics...
2026-06-21 12:23:40,868 - linguistic - INFO - Analysing content bias...
2026-06-21 12:23:40,870 - linguistic - INFO - Detecting linguistic flags...
2026-06-21 12:23:40,876 - linguistic - INFO - ==================================================
2026-06-21 12:23:40,876 - linguistic - INFO - LINGUISTIC AUDIT COMPLETE
2026-06-21 12:23:40,876 - linguistic - INFO -   Tokenisers analyzed: 3
2026-06-21 12:23:40,876 - linguistic - INFO -   Problematic tokenisers: 8
2026-06-21 12:23:40,876 - linguistic - INFO -   Critical flags: 9
2026-06-21 12:23:40,876 - linguistic - INFO - ==================================================
2026-06-21 12:25:39,473 - linguistic - INFO - ==================================================
2026-06-21 12:25:39,473 - linguistic - INFO - STARTING LINGUISTIC BIAS AUDIT
2026-06-21 12:25:39,473 - linguistic - INFO - ==================================================
2026-06-21 12:25:39,473 - linguistic - INFO - Analysing tokeniser performance...
2026-06-21 12:25:39,474 - linguistic - INFO - Analysing subword piecing...
2026-06-21 12:25:39,475 - linguistic - INFO - Analysing structural complexity...
2026-06-21 12:25:39,477 - linguistic - INFO - Computing trust-aware metrics...
2026-06-21 12:25:39,477 - linguistic - INFO - Analysing content bias...
2026-06-21 12:25:39,479 - linguistic - INFO - Detecting linguistic flags...
2026-06-21 12:25:39,490 - linguistic - INFO - ==================================================
2026-06-21 12:25:39,490 - linguistic - INFO - LINGUISTIC AUDIT COMPLETE
2026-06-21 12:25:39,490 - linguistic - INFO -   Tokenisers analyzed: 3
2026-06-21 12:25:39,490 - linguistic - INFO -   Problematic tokenisers: 8
2026-06-21 12:25:39,491 - linguistic - INFO -   Critical flags: 9
2026-06-21 12:25:39,491 - linguistic - INFO - ==================================================
2026-06-21 13:34:00,344 - linguistic - INFO - ==================================================
2026-06-21 13:34:00,345 - linguistic - INFO - STARTING LINGUISTIC BIAS AUDIT
2026-06-21 13:34:00,345 - linguistic - INFO - ==================================================
2026-06-21 13:34:00,345 - linguistic - INFO - Analysing tokeniser performance...
2026-06-21 13:34:00,347 - linguistic - INFO - Analysing subword piecing...
2026-06-21 13:34:00,349 - linguistic - INFO - Analysing structural complexity...
2026-06-21 13:34:00,355 - linguistic - INFO - Computing trust-aware metrics...
2026-06-21 13:34:00,356 - linguistic - INFO - Analysing content bias...
2026-06-21 13:34:00,360 - linguistic - INFO - Detecting linguistic flags...
2026-06-21 13:34:00,371 - linguistic - INFO - ==================================================
2026-06-21 13:34:00,371 - linguistic - INFO - LINGUISTIC AUDIT COMPLETE
2026-06-21 13:34:00,371 - linguistic - INFO -   Tokenisers analyzed: 3
2026-06-21 13:34:00,371 - linguistic - INFO -   Problematic tokenisers: 8
2026-06-21 13:34:00,371 - linguistic - INFO -   Critical flags: 9
2026-06-21 13:34:00,371 - linguistic - INFO - ==================================================
2026-06-21 14:31:21,416 - linguistic - INFO - ==================================================
2026-06-21 14:31:21,416 - linguistic - INFO - STARTING LINGUISTIC BIAS AUDIT
2026-06-21 14:31:21,416 - linguistic - INFO - ==================================================
2026-06-21 14:31:21,416 - linguistic - INFO - Analysing tokeniser performance...
2026-06-21 14:31:21,417 - linguistic - INFO - Analysing subword piecing...
2026-06-21 14:31:21,417 - linguistic - INFO - Analysing structural complexity...
2026-06-21 14:31:21,418 - linguistic - INFO - Computing trust-aware metrics...
2026-06-21 14:31:21,419 - linguistic - INFO - Analysing content bias...
2026-06-21 14:31:21,421 - linguistic - INFO - Detecting linguistic flags...
2026-06-21 14:31:21,429 - linguistic - INFO - ==================================================
2026-06-21 14:31:21,429 - linguistic - INFO - LINGUISTIC AUDIT COMPLETE
2026-06-21 14:31:21,430 - linguistic - INFO -   Tokenisers analyzed: 3
2026-06-21 14:31:21,430 - linguistic - INFO -   Problematic tokenisers: 8
2026-06-21 14:31:21,430 - linguistic - INFO -   Critical flags: 9
2026-06-21 14:31:21,430 - linguistic - INFO - ==================================================
2026-06-21 14:41:23,899 - linguistic - INFO - ==================================================
2026-06-21 14:41:23,899 - linguistic - INFO - STARTING LINGUISTIC BIAS AUDIT
2026-06-21 14:41:23,899 - linguistic - INFO - ==================================================
2026-06-21 14:41:23,899 - linguistic - INFO - Analysing tokeniser performance...
2026-06-21 14:41:23,900 - linguistic - INFO - Analysing subword piecing...
2026-06-21 14:41:23,900 - linguistic - INFO - Analysing structural complexity...
2026-06-21 14:41:23,901 - linguistic - INFO - Computing trust-aware metrics...
2026-06-21 14:41:23,901 - linguistic - INFO - Analysing content bias...
2026-06-21 14:41:23,902 - linguistic - INFO - Detecting linguistic flags...
2026-06-21 14:41:23,906 - linguistic - INFO - ==================================================
2026-06-21 14:41:23,906 - linguistic - INFO - LINGUISTIC AUDIT COMPLETE
2026-06-21 14:41:23,906 - linguistic - INFO -   Tokenisers analyzed: 3
2026-06-21 14:41:23,906 - linguistic - INFO -   Problematic tokenisers: 8
2026-06-21 14:41:23,906 - linguistic - INFO -   Critical flags: 9
2026-06-21 14:41:23,906 - linguistic - INFO - ==================================================
2026-06-21 14:57:02,722 - linguistic - INFO - ==================================================
2026-06-21 14:57:02,722 - linguistic - INFO - STARTING LINGUISTIC BIAS AUDIT
2026-06-21 14:57:02,722 - linguistic - INFO - ==================================================
2026-06-21 14:57:02,722 - linguistic - INFO - Analysing tokeniser performance...
2026-06-21 14:57:02,722 - linguistic - INFO - Analysing subword piecing...
2026-06-21 14:57:02,723 - linguistic - INFO - Analysing structural complexity...
2026-06-21 14:57:02,724 - linguistic - INFO - Computing trust-aware metrics...
2026-06-21 14:57:02,724 - linguistic - INFO - Analysing content bias...
2026-06-21 14:57:02,725 - linguistic - INFO - Detecting linguistic flags...
2026-06-21 14:57:02,729 - linguistic - INFO - ==================================================
2026-06-21 14:57:02,729 - linguistic - INFO - LINGUISTIC AUDIT COMPLETE
2026-06-21 14:57:02,729 - linguistic - INFO -   Tokenisers analyzed: 3
2026-06-21 14:57:02,729 - linguistic - INFO -   Problematic tokenisers: 8
2026-06-21 14:57:02,729 - linguistic - INFO -   Critical flags: 9
2026-06-21 14:57:02,729 - linguistic - INFO - ==================================================
2026-06-21 15:01:25,311 - linguistic - INFO - ==================================================
2026-06-21 15:01:25,312 - linguistic - INFO - STARTING LINGUISTIC BIAS AUDIT
2026-06-21 15:01:25,312 - linguistic - INFO - ==================================================
2026-06-21 15:01:25,312 - linguistic - INFO - Analysing tokeniser performance...
2026-06-21 15:01:25,312 - linguistic - INFO - Analysing subword piecing...
2026-06-21 15:01:25,312 - linguistic - INFO - Analysing structural complexity...
2026-06-21 15:01:25,314 - linguistic - INFO - Computing trust-aware metrics...
2026-06-21 15:01:25,316 - linguistic - INFO - Analysing content bias...
2026-06-21 15:01:25,317 - linguistic - INFO - Detecting linguistic flags...
2026-06-21 15:01:25,326 - linguistic - INFO - ==================================================
2026-06-21 15:01:25,326 - linguistic - INFO - LINGUISTIC AUDIT COMPLETE
2026-06-21 15:01:25,326 - linguistic - INFO -   Tokenisers analyzed: 3
2026-06-21 15:01:25,326 - linguistic - INFO -   Problematic tokenisers: 8
2026-06-21 15:01:25,326 - linguistic - INFO -   Critical flags: 9
2026-06-21 15:01:25,326 - linguistic - INFO - ==================================================
2026-06-21 15:02:13,275 - linguistic - INFO - ==================================================
2026-06-21 15:02:13,276 - linguistic - INFO - STARTING LINGUISTIC BIAS AUDIT
2026-06-21 15:02:13,276 - linguistic - INFO - ==================================================
2026-06-21 15:02:13,276 - linguistic - INFO - Analysing tokeniser performance...
2026-06-21 15:02:13,276 - linguistic - INFO - Analysing subword piecing...
2026-06-21 15:02:13,276 - linguistic - INFO - Analysing structural complexity...
2026-06-21 15:02:13,277 - linguistic - INFO - Computing trust-aware metrics...
2026-06-21 15:02:13,278 - linguistic - INFO - Analysing content bias...
2026-06-21 15:02:13,279 - linguistic - INFO - Detecting linguistic flags...
2026-06-21 15:02:13,282 - linguistic - INFO - ==================================================
2026-06-21 15:02:13,282 - linguistic - INFO - LINGUISTIC AUDIT COMPLETE
2026-06-21 15:02:13,282 - linguistic - INFO -   Tokenisers analyzed: 3
2026-06-21 15:02:13,282 - linguistic - INFO -   Problematic tokenisers: 8
2026-06-21 15:02:13,282 - linguistic - INFO -   Critical flags: 9
2026-06-21 15:02:13,282 - linguistic - INFO - ==================================================
2026-06-21 15:04:51,269 - linguistic - INFO - ==================================================
2026-06-21 15:04:51,269 - linguistic - INFO - STARTING LINGUISTIC BIAS AUDIT
2026-06-21 15:04:51,269 - linguistic - INFO - ==================================================
2026-06-21 15:04:51,269 - linguistic - INFO - Analysing tokeniser performance...
2026-06-21 15:04:51,270 - linguistic - INFO - Analysing subword piecing...
2026-06-21 15:04:51,270 - linguistic - INFO - Analysing structural complexity...
2026-06-21 15:04:51,271 - linguistic - INFO - Computing trust-aware metrics...
2026-06-21 15:04:51,272 - linguistic - INFO - Analysing content bias...
2026-06-21 15:04:51,273 - linguistic - INFO - Detecting linguistic flags...
2026-06-21 15:04:51,278 - linguistic - INFO - ==================================================
2026-06-21 15:04:51,278 - linguistic - INFO - LINGUISTIC AUDIT COMPLETE
2026-06-21 15:04:51,278 - linguistic - INFO -   Tokenisers analyzed: 3
2026-06-21 15:04:51,278 - linguistic - INFO -   Problematic tokenisers: 8
2026-06-21 15:04:51,278 - linguistic - INFO -   Critical flags: 9
2026-06-21 15:04:51,278 - linguistic - INFO - ==================================================
2026-06-21 15:10:03,538 - linguistic - INFO - ==================================================
2026-06-21 15:10:03,539 - linguistic - INFO - STARTING LINGUISTIC BIAS AUDIT
2026-06-21 15:10:03,539 - linguistic - INFO - ==================================================
2026-06-21 15:10:03,539 - linguistic - INFO - Analysing tokeniser performance...
2026-06-21 15:10:03,539 - linguistic - INFO - Analysing subword piecing...
2026-06-21 15:10:03,540 - linguistic - INFO - Analysing structural complexity...
2026-06-21 15:10:03,541 - linguistic - INFO - Computing trust-aware metrics...
2026-06-21 15:10:03,541 - linguistic - INFO - Analysing content bias...
2026-06-21 15:10:03,542 - linguistic - INFO - Detecting linguistic flags...
2026-06-21 15:10:03,545 - linguistic - INFO - ==================================================
2026-06-21 15:10:03,545 - linguistic - INFO - LINGUISTIC AUDIT COMPLETE
2026-06-21 15:10:03,545 - linguistic - INFO -   Tokenisers analyzed: 3
2026-06-21 15:10:03,545 - linguistic - INFO -   Problematic tokenisers: 8
2026-06-21 15:10:03,545 - linguistic - INFO -   Critical flags: 9
2026-06-21 15:10:03,545 - linguistic - INFO - ==================================================
2026-06-21 15:12:57,560 - linguistic - INFO - ==================================================
2026-06-21 15:12:57,560 - linguistic - INFO - STARTING LINGUISTIC BIAS AUDIT
2026-06-21 15:12:57,560 - linguistic - INFO - ==================================================
2026-06-21 15:12:57,560 - linguistic - INFO - Analysing tokeniser performance...
2026-06-21 15:12:57,560 - linguistic - INFO - Analysing subword piecing...
2026-06-21 15:12:57,561 - linguistic - INFO - Analysing structural complexity...
2026-06-21 15:12:57,562 - linguistic - INFO - Computing trust-aware metrics...
2026-06-21 15:12:57,562 - linguistic - INFO - Analysing content bias...
2026-06-21 15:12:57,565 - linguistic - INFO - Detecting linguistic flags...
2026-06-21 15:12:57,570 - linguistic - INFO - ==================================================
2026-06-21 15:12:57,570 - linguistic - INFO - LINGUISTIC AUDIT COMPLETE
2026-06-21 15:12:57,570 - linguistic - INFO -   Tokenisers analyzed: 3
2026-06-21 15:12:57,570 - linguistic - INFO -   Problematic tokenisers: 8
2026-06-21 15:12:57,570 - linguistic - INFO -   Critical flags: 9
2026-06-21 15:12:57,570 - linguistic - INFO - ==================================================
2026-06-21 15:23:07,258 - linguistic - INFO - ==================================================
2026-06-21 15:23:07,262 - linguistic - INFO - STARTING LINGUISTIC BIAS AUDIT
2026-06-21 15:23:07,262 - linguistic - INFO - ==================================================
2026-06-21 15:23:07,264 - linguistic - INFO - Analysing tokeniser performance...
2026-06-21 15:23:07,265 - linguistic - INFO - Analysing subword piecing...
2026-06-21 15:23:07,267 - linguistic - INFO - Analysing structural complexity...
2026-06-21 15:23:07,268 - linguistic - INFO - Computing trust-aware metrics...
2026-06-21 15:23:07,272 - linguistic - INFO - Analysing content bias...
2026-06-21 15:23:07,274 - linguistic - INFO - Detecting linguistic flags...
2026-06-21 15:23:07,282 - linguistic - INFO - ==================================================
2026-06-21 15:23:07,282 - linguistic - INFO - LINGUISTIC AUDIT COMPLETE
2026-06-21 15:23:07,282 - linguistic - INFO -   Tokenisers analyzed: 3
2026-06-21 15:23:07,282 - linguistic - INFO -   Problematic tokenisers: 8
2026-06-21 15:23:07,282 - linguistic - INFO -   Critical flags: 9
2026-06-21 15:23:07,282 - linguistic - INFO - ==================================================
2026-06-21 15:27:19,409 - linguistic - INFO - ==================================================
2026-06-21 15:27:19,409 - linguistic - INFO - STARTING LINGUISTIC BIAS AUDIT
2026-06-21 15:27:19,409 - linguistic - INFO - ==================================================
2026-06-21 15:27:19,409 - linguistic - INFO - Analysing tokeniser performance...
2026-06-21 15:27:19,409 - linguistic - INFO - Analysing subword piecing...
2026-06-21 15:27:19,410 - linguistic - INFO - Analysing structural complexity...
2026-06-21 15:27:19,411 - linguistic - INFO - Computing trust-aware metrics...
2026-06-21 15:27:19,411 - linguistic - INFO - Analysing content bias...
2026-06-21 15:27:19,413 - linguistic - INFO - Detecting linguistic flags...
2026-06-21 15:27:19,416 - linguistic - INFO - ==================================================
2026-06-21 15:27:19,416 - linguistic - INFO - LINGUISTIC AUDIT COMPLETE
2026-06-21 15:27:19,416 - linguistic - INFO -   Tokenisers analyzed: 3
2026-06-21 15:27:19,416 - linguistic - INFO -   Problematic tokenisers: 8
2026-06-21 15:27:19,416 - linguistic - INFO -   Critical flags: 9
2026-06-21 15:27:19,417 - linguistic - INFO - ==================================================
2026-06-21 15:31:16,187 - linguistic - INFO - ==================================================
2026-06-21 15:31:16,187 - linguistic - INFO - STARTING LINGUISTIC BIAS AUDIT
2026-06-21 15:31:16,187 - linguistic - INFO - ==================================================
2026-06-21 15:31:16,187 - linguistic - INFO - Analysing tokeniser performance...
2026-06-21 15:31:16,187 - linguistic - INFO - Analysing subword piecing...
2026-06-21 15:31:16,188 - linguistic - INFO - Analysing structural complexity...
2026-06-21 15:31:16,189 - linguistic - INFO - Computing trust-aware metrics...
2026-06-21 15:31:16,189 - linguistic - INFO - Analysing content bias...
2026-06-21 15:31:16,192 - linguistic - INFO - Detecting linguistic flags...
2026-06-21 15:31:16,202 - linguistic - INFO - ==================================================
2026-06-21 15:31:16,202 - linguistic - INFO - LINGUISTIC AUDIT COMPLETE
2026-06-21 15:31:16,202 - linguistic - INFO -   Tokenisers analyzed: 3
2026-06-21 15:31:16,202 - linguistic - INFO -   Problematic tokenisers: 8
2026-06-21 15:31:16,202 - linguistic - INFO -   Critical flags: 9
2026-06-21 15:31:16,202 - linguistic - INFO - ==================================================
2026-06-21 15:35:58,335 - linguistic - INFO - ==================================================
2026-06-21 15:35:58,335 - linguistic - INFO - STARTING LINGUISTIC BIAS AUDIT
2026-06-21 15:35:58,335 - linguistic - INFO - ==================================================
2026-06-21 15:35:58,335 - linguistic - INFO - Analysing tokeniser performance...
2026-06-21 15:35:58,335 - linguistic - INFO - Analysing subword piecing...
2026-06-21 15:35:58,336 - linguistic - INFO - Analysing structural complexity...
2026-06-21 15:35:58,337 - linguistic - INFO - Computing trust-aware metrics...
2026-06-21 15:35:58,337 - linguistic - INFO - Analysing content bias...
2026-06-21 15:35:58,338 - linguistic - INFO - Detecting linguistic flags...
2026-06-21 15:35:58,343 - linguistic - INFO - ==================================================
2026-06-21 15:35:58,343 - linguistic - INFO - LINGUISTIC AUDIT COMPLETE
2026-06-21 15:35:58,343 - linguistic - INFO -   Tokenisers analyzed: 3
2026-06-21 15:35:58,343 - linguistic - INFO -   Problematic tokenisers: 8
2026-06-21 15:35:58,343 - linguistic - INFO -   Critical flags: 9
2026-06-21 15:35:58,343 - linguistic - INFO - ==================================================
2026-06-21 15:40:11,487 - linguistic - INFO - ==================================================
2026-06-21 15:40:11,487 - linguistic - INFO - STARTING LINGUISTIC BIAS AUDIT
2026-06-21 15:40:11,487 - linguistic - INFO - ==================================================
2026-06-21 15:40:11,487 - linguistic - INFO - Analysing tokeniser performance...
2026-06-21 15:40:11,487 - linguistic - INFO - Analysing subword piecing...
2026-06-21 15:40:11,488 - linguistic - INFO - Analysing structural complexity...
2026-06-21 15:40:11,489 - linguistic - INFO - Computing trust-aware metrics...
2026-06-21 15:40:11,489 - linguistic - INFO - Analysing content bias...
2026-06-21 15:40:11,490 - linguistic - INFO - Detecting linguistic flags...
2026-06-21 15:40:11,495 - linguistic - INFO - ==================================================
2026-06-21 15:40:11,495 - linguistic - INFO - LINGUISTIC AUDIT COMPLETE
2026-06-21 15:40:11,495 - linguistic - INFO -   Tokenisers analyzed: 3
2026-06-21 15:40:11,495 - linguistic - INFO -   Problematic tokenisers: 8
2026-06-21 15:40:11,495 - linguistic - INFO -   Critical flags: 9
2026-06-21 15:40:11,495 - linguistic - INFO - ==================================================
2026-06-21 15:46:09,395 - linguistic - INFO - ==================================================
2026-06-21 15:46:09,396 - linguistic - INFO - STARTING LINGUISTIC BIAS AUDIT
2026-06-21 15:46:09,396 - linguistic - INFO - ==================================================
2026-06-21 15:46:09,396 - linguistic - INFO - Analysing tokeniser performance...
2026-06-21 15:46:09,396 - linguistic - INFO - Analysing subword piecing...
2026-06-21 15:46:09,397 - linguistic - INFO - Analysing structural complexity...
2026-06-21 15:46:09,400 - linguistic - INFO - Computing trust-aware metrics...
2026-06-21 15:46:09,400 - linguistic - INFO - Analysing content bias...
2026-06-21 15:46:09,402 - linguistic - INFO - Detecting linguistic flags...
2026-06-21 15:46:09,408 - linguistic - INFO - ==================================================
2026-06-21 15:46:09,408 - linguistic - INFO - LINGUISTIC AUDIT COMPLETE
2026-06-21 15:46:09,408 - linguistic - INFO -   Tokenisers analyzed: 3
2026-06-21 15:46:09,408 - linguistic - INFO -   Problematic tokenisers: 8
2026-06-21 15:46:09,408 - linguistic - INFO -   Critical flags: 9
2026-06-21 15:46:09,408 - linguistic - INFO - ==================================================
2026-06-21 16:39:53,663 - linguistic - INFO - ==================================================
2026-06-21 16:39:53,664 - linguistic - INFO - STARTING LINGUISTIC BIAS AUDIT
2026-06-21 16:39:53,664 - linguistic - INFO - ==================================================
2026-06-21 16:39:53,664 - linguistic - INFO - Analysing tokeniser performance...
2026-06-21 16:39:53,664 - linguistic - INFO - Analysing subword piecing...
2026-06-21 16:39:53,665 - linguistic - INFO - Analysing structural complexity...
2026-06-21 16:39:53,666 - linguistic - INFO - Computing trust-aware metrics...
2026-06-21 16:39:53,671 - linguistic - INFO - Analysing content bias...
2026-06-21 16:39:53,673 - linguistic - INFO - Detecting linguistic flags...
2026-06-21 16:39:53,686 - linguistic - INFO - ==================================================
2026-06-21 16:39:53,686 - linguistic - INFO - LINGUISTIC AUDIT COMPLETE
2026-06-21 16:39:53,686 - linguistic - INFO -   Tokenisers analyzed: 3
2026-06-21 16:39:53,686 - linguistic - INFO -   Problematic tokenisers: 8
2026-06-21 16:39:53,686 - linguistic - INFO -   Critical flags: 9
2026-06-21 16:39:53,686 - linguistic - INFO - ==================================================
2026-06-21 16:50:49,871 - linguistic - INFO - ==================================================
2026-06-21 16:50:49,871 - linguistic - INFO - STARTING LINGUISTIC BIAS AUDIT
2026-06-21 16:50:49,871 - linguistic - INFO - ==================================================
2026-06-21 16:50:49,871 - linguistic - INFO - Analysing tokeniser performance...
2026-06-21 16:50:49,872 - linguistic - INFO - Analysing subword piecing...
2026-06-21 16:50:49,872 - linguistic - INFO - Analysing structural complexity...
2026-06-21 16:50:49,874 - linguistic - INFO - Computing trust-aware metrics...
2026-06-21 16:50:49,874 - linguistic - INFO - Analysing content bias...
2026-06-21 16:50:49,875 - linguistic - INFO - Detecting linguistic flags...
2026-06-21 16:50:49,901 - linguistic - INFO - ==================================================
2026-06-21 16:50:49,902 - linguistic - INFO - LINGUISTIC AUDIT COMPLETE
2026-06-21 16:50:49,902 - linguistic - INFO -   Tokenisers analyzed: 3
2026-06-21 16:50:49,902 - linguistic - INFO -   Problematic tokenisers: 8
2026-06-21 16:50:49,902 - linguistic - INFO -   Critical flags: 9
2026-06-21 16:50:49,902 - linguistic - INFO - ==================================================
2026-06-21 16:58:57,975 - linguistic - INFO - ==================================================
2026-06-21 16:58:57,975 - linguistic - INFO - STARTING LINGUISTIC BIAS AUDIT
2026-06-21 16:58:57,975 - linguistic - INFO - ==================================================
2026-06-21 16:58:57,975 - linguistic - INFO - Analysing tokeniser performance...
2026-06-21 16:58:57,976 - linguistic - INFO - Analysing subword piecing...
2026-06-21 16:58:57,976 - linguistic - INFO - Analysing structural complexity...
2026-06-21 16:58:57,977 - linguistic - INFO - Computing trust-aware metrics...
2026-06-21 16:58:57,978 - linguistic - INFO - Analysing content bias...
2026-06-21 16:58:57,979 - linguistic - INFO - Detecting linguistic flags...
2026-06-21 16:58:57,983 - linguistic - INFO - ==================================================
2026-06-21 16:58:57,983 - linguistic - INFO - LINGUISTIC AUDIT COMPLETE
2026-06-21 16:58:57,983 - linguistic - INFO -   Tokenisers analyzed: 3
2026-06-21 16:58:57,983 - linguistic - INFO -   Problematic tokenisers: 8
2026-06-21 16:58:57,984 - linguistic - INFO -   Critical flags: 9
2026-06-21 16:58:57,984 - linguistic - INFO - ==================================================
2026-06-21 17:08:03,806 - linguistic - INFO - ==================================================
2026-06-21 17:08:03,806 - linguistic - INFO - STARTING LINGUISTIC BIAS AUDIT
2026-06-21 17:08:03,806 - linguistic - INFO - ==================================================
2026-06-21 17:08:03,806 - linguistic - INFO - Analysing tokeniser performance...
2026-06-21 17:08:03,806 - linguistic - INFO - Analysing subword piecing...
2026-06-21 17:08:03,807 - linguistic - INFO - Analysing structural complexity...
2026-06-21 17:08:03,809 - linguistic - INFO - Computing trust-aware metrics...
2026-06-21 17:08:03,809 - linguistic - INFO - Analysing content bias...
2026-06-21 17:08:03,811 - linguistic - INFO - Detecting linguistic flags...
2026-06-21 17:08:03,821 - linguistic - INFO - ==================================================
2026-06-21 17:08:03,821 - linguistic - INFO - LINGUISTIC AUDIT COMPLETE
2026-06-21 17:08:03,821 - linguistic - INFO -   Tokenisers analyzed: 3
2026-06-21 17:08:03,821 - linguistic - INFO -   Problematic tokenisers: 8
2026-06-21 17:08:03,821 - linguistic - INFO -   Critical flags: 9
2026-06-21 17:08:03,821 - linguistic - INFO - ==================================================
2026-06-21 17:52:58,450 - linguistic - INFO - ==================================================
2026-06-21 17:52:58,450 - linguistic - INFO - STARTING LINGUISTIC BIAS AUDIT
2026-06-21 17:52:58,451 - linguistic - INFO - ==================================================
2026-06-21 17:52:58,451 - linguistic - INFO - Analysing tokeniser performance...
2026-06-21 17:52:58,451 - linguistic - INFO - Analysing subword piecing...
2026-06-21 17:52:58,452 - linguistic - INFO - Analysing structural complexity...
2026-06-21 17:52:58,454 - linguistic - INFO - Computing trust-aware metrics...
2026-06-21 17:52:58,458 - linguistic - INFO - Analysing content bias...
2026-06-21 17:52:58,460 - linguistic - INFO - Detecting linguistic flags...
2026-06-21 17:52:58,473 - linguistic - INFO - ==================================================
2026-06-21 17:52:58,473 - linguistic - INFO - LINGUISTIC AUDIT COMPLETE
2026-06-21 17:52:58,473 - linguistic - INFO -   Tokenisers analyzed: 3
2026-06-21 17:52:58,473 - linguistic - INFO -   Problematic tokenisers: 8
2026-06-21 17:52:58,473 - linguistic - INFO -   Critical flags: 9
2026-06-21 17:52:58,473 - linguistic - INFO - ==================================================
2026-06-21 17:57:32,081 - linguistic - INFO - ==================================================
2026-06-21 17:57:32,081 - linguistic - INFO - STARTING LINGUISTIC BIAS AUDIT
2026-06-21 17:57:32,082 - linguistic - INFO - ==================================================
2026-06-21 17:57:32,082 - linguistic - INFO - Analysing tokeniser performance...
2026-06-21 17:57:32,083 - linguistic - INFO - Analysing subword piecing...
2026-06-21 17:57:32,084 - linguistic - INFO - Analysing structural complexity...
2026-06-21 17:57:32,087 - linguistic - INFO - Computing trust-aware metrics...
2026-06-21 17:57:32,087 - linguistic - INFO - Analysing content bias...
2026-06-21 17:57:32,090 - linguistic - INFO - Detecting linguistic flags...
2026-06-21 17:57:32,094 - linguistic - INFO - ==================================================
2026-06-21 17:57:32,094 - linguistic - INFO - LINGUISTIC AUDIT COMPLETE
2026-06-21 17:57:32,094 - linguistic - INFO -   Tokenisers analyzed: 3
2026-06-21 17:57:32,094 - linguistic - INFO -   Problematic tokenisers: 8
2026-06-21 17:57:32,094 - linguistic - INFO -   Critical flags: 9
2026-06-21 17:57:32,094 - linguistic - INFO - ==================================================
2026-06-21 17:59:54,100 - linguistic - INFO - ==================================================
2026-06-21 17:59:54,100 - linguistic - INFO - STARTING LINGUISTIC BIAS AUDIT
2026-06-21 17:59:54,101 - linguistic - INFO - ==================================================
2026-06-21 17:59:54,101 - linguistic - INFO - Analysing tokeniser performance...
2026-06-21 17:59:54,101 - linguistic - INFO - Analysing subword piecing...
2026-06-21 17:59:54,102 - linguistic - INFO - Analysing structural complexity...
2026-06-21 17:59:54,104 - linguistic - INFO - Computing trust-aware metrics...
2026-06-21 17:59:54,104 - linguistic - INFO - Analysing content bias...
2026-06-21 17:59:54,107 - linguistic - INFO - Detecting linguistic flags...
2026-06-21 17:59:54,112 - linguistic - INFO - ==================================================
2026-06-21 17:59:54,113 - linguistic - INFO - LINGUISTIC AUDIT COMPLETE
2026-06-21 17:59:54,113 - linguistic - INFO -   Tokenisers analyzed: 3
2026-06-21 17:59:54,113 - linguistic - INFO -   Problematic tokenisers: 8
2026-06-21 17:59:54,113 - linguistic - INFO -   Critical flags: 9
2026-06-21 17:59:54,113 - linguistic - INFO - ==================================================
2026-06-21 18:06:33,658 - linguistic - INFO - ==================================================
2026-06-21 18:06:33,658 - linguistic - INFO - STARTING LINGUISTIC BIAS AUDIT
2026-06-21 18:06:33,659 - linguistic - INFO - ==================================================
2026-06-21 18:06:33,659 - linguistic - INFO - Analysing tokeniser performance...
2026-06-21 18:06:33,659 - linguistic - INFO - Analysing subword piecing...
2026-06-21 18:06:33,660 - linguistic - INFO - Analysing structural complexity...
2026-06-21 18:06:33,662 - linguistic - INFO - Computing trust-aware metrics...
2026-06-21 18:06:33,662 - linguistic - INFO - Analysing content bias...
2026-06-21 18:06:33,665 - linguistic - INFO - Detecting linguistic flags...
2026-06-21 18:06:33,672 - linguistic - INFO - ==================================================
2026-06-21 18:06:33,672 - linguistic - INFO - LINGUISTIC AUDIT COMPLETE
2026-06-21 18:06:33,672 - linguistic - INFO -   Tokenisers analyzed: 3
2026-06-21 18:06:33,672 - linguistic - INFO -   Problematic tokenisers: 8
2026-06-21 18:06:33,672 - linguistic - INFO -   Critical flags: 9
2026-06-21 18:06:33,672 - linguistic - INFO - ==================================================
2026-06-21 18:15:39,759 - linguistic - INFO - ==================================================
2026-06-21 18:15:39,760 - linguistic - INFO - STARTING LINGUISTIC BIAS AUDIT
2026-06-21 18:15:39,760 - linguistic - INFO - ==================================================
2026-06-21 18:15:39,760 - linguistic - INFO - Analysing tokeniser performance...
2026-06-21 18:15:39,760 - linguistic - INFO - Analysing subword piecing...
2026-06-21 18:15:39,761 - linguistic - INFO - Analysing structural complexity...
2026-06-21 18:15:39,763 - linguistic - INFO - Computing trust-aware metrics...
2026-06-21 18:15:39,763 - linguistic - INFO - Analysing content bias...
2026-06-21 18:15:39,765 - linguistic - INFO - Detecting linguistic flags...
2026-06-21 18:15:39,775 - linguistic - INFO - ==================================================
2026-06-21 18:15:39,775 - linguistic - INFO - LINGUISTIC AUDIT COMPLETE
2026-06-21 18:15:39,775 - linguistic - INFO -   Tokenisers analyzed: 3
2026-06-21 18:15:39,775 - linguistic - INFO -   Problematic tokenisers: 8
2026-06-21 18:15:39,775 - linguistic - INFO -   Critical flags: 9
2026-06-21 18:15:39,775 - linguistic - INFO - ==================================================
2026-06-21 18:21:04,018 - linguistic - INFO - ==================================================
2026-06-21 18:21:04,018 - linguistic - INFO - STARTING LINGUISTIC BIAS AUDIT
2026-06-21 18:21:04,018 - linguistic - INFO - ==================================================
2026-06-21 18:21:04,018 - linguistic - INFO - Analysing tokeniser performance...
2026-06-21 18:21:04,019 - linguistic - INFO - Analysing subword piecing...
2026-06-21 18:21:04,020 - linguistic - INFO - Analysing structural complexity...
2026-06-21 18:21:04,022 - linguistic - INFO - Computing trust-aware metrics...
2026-06-21 18:21:04,023 - linguistic - INFO - Analysing content bias...
2026-06-21 18:21:04,025 - linguistic - INFO - Detecting linguistic flags...
2026-06-21 18:21:04,033 - linguistic - INFO - ==================================================
2026-06-21 18:21:04,033 - linguistic - INFO - LINGUISTIC AUDIT COMPLETE
2026-06-21 18:21:04,034 - linguistic - INFO -   Tokenisers analyzed: 3
2026-06-21 18:21:04,034 - linguistic - INFO -   Problematic tokenisers: 8
2026-06-21 18:21:04,034 - linguistic - INFO -   Critical flags: 9
2026-06-21 18:21:04,034 - linguistic - INFO - ==================================================
