2026-06-06 14:22:57,267 - model - INFO - Running model audit with embeddings
2026-06-06 14:31:52,852 - model - INFO - Model audit complete: {'embeddings_shape': (14431, 384), 'languages_analyzed': ['Runyankore', 'Luganda', 'English', 'Swahili'], 'optimal_clusters': 2, 'separation_ratio': 1.1608874, 'translation_consistency': {'Swahili': 0.50453424, 'Luganda': 0.5272661, 'Runyankore': 0.5402572}, 'bias_flags_count': 0}
2026-06-06 14:48:01,016 - model - INFO - Running model audit with embeddings
2026-06-06 14:53:32,664 - model - INFO - Model audit complete: {'embeddings_shape': (14431, 384), 'languages_analyzed': ['Swahili', 'English', 'Luganda', 'Runyankore'], 'optimal_clusters': 2, 'separation_ratio': 1.1608874, 'translation_consistency': {'Swahili': 0.50453424, 'Luganda': 0.5272661, 'Runyankore': 0.5402572}, 'bias_flags_count': 0}
2026-06-06 16:36:17,907 - model - INFO - Running model audit with embeddings
2026-06-06 16:47:03,502 - model - INFO - Model audit complete: {'embeddings_shape': (14431, 384), 'languages_analyzed': ['Swahili', 'English', 'Luganda', 'Runyankore'], 'optimal_clusters': 2, 'separation_ratio': 1.1608874, 'translation_consistency': {'Swahili': 0.50453424, 'Luganda': 0.5272661, 'Runyankore': 0.5402572}, 'bias_flags_count': 0}
2026-06-06 17:02:10,115 - model - INFO - Running model audit with embeddings
2026-06-06 17:11:04,950 - model - INFO - Model audit complete: {'embeddings_shape': (14431, 384), 'languages_analyzed': ['Swahili', 'Luganda', 'Runyankore', 'English'], 'optimal_clusters': 2, 'separation_ratio': 1.1608874, 'translation_consistency': {'Swahili': 0.50453424, 'Luganda': 0.5272661, 'Runyankore': 0.5402572}, 'bias_flags_count': 0}
2026-06-06 17:23:00,325 - model - INFO - Running model audit with embeddings
2026-06-06 17:32:13,705 - model - INFO - Model audit complete: {'embeddings_shape': (14431, 384), 'languages_analyzed': ['Swahili', 'Runyankore', 'Luganda', 'English'], 'optimal_clusters': 2, 'separation_ratio': 1.1608874, 'translation_consistency': {'Swahili': 0.50453424, 'Luganda': 0.5272661, 'Runyankore': 0.5402572}, 'bias_flags_count': 0}
2026-06-06 17:38:58,099 - model - INFO - Running model audit with embeddings
2026-06-06 17:47:45,608 - model - INFO - Model audit complete: {'embeddings_shape': (14431, 384), 'languages_analyzed': ['Runyankore', 'English', 'Luganda', 'Swahili'], 'optimal_clusters': 2, 'separation_ratio': 1.1608874, 'translation_consistency': {'Swahili': 0.50453424, 'Luganda': 0.5272661, 'Runyankore': 0.5402572}, 'bias_flags_count': 0}
2026-06-06 20:03:55,421 - model - INFO - Running model audit with embeddings
2026-06-06 20:13:33,604 - model - INFO - Model audit complete: {'embeddings_shape': (14431, 384), 'languages_analyzed': ['Luganda', 'English', 'Runyankore', 'Swahili'], 'optimal_clusters': 2, 'separation_ratio': 1.1608874, 'translation_consistency': {'Swahili': 0.50453424, 'Luganda': 0.5272661, 'Runyankore': 0.5402572}, 'bias_flags_count': 0}
2026-06-06 20:20:52,230 - model - INFO - Running model audit with embeddings
2026-06-06 20:30:11,324 - model - INFO - Model audit complete: {'embeddings_shape': (14431, 384), 'languages_analyzed': ['Luganda', 'Runyankore', 'English', 'Swahili'], 'optimal_clusters': 2, 'separation_ratio': 1.1608874, 'translation_consistency': {'Swahili': 0.50453424, 'Luganda': 0.5272661, 'Runyankore': 0.5402572}, 'bias_flags_count': 0}
2026-06-06 20:40:38,428 - model - INFO - Running model audit with embeddings
2026-06-06 20:50:00,461 - model - INFO - Model audit complete: {'embeddings_shape': (14431, 384), 'languages_analyzed': ['English', 'Swahili', 'Luganda', 'Runyankore'], 'optimal_clusters': 2, 'separation_ratio': 1.1608874, 'translation_consistency': {'Swahili': 0.50453424, 'Luganda': 0.5272661, 'Runyankore': 0.5402572}, 'bias_flags_count': 0}
2026-06-06 20:55:51,322 - model - INFO - Running model audit with embeddings
2026-06-06 21:04:52,715 - model - INFO - Model audit complete: {'embeddings_shape': (14431, 384), 'languages_analyzed': ['English', 'Luganda', 'Swahili', 'Runyankore'], 'optimal_clusters': 2, 'separation_ratio': 1.1608874, 'translation_consistency': {'Swahili': 0.50453424, 'Luganda': 0.5272661, 'Runyankore': 0.5402572}, 'bias_flags_count': 0}
2026-06-06 21:14:45,435 - model - INFO - Running model audit with embeddings
2026-06-06 21:23:35,815 - model - INFO - Model audit complete: {'embeddings_shape': (14431, 384), 'languages_analyzed': ['English', 'Swahili', 'Luganda', 'Runyankore'], 'optimal_clusters': 2, 'separation_ratio': 1.1608874, 'translation_consistency': {'Swahili': 0.50453424, 'Luganda': 0.5272661, 'Runyankore': 0.5402572}, 'bias_flags_count': 0}
