2026-06-15 21:13:21,188 - model - INFO - Running model audit with embeddings
2026-06-15 21:13:21,562 - model - INFO - Model audit complete: {'embeddings_shape': [96, 384], 'languages_analyzed': ['Luganda', 'Swahili', 'Runyankore', 'English'], 'optimal_clusters': 2, 'separation_ratio': 1.1413652, 'translation_consistency': {'Swahili': 0.37928643822669983, 'Luganda': 0.19981788098812103, 'Runyankore': 0.19713909924030304}, 'bias_flags_count': 0}
2026-06-15 21:13:21,759 - model - INFO - Running model audit with embeddings
2026-06-15 21:13:22,024 - model - INFO - Model audit complete: {'embeddings_shape': [96, 384], 'languages_analyzed': ['Luganda', 'Swahili', 'Runyankore', 'English'], 'optimal_clusters': 2, 'separation_ratio': 1.1413652, 'translation_consistency': {'Swahili': 0.37928643822669983, 'Luganda': 0.19981788098812103, 'Runyankore': 0.19713909924030304}, 'bias_flags_count': 0}
2026-06-15 21:13:22,217 - model - INFO - Running model audit with embeddings
2026-06-15 21:13:22,475 - model - INFO - Model audit complete: {'embeddings_shape': [96, 384], 'languages_analyzed': ['Luganda', 'Swahili', 'Runyankore', 'English'], 'optimal_clusters': 2, 'separation_ratio': 1.1413652, 'translation_consistency': {'Swahili': 0.37928643822669983, 'Luganda': 0.19981788098812103, 'Runyankore': 0.19713909924030304}, 'bias_flags_count': 0}
2026-06-15 21:13:22,664 - model - INFO - Running model audit with embeddings
2026-06-15 21:13:22,923 - model - INFO - Model audit complete: {'embeddings_shape': [96, 384], 'languages_analyzed': ['Luganda', 'Swahili', 'Runyankore', 'English'], 'optimal_clusters': 2, 'separation_ratio': 1.1413652, 'translation_consistency': {'Swahili': 0.37928643822669983, 'Luganda': 0.19981788098812103, 'Runyankore': 0.19713909924030304}, 'bias_flags_count': 0}
2026-06-15 21:13:23,113 - model - INFO - Running model audit with embeddings
2026-06-15 21:13:23,372 - model - INFO - Model audit complete: {'embeddings_shape': [96, 384], 'languages_analyzed': ['Luganda', 'Swahili', 'Runyankore', 'English'], 'optimal_clusters': 2, 'separation_ratio': 1.1413652, 'translation_consistency': {'Swahili': 0.37928643822669983, 'Luganda': 0.19981788098812103, 'Runyankore': 0.19713909924030304}, 'bias_flags_count': 0}
2026-06-15 21:13:25,255 - model - INFO - Running model audit with embeddings
2026-06-15 21:13:25,520 - model - INFO - Model audit complete: {'embeddings_shape': [96, 384], 'languages_analyzed': ['Luganda', 'Swahili', 'Runyankore', 'English'], 'optimal_clusters': 2, 'separation_ratio': 1.1413652, 'translation_consistency': {'Swahili': 0.37928643822669983, 'Luganda': 0.19981788098812103, 'Runyankore': 0.19713909924030304}, 'bias_flags_count': 0}
2026-06-15 21:15:07,913 - model - INFO - Running model audit with embeddings
2026-06-15 21:15:08,264 - model - INFO - Model audit complete: {'embeddings_shape': [96, 384], 'languages_analyzed': ['English', 'Luganda', 'Runyankore', 'Swahili'], 'optimal_clusters': 2, 'separation_ratio': 1.1413652, 'translation_consistency': {'Swahili': 0.37928643822669983, 'Luganda': 0.19981788098812103, 'Runyankore': 0.19713909924030304}, 'bias_flags_count': 0}
2026-06-15 21:15:08,459 - model - INFO - Running model audit with embeddings
2026-06-15 21:15:08,717 - model - INFO - Model audit complete: {'embeddings_shape': [96, 384], 'languages_analyzed': ['English', 'Luganda', 'Runyankore', 'Swahili'], 'optimal_clusters': 2, 'separation_ratio': 1.1413652, 'translation_consistency': {'Swahili': 0.37928643822669983, 'Luganda': 0.19981788098812103, 'Runyankore': 0.19713909924030304}, 'bias_flags_count': 0}
2026-06-15 21:15:08,902 - model - INFO - Running model audit with embeddings
2026-06-15 21:15:09,159 - model - INFO - Model audit complete: {'embeddings_shape': [96, 384], 'languages_analyzed': ['English', 'Luganda', 'Runyankore', 'Swahili'], 'optimal_clusters': 2, 'separation_ratio': 1.1413652, 'translation_consistency': {'Swahili': 0.37928643822669983, 'Luganda': 0.19981788098812103, 'Runyankore': 0.19713909924030304}, 'bias_flags_count': 0}
2026-06-15 21:15:09,354 - model - INFO - Running model audit with embeddings
2026-06-15 21:15:09,610 - model - INFO - Model audit complete: {'embeddings_shape': [96, 384], 'languages_analyzed': ['English', 'Luganda', 'Runyankore', 'Swahili'], 'optimal_clusters': 2, 'separation_ratio': 1.1413652, 'translation_consistency': {'Swahili': 0.37928643822669983, 'Luganda': 0.19981788098812103, 'Runyankore': 0.19713909924030304}, 'bias_flags_count': 0}
2026-06-15 21:15:09,801 - model - INFO - Running model audit with embeddings
2026-06-15 21:15:10,057 - model - INFO - Model audit complete: {'embeddings_shape': [96, 384], 'languages_analyzed': ['English', 'Luganda', 'Runyankore', 'Swahili'], 'optimal_clusters': 2, 'separation_ratio': 1.1413652, 'translation_consistency': {'Swahili': 0.37928643822669983, 'Luganda': 0.19981788098812103, 'Runyankore': 0.19713909924030304}, 'bias_flags_count': 0}
2026-06-15 21:15:11,420 - model - INFO - Running model audit with embeddings
2026-06-15 21:15:11,686 - model - INFO - Model audit complete: {'embeddings_shape': [96, 384], 'languages_analyzed': ['English', 'Luganda', 'Runyankore', 'Swahili'], 'optimal_clusters': 2, 'separation_ratio': 1.1413652, 'translation_consistency': {'Swahili': 0.37928643822669983, 'Luganda': 0.19981788098812103, 'Runyankore': 0.19713909924030304}, 'bias_flags_count': 0}
2026-06-15 21:23:23,603 - model - INFO - Running model audit with embeddings
2026-06-15 21:23:23,970 - model - INFO - Model audit complete: {'embeddings_shape': [96, 384], 'languages_analyzed': ['Swahili', 'Runyankore', 'Luganda', 'English'], 'optimal_clusters': 2, 'separation_ratio': 1.1413652, 'translation_consistency': {'Swahili': 0.37928643822669983, 'Luganda': 0.19981788098812103, 'Runyankore': 0.19713909924030304}, 'bias_flags_count': 0}
2026-06-15 21:23:25,084 - model - INFO - Running model audit with embeddings
2026-06-15 21:23:25,343 - model - INFO - Model audit complete: {'embeddings_shape': [96, 384], 'languages_analyzed': ['Swahili', 'Runyankore', 'Luganda', 'English'], 'optimal_clusters': 2, 'separation_ratio': 1.1413652, 'translation_consistency': {'Swahili': 0.37928643822669983, 'Luganda': 0.19981788098812103, 'Runyankore': 0.19713909924030304}, 'bias_flags_count': 0}
2026-06-15 21:23:25,802 - model - INFO - Running model audit with embeddings
2026-06-15 21:23:26,060 - model - INFO - Model audit complete: {'embeddings_shape': [96, 384], 'languages_analyzed': ['Swahili', 'Runyankore', 'Luganda', 'English'], 'optimal_clusters': 2, 'separation_ratio': 1.1413652, 'translation_consistency': {'Swahili': 0.37928643822669983, 'Luganda': 0.19981788098812103, 'Runyankore': 0.19713909924030304}, 'bias_flags_count': 0}
2026-06-15 21:23:26,514 - model - INFO - Running model audit with embeddings
2026-06-15 21:23:26,775 - model - INFO - Model audit complete: {'embeddings_shape': [96, 384], 'languages_analyzed': ['Swahili', 'Runyankore', 'Luganda', 'English'], 'optimal_clusters': 2, 'separation_ratio': 1.1413652, 'translation_consistency': {'Swahili': 0.37928643822669983, 'Luganda': 0.19981788098812103, 'Runyankore': 0.19713909924030304}, 'bias_flags_count': 0}
2026-06-15 21:23:27,229 - model - INFO - Running model audit with embeddings
2026-06-15 21:23:27,487 - model - INFO - Model audit complete: {'embeddings_shape': [96, 384], 'languages_analyzed': ['Swahili', 'Runyankore', 'Luganda', 'English'], 'optimal_clusters': 2, 'separation_ratio': 1.1413652, 'translation_consistency': {'Swahili': 0.37928643822669983, 'Luganda': 0.19981788098812103, 'Runyankore': 0.19713909924030304}, 'bias_flags_count': 0}
2026-06-15 21:23:28,583 - model - INFO - Running model audit with embeddings
2026-06-15 21:23:28,841 - model - INFO - Model audit complete: {'embeddings_shape': [96, 384], 'languages_analyzed': ['Swahili', 'Runyankore', 'Luganda', 'English'], 'optimal_clusters': 2, 'separation_ratio': 1.1413652, 'translation_consistency': {'Swahili': 0.37928643822669983, 'Luganda': 0.19981788098812103, 'Runyankore': 0.19713909924030304}, 'bias_flags_count': 0}
2026-06-15 21:29:12,933 - model - INFO - Running model audit with embeddings
2026-06-15 21:29:13,286 - model - INFO - Model audit complete: {'embeddings_shape': [96, 384], 'languages_analyzed': ['Runyankore', 'Swahili', 'English', 'Luganda'], 'optimal_clusters': 2, 'separation_ratio': 1.1413652, 'translation_consistency': {'Swahili': 0.37928643822669983, 'Luganda': 0.19981788098812103, 'Runyankore': 0.19713909924030304}, 'bias_flags_count': 0}
2026-06-15 21:29:17,011 - model - INFO - Running model audit with embeddings
2026-06-15 21:29:17,264 - model - INFO - Model audit complete: {'embeddings_shape': [96, 384], 'languages_analyzed': ['Runyankore', 'Swahili', 'English', 'Luganda'], 'optimal_clusters': 2, 'separation_ratio': 1.1413652, 'translation_consistency': {'Swahili': 0.37928643822669983, 'Luganda': 0.19981788098812103, 'Runyankore': 0.19713909924030304}, 'bias_flags_count': 0}
2026-06-15 21:29:17,456 - model - INFO - Running model audit with embeddings
2026-06-15 21:29:17,710 - model - INFO - Model audit complete: {'embeddings_shape': [96, 384], 'languages_analyzed': ['Runyankore', 'Swahili', 'English', 'Luganda'], 'optimal_clusters': 2, 'separation_ratio': 1.1413652, 'translation_consistency': {'Swahili': 0.37928643822669983, 'Luganda': 0.19981788098812103, 'Runyankore': 0.19713909924030304}, 'bias_flags_count': 0}
2026-06-15 21:29:17,898 - model - INFO - Running model audit with embeddings
2026-06-15 21:29:18,153 - model - INFO - Model audit complete: {'embeddings_shape': [96, 384], 'languages_analyzed': ['Runyankore', 'Swahili', 'English', 'Luganda'], 'optimal_clusters': 2, 'separation_ratio': 1.1413652, 'translation_consistency': {'Swahili': 0.37928643822669983, 'Luganda': 0.19981788098812103, 'Runyankore': 0.19713909924030304}, 'bias_flags_count': 0}
2026-06-15 21:29:18,342 - model - INFO - Running model audit with embeddings
2026-06-15 21:29:18,603 - model - INFO - Model audit complete: {'embeddings_shape': [96, 384], 'languages_analyzed': ['Runyankore', 'Swahili', 'English', 'Luganda'], 'optimal_clusters': 2, 'separation_ratio': 1.1413652, 'translation_consistency': {'Swahili': 0.37928643822669983, 'Luganda': 0.19981788098812103, 'Runyankore': 0.19713909924030304}, 'bias_flags_count': 0}
2026-06-15 21:33:03,066 - model - INFO - Running model audit with embeddings
2026-06-15 21:33:03,457 - model - INFO - Model audit complete: {'embeddings_shape': [96, 384], 'languages_analyzed': ['Luganda', 'Runyankore', 'English', 'Swahili'], 'optimal_clusters': 2, 'separation_ratio': 1.1413652, 'translation_consistency': {'Swahili': 0.37928643822669983, 'Luganda': 0.19981788098812103, 'Runyankore': 0.19713909924030304}, 'bias_flags_count': 0}
2026-06-15 21:33:07,236 - model - INFO - Running model audit with embeddings
2026-06-15 21:33:07,491 - model - INFO - Model audit complete: {'embeddings_shape': [96, 384], 'languages_analyzed': ['Luganda', 'Runyankore', 'English', 'Swahili'], 'optimal_clusters': 2, 'separation_ratio': 1.1413652, 'translation_consistency': {'Swahili': 0.37928643822669983, 'Luganda': 0.19981788098812103, 'Runyankore': 0.19713909924030304}, 'bias_flags_count': 0}
2026-06-15 21:33:07,681 - model - INFO - Running model audit with embeddings
2026-06-15 21:33:07,957 - model - INFO - Model audit complete: {'embeddings_shape': [96, 384], 'languages_analyzed': ['Luganda', 'Runyankore', 'English', 'Swahili'], 'optimal_clusters': 2, 'separation_ratio': 1.1413652, 'translation_consistency': {'Swahili': 0.37928643822669983, 'Luganda': 0.19981788098812103, 'Runyankore': 0.19713909924030304}, 'bias_flags_count': 0}
2026-06-15 21:33:08,153 - model - INFO - Running model audit with embeddings
2026-06-15 21:33:08,412 - model - INFO - Model audit complete: {'embeddings_shape': [96, 384], 'languages_analyzed': ['Luganda', 'Runyankore', 'English', 'Swahili'], 'optimal_clusters': 2, 'separation_ratio': 1.1413652, 'translation_consistency': {'Swahili': 0.37928643822669983, 'Luganda': 0.19981788098812103, 'Runyankore': 0.19713909924030304}, 'bias_flags_count': 0}
2026-06-15 21:33:08,605 - model - INFO - Running model audit with embeddings
2026-06-15 21:33:08,861 - model - INFO - Model audit complete: {'embeddings_shape': [96, 384], 'languages_analyzed': ['Luganda', 'Runyankore', 'English', 'Swahili'], 'optimal_clusters': 2, 'separation_ratio': 1.1413652, 'translation_consistency': {'Swahili': 0.37928643822669983, 'Luganda': 0.19981788098812103, 'Runyankore': 0.19713909924030304}, 'bias_flags_count': 0}
2026-06-15 21:33:09,572 - model - INFO - Running model audit with embeddings
2026-06-15 21:33:09,944 - model - INFO - Model audit complete: {'embeddings_shape': [107, 384], 'languages_analyzed': ['Luganda', 'Runyankole-Rukiga', 'English'], 'optimal_clusters': 7, 'separation_ratio': 1.0329298, 'translation_consistency': {'Luganda': 0.679042637348175}, 'bias_flags_count': 0}
2026-06-15 21:40:10,865 - model - INFO - Running model audit with embeddings
2026-06-15 21:40:11,235 - model - INFO - Model audit complete: {'embeddings_shape': [96, 384], 'languages_analyzed': ['Runyankore', 'English', 'Luganda', 'Swahili'], 'optimal_clusters': 2, 'separation_ratio': 1.1413652, 'translation_consistency': {'Swahili': 0.37928643822669983, 'Luganda': 0.19981788098812103, 'Runyankore': 0.19713909924030304}, 'bias_flags_count': 0}
2026-06-15 21:40:15,077 - model - INFO - Running model audit with embeddings
2026-06-15 21:40:15,337 - model - INFO - Model audit complete: {'embeddings_shape': [96, 384], 'languages_analyzed': ['Runyankore', 'English', 'Luganda', 'Swahili'], 'optimal_clusters': 2, 'separation_ratio': 1.1413652, 'translation_consistency': {'Swahili': 0.37928643822669983, 'Luganda': 0.19981788098812103, 'Runyankore': 0.19713909924030304}, 'bias_flags_count': 0}
2026-06-15 21:40:15,531 - model - INFO - Running model audit with embeddings
2026-06-15 21:40:15,790 - model - INFO - Model audit complete: {'embeddings_shape': [96, 384], 'languages_analyzed': ['Runyankore', 'English', 'Luganda', 'Swahili'], 'optimal_clusters': 2, 'separation_ratio': 1.1413652, 'translation_consistency': {'Swahili': 0.37928643822669983, 'Luganda': 0.19981788098812103, 'Runyankore': 0.19713909924030304}, 'bias_flags_count': 0}
2026-06-15 21:40:15,982 - model - INFO - Running model audit with embeddings
2026-06-15 21:40:16,250 - model - INFO - Model audit complete: {'embeddings_shape': [96, 384], 'languages_analyzed': ['Runyankore', 'English', 'Luganda', 'Swahili'], 'optimal_clusters': 2, 'separation_ratio': 1.1413652, 'translation_consistency': {'Swahili': 0.37928643822669983, 'Luganda': 0.19981788098812103, 'Runyankore': 0.19713909924030304}, 'bias_flags_count': 0}
2026-06-15 21:40:16,444 - model - INFO - Running model audit with embeddings
2026-06-15 21:40:16,701 - model - INFO - Model audit complete: {'embeddings_shape': [96, 384], 'languages_analyzed': ['Runyankore', 'English', 'Luganda', 'Swahili'], 'optimal_clusters': 2, 'separation_ratio': 1.1413652, 'translation_consistency': {'Swahili': 0.37928643822669983, 'Luganda': 0.19981788098812103, 'Runyankore': 0.19713909924030304}, 'bias_flags_count': 0}
2026-06-15 21:40:17,326 - model - INFO - Running model audit with embeddings
2026-06-15 21:40:17,680 - model - INFO - Model audit complete: {'embeddings_shape': [107, 384], 'languages_analyzed': ['Runyankole-Rukiga', 'English', 'Luganda'], 'optimal_clusters': 7, 'separation_ratio': 1.0329298, 'translation_consistency': {'Luganda': 0.679042637348175}, 'bias_flags_count': 0}
2026-06-15 21:45:12,320 - model - INFO - Running model audit with embeddings
2026-06-15 21:45:12,759 - model - INFO - Model audit complete: {'embeddings_shape': [96, 384], 'languages_analyzed': ['English', 'Runyankore', 'Luganda', 'Swahili'], 'optimal_clusters': 2, 'separation_ratio': 1.1413652, 'translation_consistency': {'Swahili': 0.37928643822669983, 'Luganda': 0.19981788098812103, 'Runyankore': 0.19713909924030304}, 'bias_flags_count': 0}
2026-06-15 21:45:16,465 - model - INFO - Running model audit with embeddings
2026-06-15 21:45:16,734 - model - INFO - Model audit complete: {'embeddings_shape': [96, 384], 'languages_analyzed': ['English', 'Runyankore', 'Luganda', 'Swahili'], 'optimal_clusters': 2, 'separation_ratio': 1.1413652, 'translation_consistency': {'Swahili': 0.37928643822669983, 'Luganda': 0.19981788098812103, 'Runyankore': 0.19713909924030304}, 'bias_flags_count': 0}
2026-06-15 21:45:16,917 - model - INFO - Running model audit with embeddings
2026-06-15 21:45:17,169 - model - INFO - Model audit complete: {'embeddings_shape': [96, 384], 'languages_analyzed': ['English', 'Runyankore', 'Luganda', 'Swahili'], 'optimal_clusters': 2, 'separation_ratio': 1.1413652, 'translation_consistency': {'Swahili': 0.37928643822669983, 'Luganda': 0.19981788098812103, 'Runyankore': 0.19713909924030304}, 'bias_flags_count': 0}
2026-06-15 21:45:17,359 - model - INFO - Running model audit with embeddings
2026-06-15 21:45:17,645 - model - INFO - Model audit complete: {'embeddings_shape': [96, 384], 'languages_analyzed': ['English', 'Runyankore', 'Luganda', 'Swahili'], 'optimal_clusters': 2, 'separation_ratio': 1.1413652, 'translation_consistency': {'Swahili': 0.37928643822669983, 'Luganda': 0.19981788098812103, 'Runyankore': 0.19713909924030304}, 'bias_flags_count': 0}
2026-06-15 21:45:17,863 - model - INFO - Running model audit with embeddings
2026-06-15 21:45:18,127 - model - INFO - Model audit complete: {'embeddings_shape': [96, 384], 'languages_analyzed': ['English', 'Runyankore', 'Luganda', 'Swahili'], 'optimal_clusters': 2, 'separation_ratio': 1.1413652, 'translation_consistency': {'Swahili': 0.37928643822669983, 'Luganda': 0.19981788098812103, 'Runyankore': 0.19713909924030304}, 'bias_flags_count': 0}
2026-06-15 21:45:18,870 - model - INFO - Running model audit with embeddings
2026-06-15 21:45:19,296 - model - INFO - Model audit complete: {'embeddings_shape': [107, 384], 'languages_analyzed': ['English', 'Runyankole-Rukiga', 'Luganda'], 'optimal_clusters': 7, 'separation_ratio': 1.0329298, 'translation_consistency': {'Luganda': 0.679042637348175}, 'bias_flags_count': 0}
