2026-06-21 15:23:07,824 - sample_tables - INFO - ============================================================
2026-06-21 15:23:07,824 - sample_tables - INFO - EXTRACTING SAMPLE SENTENCES
2026-06-21 15:23:07,824 - sample_tables - INFO - ============================================================
2026-06-21 15:23:07,824 - sample_tables - INFO - Found 24 English samples
2026-06-21 15:23:07,824 - sample_tables - INFO - Processing Luganda: 24 answers, 24 indices
2026-06-21 15:23:07,824 - sample_tables - INFO - Processing Runyankore: 24 answers, 24 indices
2026-06-21 15:23:07,824 - sample_tables - INFO - Processing Swahili: 24 answers, 24 indices
2026-06-21 15:27:19,784 - sample_tables - INFO - ============================================================
2026-06-21 15:27:19,784 - sample_tables - INFO - EXTRACTING SAMPLE SENTENCES FROM DATASET
2026-06-21 15:27:19,784 - sample_tables - INFO - ============================================================
2026-06-21 15:31:16,812 - sample_tables - INFO - ============================================================
2026-06-21 15:31:16,812 - sample_tables - INFO - EXTRACTING SAMPLE SENTENCES FROM DATASET
2026-06-21 15:31:16,812 - sample_tables - INFO - ============================================================
2026-06-21 15:35:58,754 - sample_tables - INFO - ============================================================
2026-06-21 15:35:58,754 - sample_tables - INFO - EXTRACTING SAMPLE SENTENCES FROM DATASET
2026-06-21 15:35:58,754 - sample_tables - INFO - ============================================================
2026-06-21 15:40:11,920 - sample_tables - INFO - ============================================================
2026-06-21 15:40:11,920 - sample_tables - INFO - EXTRACTING SAMPLE SENTENCES FROM DATASET
2026-06-21 15:40:11,920 - sample_tables - INFO - ============================================================
2026-06-21 15:40:11,921 - sample_tables - INFO - ============================================================
2026-06-21 15:40:11,921 - sample_tables - INFO - ============================================================
2026-06-21 15:40:11,921 - sample_tables - INFO - EXTRACTING SAMPLE SENTENCES FROM DATASET
2026-06-21 15:40:11,921 - sample_tables - INFO - EXTRACTING SAMPLE SENTENCES FROM DATASET
2026-06-21 15:40:11,921 - sample_tables - INFO - ============================================================
2026-06-21 15:40:11,921 - sample_tables - INFO - ============================================================
2026-06-21 15:46:09,983 - sample_tables - INFO - ============================================================
2026-06-21 15:46:09,983 - sample_tables - INFO - EXTRACTING SAMPLE SENTENCES FROM DATASET
2026-06-21 15:46:09,983 - sample_tables - INFO - ============================================================
2026-06-21 16:39:54,429 - sample_tables - INFO - ============================================================
2026-06-21 16:39:54,430 - sample_tables - INFO - EXTRACTING SAMPLE SENTENCES FROM DATASET
2026-06-21 16:39:54,430 - sample_tables - INFO - ============================================================
2026-06-21 16:50:50,316 - sample_tables - INFO - ============================================================
2026-06-21 16:50:50,317 - sample_tables - INFO - EXTRACTING SAMPLE SENTENCES FROM DATASET
2026-06-21 16:50:50,317 - sample_tables - INFO - ============================================================
2026-06-21 16:58:58,487 - sample_tables - INFO - ============================================================
2026-06-21 16:58:58,487 - sample_tables - INFO - EXTRACTING SAMPLE SENTENCES FROM DATASET
2026-06-21 16:58:58,487 - sample_tables - INFO - ============================================================
2026-06-21 17:08:04,238 - sample_tables - INFO - ============================================================
2026-06-21 17:08:04,239 - sample_tables - INFO - EXTRACTING SAMPLE SENTENCES FROM DATASET
2026-06-21 17:08:04,239 - sample_tables - INFO - ============================================================
2026-06-21 17:52:59,145 - sample_tables - INFO - ============================================================
2026-06-21 17:52:59,145 - sample_tables - INFO - EXTRACTING SAMPLE SENTENCES FROM DATASET
2026-06-21 17:52:59,145 - sample_tables - INFO - ============================================================
2026-06-21 17:57:32,695 - sample_tables - INFO - ============================================================
2026-06-21 17:57:32,696 - sample_tables - INFO - EXTRACTING SAMPLE SENTENCES FROM DATASET
2026-06-21 17:57:32,696 - sample_tables - INFO - ============================================================
2026-06-21 17:59:54,826 - sample_tables - INFO - ============================================================
2026-06-21 17:59:54,826 - sample_tables - INFO - EXTRACTING SAMPLE SENTENCES FROM DATASET
2026-06-21 17:59:54,827 - sample_tables - INFO - ============================================================
2026-06-21 18:06:34,400 - sample_tables - INFO - ============================================================
2026-06-21 18:06:34,408 - sample_tables - INFO - EXTRACTING SAMPLE SENTENCES FROM DATASET
2026-06-21 18:06:34,408 - sample_tables - INFO - ============================================================
2026-06-21 18:15:40,559 - sample_tables - INFO - ============================================================
2026-06-21 18:15:40,559 - sample_tables - INFO - EXTRACTING SAMPLE SENTENCES FROM DATASET
2026-06-21 18:15:40,559 - sample_tables - INFO - ============================================================
2026-06-21 18:21:04,730 - sample_tables - INFO - ============================================================
2026-06-21 18:21:04,730 - sample_tables - INFO - EXTRACTING SAMPLE SENTENCES FROM DATASET
2026-06-21 18:21:04,730 - sample_tables - INFO - ============================================================
