2026-06-21 11:54:28,511 - statistical - INFO - ==================================================
2026-06-21 11:54:28,512 - statistical - INFO - STARTING STATISTICAL BIAS AUDIT
2026-06-21 11:54:28,512 - statistical - INFO - ==================================================
2026-06-21 11:54:28,512 - statistical - INFO - Computing response length statistics...
2026-06-21 11:54:28,529 - statistical - INFO - Computing vocabulary richness...
2026-06-21 11:54:28,531 - statistical - INFO - Performing statistical tests...
2026-06-21 11:54:28,556 - statistical - INFO - Detecting outliers...
2026-06-21 11:54:28,559 - statistical - INFO - Computing n-grams...
2026-06-21 11:54:28,629 - statistical - INFO - Generating flags...
2026-06-21 11:54:28,636 - statistical - INFO - ==================================================
2026-06-21 11:54:28,637 - statistical - INFO - STATISTICAL AUDIT COMPLETE
2026-06-21 11:54:28,637 - statistical - INFO -   Languages: ['English', 'Swahili', 'Luganda', 'Runyankore']
2026-06-21 11:54:28,637 - statistical - INFO -   Total responses: 96
2026-06-21 11:54:28,637 - statistical - INFO -   Significant differences: 3
2026-06-21 11:54:28,637 - statistical - INFO -   Flags generated: 4
2026-06-21 11:54:28,637 - statistical - INFO - ==================================================
2026-06-21 11:59:20,415 - statistical - INFO - ==================================================
2026-06-21 11:59:20,416 - statistical - INFO - STARTING STATISTICAL BIAS AUDIT
2026-06-21 11:59:20,416 - statistical - INFO - ==================================================
2026-06-21 11:59:20,416 - statistical - INFO - Computing response length statistics...
2026-06-21 11:59:20,429 - statistical - INFO - Computing vocabulary richness...
2026-06-21 11:59:20,432 - statistical - INFO - Performing statistical tests...
2026-06-21 11:59:20,454 - statistical - INFO - Detecting outliers...
2026-06-21 11:59:20,457 - statistical - INFO - Computing n-grams...
2026-06-21 11:59:20,670 - statistical - INFO - Generating flags...
2026-06-21 11:59:20,813 - statistical - INFO - ==================================================
2026-06-21 11:59:20,814 - statistical - INFO - STATISTICAL AUDIT COMPLETE
2026-06-21 11:59:20,815 - statistical - INFO -   Languages: ['English', 'Swahili', 'Luganda', 'Runyankore']
2026-06-21 11:59:20,815 - statistical - INFO -   Total responses: 96
2026-06-21 11:59:20,816 - statistical - INFO -   Significant differences: 3
2026-06-21 11:59:20,816 - statistical - INFO -   Flags generated: 4
2026-06-21 11:59:20,816 - statistical - INFO - ==================================================
2026-06-21 12:01:51,357 - statistical - INFO - ==================================================
2026-06-21 12:01:51,357 - statistical - INFO - STARTING STATISTICAL BIAS AUDIT
2026-06-21 12:01:51,357 - statistical - INFO - ==================================================
2026-06-21 12:01:51,357 - statistical - INFO - Computing response length statistics...
2026-06-21 12:01:51,362 - statistical - INFO - Computing vocabulary richness...
2026-06-21 12:01:51,363 - statistical - INFO - Performing statistical tests...
2026-06-21 12:01:51,376 - statistical - INFO - Detecting outliers...
2026-06-21 12:01:51,377 - statistical - INFO - Computing n-grams...
2026-06-21 12:01:51,410 - statistical - INFO - Generating flags...
2026-06-21 12:01:51,414 - statistical - INFO - ==================================================
2026-06-21 12:01:51,414 - statistical - INFO - STATISTICAL AUDIT COMPLETE
2026-06-21 12:01:51,414 - statistical - INFO -   Languages: ['English', 'Swahili', 'Luganda', 'Runyankore']
2026-06-21 12:01:51,414 - statistical - INFO -   Total responses: 96
2026-06-21 12:01:51,414 - statistical - INFO -   Significant differences: 3
2026-06-21 12:01:51,415 - statistical - INFO -   Flags generated: 4
2026-06-21 12:01:51,415 - statistical - INFO - ==================================================
2026-06-21 12:23:40,822 - statistical - INFO - ==================================================
2026-06-21 12:23:40,823 - statistical - INFO - STARTING STATISTICAL BIAS AUDIT
2026-06-21 12:23:40,823 - statistical - INFO - ==================================================
2026-06-21 12:23:40,823 - statistical - INFO - Computing response length statistics...
2026-06-21 12:23:40,826 - statistical - INFO - Computing vocabulary richness...
2026-06-21 12:23:40,827 - statistical - INFO - Performing statistical tests...
2026-06-21 12:23:40,835 - statistical - INFO - Detecting outliers...
2026-06-21 12:23:40,836 - statistical - INFO - Computing n-grams...
2026-06-21 12:23:40,849 - statistical - INFO - Generating flags...
2026-06-21 12:23:40,855 - statistical - INFO - ==================================================
2026-06-21 12:23:40,855 - statistical - INFO - STATISTICAL AUDIT COMPLETE
2026-06-21 12:23:40,855 - statistical - INFO -   Languages: ['English', 'Swahili', 'Luganda', 'Runyankore']
2026-06-21 12:23:40,855 - statistical - INFO -   Total responses: 96
2026-06-21 12:23:40,855 - statistical - INFO -   Significant differences: 3
2026-06-21 12:23:40,855 - statistical - INFO -   Flags generated: 4
2026-06-21 12:23:40,855 - statistical - INFO - ==================================================
2026-06-21 12:25:39,401 - statistical - INFO - ==================================================
2026-06-21 12:25:39,401 - statistical - INFO - STARTING STATISTICAL BIAS AUDIT
2026-06-21 12:25:39,401 - statistical - INFO - ==================================================
2026-06-21 12:25:39,401 - statistical - INFO - Computing response length statistics...
2026-06-21 12:25:39,409 - statistical - INFO - Computing vocabulary richness...
2026-06-21 12:25:39,410 - statistical - INFO - Performing statistical tests...
2026-06-21 12:25:39,423 - statistical - INFO - Detecting outliers...
2026-06-21 12:25:39,423 - statistical - INFO - Computing n-grams...
2026-06-21 12:25:39,453 - statistical - INFO - Generating flags...
2026-06-21 12:25:39,460 - statistical - INFO - ==================================================
2026-06-21 12:25:39,460 - statistical - INFO - STATISTICAL AUDIT COMPLETE
2026-06-21 12:25:39,460 - statistical - INFO -   Languages: ['English', 'Swahili', 'Luganda', 'Runyankore']
2026-06-21 12:25:39,460 - statistical - INFO -   Total responses: 96
2026-06-21 12:25:39,460 - statistical - INFO -   Significant differences: 3
2026-06-21 12:25:39,460 - statistical - INFO -   Flags generated: 4
2026-06-21 12:25:39,460 - statistical - INFO - ==================================================
2026-06-21 13:34:00,043 - statistical - INFO - ==================================================
2026-06-21 13:34:00,045 - statistical - INFO - STARTING STATISTICAL BIAS AUDIT
2026-06-21 13:34:00,045 - statistical - INFO - ==================================================
2026-06-21 13:34:00,045 - statistical - INFO - Computing response length statistics...
2026-06-21 13:34:00,064 - statistical - INFO - Computing vocabulary richness...
2026-06-21 13:34:00,070 - statistical - INFO - Performing statistical tests...
2026-06-21 13:34:00,108 - statistical - INFO - Detecting outliers...
2026-06-21 13:34:00,111 - statistical - INFO - Computing n-grams...
2026-06-21 13:34:00,305 - statistical - INFO - Generating flags...
2026-06-21 13:34:00,314 - statistical - INFO - ==================================================
2026-06-21 13:34:00,314 - statistical - INFO - STATISTICAL AUDIT COMPLETE
2026-06-21 13:34:00,315 - statistical - INFO -   Languages: ['English', 'Swahili', 'Luganda', 'Runyankore']
2026-06-21 13:34:00,315 - statistical - INFO -   Total responses: 96
2026-06-21 13:34:00,315 - statistical - INFO -   Significant differences: 3
2026-06-21 13:34:00,315 - statistical - INFO -   Flags generated: 4
2026-06-21 13:34:00,316 - statistical - INFO - ==================================================
2026-06-21 14:31:21,293 - statistical - INFO - ==================================================
2026-06-21 14:31:21,294 - statistical - INFO - STARTING STATISTICAL BIAS AUDIT
2026-06-21 14:31:21,294 - statistical - INFO - ==================================================
2026-06-21 14:31:21,294 - statistical - INFO - Computing response length statistics...
2026-06-21 14:31:21,306 - statistical - INFO - Computing vocabulary richness...
2026-06-21 14:31:21,307 - statistical - INFO - Performing statistical tests...
2026-06-21 14:31:21,328 - statistical - INFO - Detecting outliers...
2026-06-21 14:31:21,330 - statistical - INFO - Computing n-grams...
2026-06-21 14:31:21,390 - statistical - INFO - Generating flags...
2026-06-21 14:31:21,397 - statistical - INFO - ==================================================
2026-06-21 14:31:21,397 - statistical - INFO - STATISTICAL AUDIT COMPLETE
2026-06-21 14:31:21,397 - statistical - INFO -   Languages: ['English', 'Swahili', 'Luganda', 'Runyankore']
2026-06-21 14:31:21,397 - statistical - INFO -   Total responses: 96
2026-06-21 14:31:21,398 - statistical - INFO -   Significant differences: 3
2026-06-21 14:31:21,398 - statistical - INFO -   Flags generated: 4
2026-06-21 14:31:21,398 - statistical - INFO - ==================================================
2026-06-21 14:41:23,874 - statistical - INFO - ==================================================
2026-06-21 14:41:23,874 - statistical - INFO - STARTING STATISTICAL BIAS AUDIT
2026-06-21 14:41:23,875 - statistical - INFO - ==================================================
2026-06-21 14:41:23,875 - statistical - INFO - Computing response length statistics...
2026-06-21 14:41:23,877 - statistical - INFO - Computing vocabulary richness...
2026-06-21 14:41:23,878 - statistical - INFO - Performing statistical tests...
2026-06-21 14:41:23,884 - statistical - INFO - Detecting outliers...
2026-06-21 14:41:23,885 - statistical - INFO - Computing n-grams...
2026-06-21 14:41:23,892 - statistical - INFO - Generating flags...
2026-06-21 14:41:23,894 - statistical - INFO - ==================================================
2026-06-21 14:41:23,894 - statistical - INFO - STATISTICAL AUDIT COMPLETE
2026-06-21 14:41:23,894 - statistical - INFO -   Languages: ['English', 'Swahili', 'Luganda', 'Runyankore']
2026-06-21 14:41:23,894 - statistical - INFO -   Total responses: 96
2026-06-21 14:41:23,894 - statistical - INFO -   Significant differences: 3
2026-06-21 14:41:23,894 - statistical - INFO -   Flags generated: 4
2026-06-21 14:41:23,894 - statistical - INFO - ==================================================
2026-06-21 14:57:02,696 - statistical - INFO - ==================================================
2026-06-21 14:57:02,697 - statistical - INFO - STARTING STATISTICAL BIAS AUDIT
2026-06-21 14:57:02,697 - statistical - INFO - ==================================================
2026-06-21 14:57:02,697 - statistical - INFO - Computing response length statistics...
2026-06-21 14:57:02,699 - statistical - INFO - Computing vocabulary richness...
2026-06-21 14:57:02,700 - statistical - INFO - Performing statistical tests...
2026-06-21 14:57:02,706 - statistical - INFO - Detecting outliers...
2026-06-21 14:57:02,707 - statistical - INFO - Computing n-grams...
2026-06-21 14:57:02,714 - statistical - INFO - Generating flags...
2026-06-21 14:57:02,716 - statistical - INFO - ==================================================
2026-06-21 14:57:02,716 - statistical - INFO - STATISTICAL AUDIT COMPLETE
2026-06-21 14:57:02,716 - statistical - INFO -   Languages: ['English', 'Swahili', 'Luganda', 'Runyankore']
2026-06-21 14:57:02,717 - statistical - INFO -   Total responses: 96
2026-06-21 14:57:02,717 - statistical - INFO -   Significant differences: 3
2026-06-21 14:57:02,717 - statistical - INFO -   Flags generated: 4
2026-06-21 14:57:02,717 - statistical - INFO - ==================================================
2026-06-21 15:01:25,241 - statistical - INFO - ==================================================
2026-06-21 15:01:25,242 - statistical - INFO - STARTING STATISTICAL BIAS AUDIT
2026-06-21 15:01:25,242 - statistical - INFO - ==================================================
2026-06-21 15:01:25,242 - statistical - INFO - Computing response length statistics...
2026-06-21 15:01:25,245 - statistical - INFO - Computing vocabulary richness...
2026-06-21 15:01:25,246 - statistical - INFO - Performing statistical tests...
2026-06-21 15:01:25,254 - statistical - INFO - Detecting outliers...
2026-06-21 15:01:25,255 - statistical - INFO - Computing n-grams...
2026-06-21 15:01:25,298 - statistical - INFO - Generating flags...
2026-06-21 15:01:25,303 - statistical - INFO - ==================================================
2026-06-21 15:01:25,303 - statistical - INFO - STATISTICAL AUDIT COMPLETE
2026-06-21 15:01:25,303 - statistical - INFO -   Languages: ['English', 'Swahili', 'Luganda', 'Runyankore']
2026-06-21 15:01:25,303 - statistical - INFO -   Total responses: 96
2026-06-21 15:01:25,303 - statistical - INFO -   Significant differences: 3
2026-06-21 15:01:25,303 - statistical - INFO -   Flags generated: 4
2026-06-21 15:01:25,303 - statistical - INFO - ==================================================
2026-06-21 15:02:13,248 - statistical - INFO - ==================================================
2026-06-21 15:02:13,248 - statistical - INFO - STARTING STATISTICAL BIAS AUDIT
2026-06-21 15:02:13,248 - statistical - INFO - ==================================================
2026-06-21 15:02:13,248 - statistical - INFO - Computing response length statistics...
2026-06-21 15:02:13,251 - statistical - INFO - Computing vocabulary richness...
2026-06-21 15:02:13,252 - statistical - INFO - Performing statistical tests...
2026-06-21 15:02:13,258 - statistical - INFO - Detecting outliers...
2026-06-21 15:02:13,259 - statistical - INFO - Computing n-grams...
2026-06-21 15:02:13,268 - statistical - INFO - Generating flags...
2026-06-21 15:02:13,271 - statistical - INFO - ==================================================
2026-06-21 15:02:13,271 - statistical - INFO - STATISTICAL AUDIT COMPLETE
2026-06-21 15:02:13,271 - statistical - INFO -   Languages: ['English', 'Swahili', 'Luganda', 'Runyankore']
2026-06-21 15:02:13,271 - statistical - INFO -   Total responses: 96
2026-06-21 15:02:13,271 - statistical - INFO -   Significant differences: 3
2026-06-21 15:02:13,271 - statistical - INFO -   Flags generated: 4
2026-06-21 15:02:13,271 - statistical - INFO - ==================================================
2026-06-21 15:04:51,235 - statistical - INFO - ==================================================
2026-06-21 15:04:51,235 - statistical - INFO - STARTING STATISTICAL BIAS AUDIT
2026-06-21 15:04:51,235 - statistical - INFO - ==================================================
2026-06-21 15:04:51,235 - statistical - INFO - Computing response length statistics...
2026-06-21 15:04:51,237 - statistical - INFO - Computing vocabulary richness...
2026-06-21 15:04:51,238 - statistical - INFO - Performing statistical tests...
2026-06-21 15:04:51,245 - statistical - INFO - Detecting outliers...
2026-06-21 15:04:51,246 - statistical - INFO - Computing n-grams...
2026-06-21 15:04:51,257 - statistical - INFO - Generating flags...
2026-06-21 15:04:51,261 - statistical - INFO - ==================================================
2026-06-21 15:04:51,261 - statistical - INFO - STATISTICAL AUDIT COMPLETE
2026-06-21 15:04:51,261 - statistical - INFO -   Languages: ['English', 'Swahili', 'Luganda', 'Runyankore']
2026-06-21 15:04:51,261 - statistical - INFO -   Total responses: 96
2026-06-21 15:04:51,261 - statistical - INFO -   Significant differences: 3
2026-06-21 15:04:51,261 - statistical - INFO -   Flags generated: 4
2026-06-21 15:04:51,261 - statistical - INFO - ==================================================
2026-06-21 15:10:03,511 - statistical - INFO - ==================================================
2026-06-21 15:10:03,512 - statistical - INFO - STARTING STATISTICAL BIAS AUDIT
2026-06-21 15:10:03,512 - statistical - INFO - ==================================================
2026-06-21 15:10:03,512 - statistical - INFO - Computing response length statistics...
2026-06-21 15:10:03,514 - statistical - INFO - Computing vocabulary richness...
2026-06-21 15:10:03,515 - statistical - INFO - Performing statistical tests...
2026-06-21 15:10:03,521 - statistical - INFO - Detecting outliers...
2026-06-21 15:10:03,521 - statistical - INFO - Computing n-grams...
2026-06-21 15:10:03,531 - statistical - INFO - Generating flags...
2026-06-21 15:10:03,534 - statistical - INFO - ==================================================
2026-06-21 15:10:03,534 - statistical - INFO - STATISTICAL AUDIT COMPLETE
2026-06-21 15:10:03,534 - statistical - INFO -   Languages: ['English', 'Swahili', 'Luganda', 'Runyankore']
2026-06-21 15:10:03,534 - statistical - INFO -   Total responses: 96
2026-06-21 15:10:03,534 - statistical - INFO -   Significant differences: 3
2026-06-21 15:10:03,534 - statistical - INFO -   Flags generated: 4
2026-06-21 15:10:03,534 - statistical - INFO - ==================================================
2026-06-21 15:12:57,533 - statistical - INFO - ==================================================
2026-06-21 15:12:57,533 - statistical - INFO - STARTING STATISTICAL BIAS AUDIT
2026-06-21 15:12:57,533 - statistical - INFO - ==================================================
2026-06-21 15:12:57,533 - statistical - INFO - Computing response length statistics...
2026-06-21 15:12:57,536 - statistical - INFO - Computing vocabulary richness...
2026-06-21 15:12:57,536 - statistical - INFO - Performing statistical tests...
2026-06-21 15:12:57,542 - statistical - INFO - Detecting outliers...
2026-06-21 15:12:57,543 - statistical - INFO - Computing n-grams...
2026-06-21 15:12:57,553 - statistical - INFO - Generating flags...
2026-06-21 15:12:57,555 - statistical - INFO - ==================================================
2026-06-21 15:12:57,555 - statistical - INFO - STATISTICAL AUDIT COMPLETE
2026-06-21 15:12:57,555 - statistical - INFO -   Languages: ['English', 'Swahili', 'Luganda', 'Runyankore']
2026-06-21 15:12:57,555 - statistical - INFO -   Total responses: 96
2026-06-21 15:12:57,555 - statistical - INFO -   Significant differences: 3
2026-06-21 15:12:57,555 - statistical - INFO -   Flags generated: 4
2026-06-21 15:12:57,555 - statistical - INFO - ==================================================
2026-06-21 15:23:07,172 - statistical - INFO - ==================================================
2026-06-21 15:23:07,173 - statistical - INFO - STARTING STATISTICAL BIAS AUDIT
2026-06-21 15:23:07,173 - statistical - INFO - ==================================================
2026-06-21 15:23:07,173 - statistical - INFO - Computing response length statistics...
2026-06-21 15:23:07,187 - statistical - INFO - Computing vocabulary richness...
2026-06-21 15:23:07,187 - statistical - INFO - Performing statistical tests...
2026-06-21 15:23:07,196 - statistical - INFO - Detecting outliers...
2026-06-21 15:23:07,196 - statistical - INFO - Computing n-grams...
2026-06-21 15:23:07,225 - statistical - INFO - Generating flags...
2026-06-21 15:23:07,229 - statistical - INFO - ==================================================
2026-06-21 15:23:07,248 - statistical - INFO - STATISTICAL AUDIT COMPLETE
2026-06-21 15:23:07,251 - statistical - INFO -   Languages: ['English', 'Swahili', 'Luganda', 'Runyankore']
2026-06-21 15:23:07,251 - statistical - INFO -   Total responses: 96
2026-06-21 15:23:07,251 - statistical - INFO -   Significant differences: 3
2026-06-21 15:23:07,251 - statistical - INFO -   Flags generated: 4
2026-06-21 15:23:07,251 - statistical - INFO - ==================================================
2026-06-21 15:27:19,383 - statistical - INFO - ==================================================
2026-06-21 15:27:19,384 - statistical - INFO - STARTING STATISTICAL BIAS AUDIT
2026-06-21 15:27:19,384 - statistical - INFO - ==================================================
2026-06-21 15:27:19,384 - statistical - INFO - Computing response length statistics...
2026-06-21 15:27:19,387 - statistical - INFO - Computing vocabulary richness...
2026-06-21 15:27:19,388 - statistical - INFO - Performing statistical tests...
2026-06-21 15:27:19,393 - statistical - INFO - Detecting outliers...
2026-06-21 15:27:19,393 - statistical - INFO - Computing n-grams...
2026-06-21 15:27:19,400 - statistical - INFO - Generating flags...
2026-06-21 15:27:19,404 - statistical - INFO - ==================================================
2026-06-21 15:27:19,404 - statistical - INFO - STATISTICAL AUDIT COMPLETE
2026-06-21 15:27:19,404 - statistical - INFO -   Languages: ['English', 'Swahili', 'Luganda', 'Runyankore']
2026-06-21 15:27:19,404 - statistical - INFO -   Total responses: 96
2026-06-21 15:27:19,404 - statistical - INFO -   Significant differences: 3
2026-06-21 15:27:19,404 - statistical - INFO -   Flags generated: 4
2026-06-21 15:27:19,404 - statistical - INFO - ==================================================
2026-06-21 15:31:16,025 - statistical - INFO - ==================================================
2026-06-21 15:31:16,025 - statistical - INFO - STARTING STATISTICAL BIAS AUDIT
2026-06-21 15:31:16,025 - statistical - INFO - ==================================================
2026-06-21 15:31:16,025 - statistical - INFO - Computing response length statistics...
2026-06-21 15:31:16,031 - statistical - INFO - Computing vocabulary richness...
2026-06-21 15:31:16,032 - statistical - INFO - Performing statistical tests...
2026-06-21 15:31:16,052 - statistical - INFO - Detecting outliers...
2026-06-21 15:31:16,053 - statistical - INFO - Computing n-grams...
2026-06-21 15:31:16,119 - statistical - INFO - Generating flags...
2026-06-21 15:31:16,141 - statistical - INFO - ==================================================
2026-06-21 15:31:16,141 - statistical - INFO - STATISTICAL AUDIT COMPLETE
2026-06-21 15:31:16,141 - statistical - INFO -   Languages: ['English', 'Swahili', 'Luganda', 'Runyankore']
2026-06-21 15:31:16,141 - statistical - INFO -   Total responses: 96
2026-06-21 15:31:16,141 - statistical - INFO -   Significant differences: 3
2026-06-21 15:31:16,141 - statistical - INFO -   Flags generated: 4
2026-06-21 15:31:16,141 - statistical - INFO - ==================================================
2026-06-21 15:35:58,304 - statistical - INFO - ==================================================
2026-06-21 15:35:58,304 - statistical - INFO - STARTING STATISTICAL BIAS AUDIT
2026-06-21 15:35:58,304 - statistical - INFO - ==================================================
2026-06-21 15:35:58,304 - statistical - INFO - Computing response length statistics...
2026-06-21 15:35:58,308 - statistical - INFO - Computing vocabulary richness...
2026-06-21 15:35:58,309 - statistical - INFO - Performing statistical tests...
2026-06-21 15:35:58,316 - statistical - INFO - Detecting outliers...
2026-06-21 15:35:58,316 - statistical - INFO - Computing n-grams...
2026-06-21 15:35:58,326 - statistical - INFO - Generating flags...
2026-06-21 15:35:58,329 - statistical - INFO - ==================================================
2026-06-21 15:35:58,329 - statistical - INFO - STATISTICAL AUDIT COMPLETE
2026-06-21 15:35:58,329 - statistical - INFO -   Languages: ['English', 'Swahili', 'Luganda', 'Runyankore']
2026-06-21 15:35:58,329 - statistical - INFO -   Total responses: 96
2026-06-21 15:35:58,329 - statistical - INFO -   Significant differences: 3
2026-06-21 15:35:58,329 - statistical - INFO -   Flags generated: 4
2026-06-21 15:35:58,329 - statistical - INFO - ==================================================
2026-06-21 15:40:11,463 - statistical - INFO - ==================================================
2026-06-21 15:40:11,463 - statistical - INFO - STARTING STATISTICAL BIAS AUDIT
2026-06-21 15:40:11,463 - statistical - INFO - ==================================================
2026-06-21 15:40:11,463 - statistical - INFO - Computing response length statistics...
2026-06-21 15:40:11,465 - statistical - INFO - Computing vocabulary richness...
2026-06-21 15:40:11,466 - statistical - INFO - Performing statistical tests...
2026-06-21 15:40:11,471 - statistical - INFO - Detecting outliers...
2026-06-21 15:40:11,471 - statistical - INFO - Computing n-grams...
2026-06-21 15:40:11,480 - statistical - INFO - Generating flags...
2026-06-21 15:40:11,482 - statistical - INFO - ==================================================
2026-06-21 15:40:11,482 - statistical - INFO - STATISTICAL AUDIT COMPLETE
2026-06-21 15:40:11,482 - statistical - INFO -   Languages: ['English', 'Swahili', 'Luganda', 'Runyankore']
2026-06-21 15:40:11,482 - statistical - INFO -   Total responses: 96
2026-06-21 15:40:11,482 - statistical - INFO -   Significant differences: 3
2026-06-21 15:40:11,482 - statistical - INFO -   Flags generated: 4
2026-06-21 15:40:11,482 - statistical - INFO - ==================================================
2026-06-21 15:46:09,360 - statistical - INFO - ==================================================
2026-06-21 15:46:09,361 - statistical - INFO - STARTING STATISTICAL BIAS AUDIT
2026-06-21 15:46:09,361 - statistical - INFO - ==================================================
2026-06-21 15:46:09,361 - statistical - INFO - Computing response length statistics...
2026-06-21 15:46:09,364 - statistical - INFO - Computing vocabulary richness...
2026-06-21 15:46:09,364 - statistical - INFO - Performing statistical tests...
2026-06-21 15:46:09,372 - statistical - INFO - Detecting outliers...
2026-06-21 15:46:09,373 - statistical - INFO - Computing n-grams...
2026-06-21 15:46:09,382 - statistical - INFO - Generating flags...
2026-06-21 15:46:09,386 - statistical - INFO - ==================================================
2026-06-21 15:46:09,386 - statistical - INFO - STATISTICAL AUDIT COMPLETE
2026-06-21 15:46:09,386 - statistical - INFO -   Languages: ['English', 'Swahili', 'Luganda', 'Runyankore']
2026-06-21 15:46:09,386 - statistical - INFO -   Total responses: 96
2026-06-21 15:46:09,386 - statistical - INFO -   Significant differences: 3
2026-06-21 15:46:09,386 - statistical - INFO -   Flags generated: 4
2026-06-21 15:46:09,386 - statistical - INFO - ==================================================
2026-06-21 16:39:53,577 - statistical - INFO - ==================================================
2026-06-21 16:39:53,578 - statistical - INFO - STARTING STATISTICAL BIAS AUDIT
2026-06-21 16:39:53,578 - statistical - INFO - ==================================================
2026-06-21 16:39:53,578 - statistical - INFO - Computing response length statistics...
2026-06-21 16:39:53,589 - statistical - INFO - Computing vocabulary richness...
2026-06-21 16:39:53,594 - statistical - INFO - Performing statistical tests...
2026-06-21 16:39:53,622 - statistical - INFO - Detecting outliers...
2026-06-21 16:39:53,622 - statistical - INFO - Computing n-grams...
2026-06-21 16:39:53,648 - statistical - INFO - Generating flags...
2026-06-21 16:39:53,654 - statistical - INFO - ==================================================
2026-06-21 16:39:53,654 - statistical - INFO - STATISTICAL AUDIT COMPLETE
2026-06-21 16:39:53,654 - statistical - INFO -   Languages: ['English', 'Swahili', 'Luganda', 'Runyankore']
2026-06-21 16:39:53,654 - statistical - INFO -   Total responses: 96
2026-06-21 16:39:53,654 - statistical - INFO -   Significant differences: 3
2026-06-21 16:39:53,654 - statistical - INFO -   Flags generated: 4
2026-06-21 16:39:53,654 - statistical - INFO - ==================================================
2026-06-21 16:50:49,829 - statistical - INFO - ==================================================
2026-06-21 16:50:49,830 - statistical - INFO - STARTING STATISTICAL BIAS AUDIT
2026-06-21 16:50:49,830 - statistical - INFO - ==================================================
2026-06-21 16:50:49,830 - statistical - INFO - Computing response length statistics...
2026-06-21 16:50:49,832 - statistical - INFO - Computing vocabulary richness...
2026-06-21 16:50:49,832 - statistical - INFO - Performing statistical tests...
2026-06-21 16:50:49,839 - statistical - INFO - Detecting outliers...
2026-06-21 16:50:49,839 - statistical - INFO - Computing n-grams...
2026-06-21 16:50:49,848 - statistical - INFO - Generating flags...
2026-06-21 16:50:49,857 - statistical - INFO - ==================================================
2026-06-21 16:50:49,858 - statistical - INFO - STATISTICAL AUDIT COMPLETE
2026-06-21 16:50:49,858 - statistical - INFO -   Languages: ['English', 'Swahili', 'Luganda', 'Runyankore']
2026-06-21 16:50:49,858 - statistical - INFO -   Total responses: 96
2026-06-21 16:50:49,860 - statistical - INFO -   Significant differences: 3
2026-06-21 16:50:49,860 - statistical - INFO -   Flags generated: 4
2026-06-21 16:50:49,860 - statistical - INFO - ==================================================
2026-06-21 16:58:57,931 - statistical - INFO - ==================================================
2026-06-21 16:58:57,931 - statistical - INFO - STARTING STATISTICAL BIAS AUDIT
2026-06-21 16:58:57,931 - statistical - INFO - ==================================================
2026-06-21 16:58:57,931 - statistical - INFO - Computing response length statistics...
2026-06-21 16:58:57,935 - statistical - INFO - Computing vocabulary richness...
2026-06-21 16:58:57,935 - statistical - INFO - Performing statistical tests...
2026-06-21 16:58:57,943 - statistical - INFO - Detecting outliers...
2026-06-21 16:58:57,943 - statistical - INFO - Computing n-grams...
2026-06-21 16:58:57,963 - statistical - INFO - Generating flags...
2026-06-21 16:58:57,967 - statistical - INFO - ==================================================
2026-06-21 16:58:57,967 - statistical - INFO - STATISTICAL AUDIT COMPLETE
2026-06-21 16:58:57,967 - statistical - INFO -   Languages: ['English', 'Swahili', 'Luganda', 'Runyankore']
2026-06-21 16:58:57,967 - statistical - INFO -   Total responses: 96
2026-06-21 16:58:57,967 - statistical - INFO -   Significant differences: 3
2026-06-21 16:58:57,967 - statistical - INFO -   Flags generated: 4
2026-06-21 16:58:57,967 - statistical - INFO - ==================================================
2026-06-21 17:08:03,774 - statistical - INFO - ==================================================
2026-06-21 17:08:03,775 - statistical - INFO - STARTING STATISTICAL BIAS AUDIT
2026-06-21 17:08:03,775 - statistical - INFO - ==================================================
2026-06-21 17:08:03,775 - statistical - INFO - Computing response length statistics...
2026-06-21 17:08:03,778 - statistical - INFO - Computing vocabulary richness...
2026-06-21 17:08:03,778 - statistical - INFO - Performing statistical tests...
2026-06-21 17:08:03,786 - statistical - INFO - Detecting outliers...
2026-06-21 17:08:03,787 - statistical - INFO - Computing n-grams...
2026-06-21 17:08:03,798 - statistical - INFO - Generating flags...
2026-06-21 17:08:03,801 - statistical - INFO - ==================================================
2026-06-21 17:08:03,801 - statistical - INFO - STATISTICAL AUDIT COMPLETE
2026-06-21 17:08:03,801 - statistical - INFO -   Languages: ['English', 'Swahili', 'Luganda', 'Runyankore']
2026-06-21 17:08:03,801 - statistical - INFO -   Total responses: 96
2026-06-21 17:08:03,801 - statistical - INFO -   Significant differences: 3
2026-06-21 17:08:03,801 - statistical - INFO -   Flags generated: 4
2026-06-21 17:08:03,801 - statistical - INFO - ==================================================
2026-06-21 17:52:58,389 - statistical - INFO - ==================================================
2026-06-21 17:52:58,389 - statistical - INFO - STARTING STATISTICAL BIAS AUDIT
2026-06-21 17:52:58,389 - statistical - INFO - ==================================================
2026-06-21 17:52:58,390 - statistical - INFO - Computing response length statistics...
2026-06-21 17:52:58,394 - statistical - INFO - Computing vocabulary richness...
2026-06-21 17:52:58,395 - statistical - INFO - Performing statistical tests...
2026-06-21 17:52:58,410 - statistical - INFO - Detecting outliers...
2026-06-21 17:52:58,411 - statistical - INFO - Computing n-grams...
2026-06-21 17:52:58,423 - statistical - INFO - Generating flags...
2026-06-21 17:52:58,427 - statistical - INFO - ==================================================
2026-06-21 17:52:58,428 - statistical - INFO - STATISTICAL AUDIT COMPLETE
2026-06-21 17:52:58,428 - statistical - INFO -   Languages: ['English', 'Swahili', 'Luganda', 'Runyankore']
2026-06-21 17:52:58,428 - statistical - INFO -   Total responses: 96
2026-06-21 17:52:58,428 - statistical - INFO -   Significant differences: 3
2026-06-21 17:52:58,428 - statistical - INFO -   Flags generated: 4
2026-06-21 17:52:58,429 - statistical - INFO - ==================================================
2026-06-21 17:57:32,033 - statistical - INFO - ==================================================
2026-06-21 17:57:32,033 - statistical - INFO - STARTING STATISTICAL BIAS AUDIT
2026-06-21 17:57:32,033 - statistical - INFO - ==================================================
2026-06-21 17:57:32,033 - statistical - INFO - Computing response length statistics...
2026-06-21 17:57:32,036 - statistical - INFO - Computing vocabulary richness...
2026-06-21 17:57:32,037 - statistical - INFO - Performing statistical tests...
2026-06-21 17:57:32,044 - statistical - INFO - Detecting outliers...
2026-06-21 17:57:32,045 - statistical - INFO - Computing n-grams...
2026-06-21 17:57:32,065 - statistical - INFO - Generating flags...
2026-06-21 17:57:32,069 - statistical - INFO - ==================================================
2026-06-21 17:57:32,069 - statistical - INFO - STATISTICAL AUDIT COMPLETE
2026-06-21 17:57:32,069 - statistical - INFO -   Languages: ['English', 'Swahili', 'Luganda', 'Runyankore']
2026-06-21 17:57:32,069 - statistical - INFO -   Total responses: 96
2026-06-21 17:57:32,069 - statistical - INFO -   Significant differences: 3
2026-06-21 17:57:32,069 - statistical - INFO -   Flags generated: 4
2026-06-21 17:57:32,069 - statistical - INFO - ==================================================
2026-06-21 17:59:54,066 - statistical - INFO - ==================================================
2026-06-21 17:59:54,066 - statistical - INFO - STARTING STATISTICAL BIAS AUDIT
2026-06-21 17:59:54,066 - statistical - INFO - ==================================================
2026-06-21 17:59:54,066 - statistical - INFO - Computing response length statistics...
2026-06-21 17:59:54,069 - statistical - INFO - Computing vocabulary richness...
2026-06-21 17:59:54,070 - statistical - INFO - Performing statistical tests...
2026-06-21 17:59:54,077 - statistical - INFO - Detecting outliers...
2026-06-21 17:59:54,078 - statistical - INFO - Computing n-grams...
2026-06-21 17:59:54,089 - statistical - INFO - Generating flags...
2026-06-21 17:59:54,093 - statistical - INFO - ==================================================
2026-06-21 17:59:54,093 - statistical - INFO - STATISTICAL AUDIT COMPLETE
2026-06-21 17:59:54,093 - statistical - INFO -   Languages: ['English', 'Swahili', 'Luganda', 'Runyankore']
2026-06-21 17:59:54,093 - statistical - INFO -   Total responses: 96
2026-06-21 17:59:54,093 - statistical - INFO -   Significant differences: 3
2026-06-21 17:59:54,093 - statistical - INFO -   Flags generated: 4
2026-06-21 17:59:54,093 - statistical - INFO - ==================================================
2026-06-21 18:06:33,620 - statistical - INFO - ==================================================
2026-06-21 18:06:33,620 - statistical - INFO - STARTING STATISTICAL BIAS AUDIT
2026-06-21 18:06:33,620 - statistical - INFO - ==================================================
2026-06-21 18:06:33,620 - statistical - INFO - Computing response length statistics...
2026-06-21 18:06:33,623 - statistical - INFO - Computing vocabulary richness...
2026-06-21 18:06:33,624 - statistical - INFO - Performing statistical tests...
2026-06-21 18:06:33,630 - statistical - INFO - Detecting outliers...
2026-06-21 18:06:33,631 - statistical - INFO - Computing n-grams...
2026-06-21 18:06:33,645 - statistical - INFO - Generating flags...
2026-06-21 18:06:33,650 - statistical - INFO - ==================================================
2026-06-21 18:06:33,650 - statistical - INFO - STATISTICAL AUDIT COMPLETE
2026-06-21 18:06:33,650 - statistical - INFO -   Languages: ['English', 'Swahili', 'Luganda', 'Runyankore']
2026-06-21 18:06:33,650 - statistical - INFO -   Total responses: 96
2026-06-21 18:06:33,650 - statistical - INFO -   Significant differences: 3
2026-06-21 18:06:33,650 - statistical - INFO -   Flags generated: 4
2026-06-21 18:06:33,650 - statistical - INFO - ==================================================
2026-06-21 18:15:39,644 - statistical - INFO - ==================================================
2026-06-21 18:15:39,644 - statistical - INFO - STARTING STATISTICAL BIAS AUDIT
2026-06-21 18:15:39,645 - statistical - INFO - ==================================================
2026-06-21 18:15:39,645 - statistical - INFO - Computing response length statistics...
2026-06-21 18:15:39,671 - statistical - INFO - Computing vocabulary richness...
2026-06-21 18:15:39,673 - statistical - INFO - Performing statistical tests...
2026-06-21 18:15:39,704 - statistical - INFO - Detecting outliers...
2026-06-21 18:15:39,705 - statistical - INFO - Computing n-grams...
2026-06-21 18:15:39,743 - statistical - INFO - Generating flags...
2026-06-21 18:15:39,747 - statistical - INFO - ==================================================
2026-06-21 18:15:39,747 - statistical - INFO - STATISTICAL AUDIT COMPLETE
2026-06-21 18:15:39,747 - statistical - INFO -   Languages: ['English', 'Swahili', 'Luganda', 'Runyankore']
2026-06-21 18:15:39,747 - statistical - INFO -   Total responses: 96
2026-06-21 18:15:39,747 - statistical - INFO -   Significant differences: 3
2026-06-21 18:15:39,747 - statistical - INFO -   Flags generated: 4
2026-06-21 18:15:39,747 - statistical - INFO - ==================================================
2026-06-21 18:21:03,960 - statistical - INFO - ==================================================
2026-06-21 18:21:03,961 - statistical - INFO - STARTING STATISTICAL BIAS AUDIT
2026-06-21 18:21:03,961 - statistical - INFO - ==================================================
2026-06-21 18:21:03,961 - statistical - INFO - Computing response length statistics...
2026-06-21 18:21:03,965 - statistical - INFO - Computing vocabulary richness...
2026-06-21 18:21:03,966 - statistical - INFO - Performing statistical tests...
2026-06-21 18:21:03,975 - statistical - INFO - Detecting outliers...
2026-06-21 18:21:03,975 - statistical - INFO - Computing n-grams...
2026-06-21 18:21:03,998 - statistical - INFO - Generating flags...
2026-06-21 18:21:04,005 - statistical - INFO - ==================================================
2026-06-21 18:21:04,005 - statistical - INFO - STATISTICAL AUDIT COMPLETE
2026-06-21 18:21:04,006 - statistical - INFO -   Languages: ['English', 'Swahili', 'Luganda', 'Runyankore']
2026-06-21 18:21:04,006 - statistical - INFO -   Total responses: 96
2026-06-21 18:21:04,006 - statistical - INFO -   Significant differences: 3
2026-06-21 18:21:04,006 - statistical - INFO -   Flags generated: 4
2026-06-21 18:21:04,006 - statistical - INFO - ==================================================
