2026-06-17 22:23:20,301 - statistical - INFO - ==================================================
2026-06-17 22:23:20,301 - statistical - INFO - STARTING STATISTICAL BIAS AUDIT
2026-06-17 22:23:20,301 - statistical - INFO - ==================================================
2026-06-17 22:23:20,301 - statistical - INFO - Computing response length statistics...
2026-06-17 22:23:20,303 - statistical - INFO - Computing vocabulary richness...
2026-06-17 22:23:20,304 - statistical - INFO - Performing statistical tests...
2026-06-17 22:23:20,309 - statistical - INFO - Detecting outliers...
2026-06-17 22:23:20,309 - statistical - INFO - Computing n-grams...
2026-06-17 22:23:20,318 - statistical - INFO - Generating flags...
2026-06-17 22:23:20,321 - statistical - INFO - ==================================================
2026-06-17 22:23:20,321 - statistical - INFO - STATISTICAL AUDIT COMPLETE
2026-06-17 22:23:20,321 - statistical - INFO -   Languages: ['English', 'Swahili', 'Luganda', 'Runyankore']
2026-06-17 22:23:20,321 - statistical - INFO -   Total responses: 96
2026-06-17 22:23:20,321 - statistical - INFO -   Significant differences: 3
2026-06-17 22:23:20,321 - statistical - INFO -   Flags generated: 4
2026-06-17 22:23:20,321 - statistical - INFO - ==================================================
2026-06-17 22:23:24,584 - statistical - INFO - ==================================================
2026-06-17 22:23:24,585 - statistical - INFO - STARTING STATISTICAL BIAS AUDIT
2026-06-17 22:23:24,585 - statistical - INFO - ==================================================
2026-06-17 22:23:24,585 - statistical - INFO - Computing response length statistics...
2026-06-17 22:23:24,586 - statistical - INFO - Computing vocabulary richness...
2026-06-17 22:23:24,586 - statistical - INFO - Performing statistical tests...
2026-06-17 22:23:24,589 - statistical - INFO - Detecting outliers...
2026-06-17 22:23:24,589 - statistical - INFO - Computing n-grams...
2026-06-17 22:23:24,594 - statistical - INFO - Generating flags...
2026-06-17 22:23:24,595 - statistical - INFO - ==================================================
2026-06-17 22:23:24,595 - statistical - INFO - STATISTICAL AUDIT COMPLETE
2026-06-17 22:23:24,595 - statistical - INFO -   Languages: ['English', 'Swahili', 'Luganda', 'Runyankore']
2026-06-17 22:23:24,595 - statistical - INFO -   Total responses: 96
2026-06-17 22:23:24,595 - statistical - INFO -   Significant differences: 3
2026-06-17 22:23:24,595 - statistical - INFO -   Flags generated: 4
2026-06-17 22:23:24,595 - statistical - INFO - ==================================================
2026-06-17 22:23:25,034 - statistical - INFO - ==================================================
2026-06-17 22:23:25,034 - statistical - INFO - STARTING STATISTICAL BIAS AUDIT
2026-06-17 22:23:25,034 - statistical - INFO - ==================================================
2026-06-17 22:23:25,034 - statistical - INFO - Computing response length statistics...
2026-06-17 22:23:25,035 - statistical - INFO - Computing vocabulary richness...
2026-06-17 22:23:25,036 - statistical - INFO - Performing statistical tests...
2026-06-17 22:23:25,039 - statistical - INFO - Detecting outliers...
2026-06-17 22:23:25,040 - statistical - INFO - Computing n-grams...
2026-06-17 22:23:25,045 - statistical - INFO - Generating flags...
2026-06-17 22:23:25,045 - statistical - INFO - ==================================================
2026-06-17 22:23:25,045 - statistical - INFO - STATISTICAL AUDIT COMPLETE
2026-06-17 22:23:25,046 - statistical - INFO -   Languages: ['English', 'Swahili', 'Luganda', 'Runyankore']
2026-06-17 22:23:25,046 - statistical - INFO -   Total responses: 96
2026-06-17 22:23:25,046 - statistical - INFO -   Significant differences: 3
2026-06-17 22:23:25,046 - statistical - INFO -   Flags generated: 4
2026-06-17 22:23:25,046 - statistical - INFO - ==================================================
2026-06-17 22:23:25,485 - statistical - INFO - ==================================================
2026-06-17 22:23:25,485 - statistical - INFO - STARTING STATISTICAL BIAS AUDIT
2026-06-17 22:23:25,485 - statistical - INFO - ==================================================
2026-06-17 22:23:25,485 - statistical - INFO - Computing response length statistics...
2026-06-17 22:23:25,487 - statistical - INFO - Computing vocabulary richness...
2026-06-17 22:23:25,487 - statistical - INFO - Performing statistical tests...
2026-06-17 22:23:25,490 - statistical - INFO - Detecting outliers...
2026-06-17 22:23:25,491 - statistical - INFO - Computing n-grams...
2026-06-17 22:23:25,496 - statistical - INFO - Generating flags...
2026-06-17 22:23:25,497 - statistical - INFO - ==================================================
2026-06-17 22:23:25,497 - statistical - INFO - STATISTICAL AUDIT COMPLETE
2026-06-17 22:23:25,497 - statistical - INFO -   Languages: ['English', 'Swahili', 'Luganda', 'Runyankore']
2026-06-17 22:23:25,497 - statistical - INFO -   Total responses: 96
2026-06-17 22:23:25,497 - statistical - INFO -   Significant differences: 3
2026-06-17 22:23:25,497 - statistical - INFO -   Flags generated: 4
2026-06-17 22:23:25,497 - statistical - INFO - ==================================================
2026-06-17 22:23:25,946 - statistical - INFO - ==================================================
2026-06-17 22:23:25,946 - statistical - INFO - STARTING STATISTICAL BIAS AUDIT
2026-06-17 22:23:25,946 - statistical - INFO - ==================================================
2026-06-17 22:23:25,946 - statistical - INFO - Computing response length statistics...
2026-06-17 22:23:25,948 - statistical - INFO - Computing vocabulary richness...
2026-06-17 22:23:25,949 - statistical - INFO - Performing statistical tests...
2026-06-17 22:23:25,953 - statistical - INFO - Detecting outliers...
2026-06-17 22:23:25,953 - statistical - INFO - Computing n-grams...
2026-06-17 22:23:25,960 - statistical - INFO - Generating flags...
2026-06-17 22:23:25,961 - statistical - INFO - ==================================================
2026-06-17 22:23:25,961 - statistical - INFO - STATISTICAL AUDIT COMPLETE
2026-06-17 22:23:25,961 - statistical - INFO -   Languages: ['English', 'Swahili', 'Luganda', 'Runyankore']
2026-06-17 22:23:25,961 - statistical - INFO -   Total responses: 96
2026-06-17 22:23:25,961 - statistical - INFO -   Significant differences: 3
2026-06-17 22:23:25,962 - statistical - INFO -   Flags generated: 4
2026-06-17 22:23:25,962 - statistical - INFO - ==================================================
2026-06-17 22:23:27,766 - statistical - INFO - ==================================================
2026-06-17 22:23:27,767 - statistical - INFO - STARTING STATISTICAL BIAS AUDIT
2026-06-17 22:23:27,767 - statistical - INFO - ==================================================
2026-06-17 22:23:27,767 - statistical - INFO - Computing response length statistics...
2026-06-17 22:23:27,768 - statistical - INFO - Computing vocabulary richness...
2026-06-17 22:23:27,769 - statistical - INFO - Performing statistical tests...
2026-06-17 22:23:27,771 - statistical - INFO - Detecting outliers...
2026-06-17 22:23:27,772 - statistical - INFO - Computing n-grams...
2026-06-17 22:23:27,778 - statistical - INFO - Generating flags...
2026-06-17 22:23:27,780 - statistical - INFO - ==================================================
2026-06-17 22:23:27,780 - statistical - INFO - STATISTICAL AUDIT COMPLETE
2026-06-17 22:23:27,780 - statistical - INFO -   Languages: ['English', 'Luganda', 'Runyankole-Rukiga']
2026-06-17 22:23:27,780 - statistical - INFO -   Total responses: 107
2026-06-17 22:23:27,780 - statistical - INFO -   Significant differences: 1
2026-06-17 22:23:27,780 - statistical - INFO -   Flags generated: 1
2026-06-17 22:23:27,781 - statistical - INFO - ==================================================
2026-06-17 22:23:28,480 - statistical - INFO - ==================================================
2026-06-17 22:23:28,480 - statistical - INFO - STARTING STATISTICAL BIAS AUDIT
2026-06-17 22:23:28,480 - statistical - INFO - ==================================================
2026-06-17 22:23:28,480 - statistical - INFO - Computing response length statistics...
2026-06-17 22:23:28,481 - statistical - INFO - Computing vocabulary richness...
2026-06-17 22:23:28,481 - statistical - INFO - Performing statistical tests...
2026-06-17 22:23:28,481 - statistical - INFO - Detecting outliers...
2026-06-17 22:23:28,481 - statistical - INFO - Computing n-grams...
2026-06-17 22:23:28,482 - statistical - INFO - Generating flags...
2026-06-17 22:23:28,483 - statistical - INFO - ==================================================
2026-06-17 22:23:28,483 - statistical - INFO - STATISTICAL AUDIT COMPLETE
2026-06-17 22:23:28,483 - statistical - INFO -   Languages: ['English']
2026-06-17 22:23:28,483 - statistical - INFO -   Total responses: 49
2026-06-17 22:23:28,483 - statistical - INFO -   Significant differences: 0
2026-06-17 22:23:28,483 - statistical - INFO -   Flags generated: 0
2026-06-17 22:23:28,483 - statistical - INFO - ==================================================
2026-06-17 22:26:42,858 - statistical - INFO - ==================================================
2026-06-17 22:26:42,859 - statistical - INFO - STARTING STATISTICAL BIAS AUDIT
2026-06-17 22:26:42,859 - statistical - INFO - ==================================================
2026-06-17 22:26:42,860 - statistical - INFO - Computing response length statistics...
2026-06-17 22:26:42,862 - statistical - INFO - Computing vocabulary richness...
2026-06-17 22:26:42,862 - statistical - INFO - Performing statistical tests...
2026-06-17 22:26:42,867 - statistical - INFO - Detecting outliers...
2026-06-17 22:26:42,867 - statistical - INFO - Computing n-grams...
2026-06-17 22:26:42,874 - statistical - INFO - Generating flags...
2026-06-17 22:26:42,876 - statistical - INFO - ==================================================
2026-06-17 22:26:42,876 - statistical - INFO - STATISTICAL AUDIT COMPLETE
2026-06-17 22:26:42,876 - statistical - INFO -   Languages: ['English', 'Swahili', 'Luganda', 'Runyankore']
2026-06-17 22:26:42,876 - statistical - INFO -   Total responses: 96
2026-06-17 22:26:42,876 - statistical - INFO -   Significant differences: 3
2026-06-17 22:26:42,876 - statistical - INFO -   Flags generated: 4
2026-06-17 22:26:42,876 - statistical - INFO - ==================================================
2026-06-17 22:26:46,896 - statistical - INFO - ==================================================
2026-06-17 22:26:46,896 - statistical - INFO - STARTING STATISTICAL BIAS AUDIT
2026-06-17 22:26:46,896 - statistical - INFO - ==================================================
2026-06-17 22:26:46,896 - statistical - INFO - Computing response length statistics...
2026-06-17 22:26:46,898 - statistical - INFO - Computing vocabulary richness...
2026-06-17 22:26:46,898 - statistical - INFO - Performing statistical tests...
2026-06-17 22:26:46,903 - statistical - INFO - Detecting outliers...
2026-06-17 22:26:46,903 - statistical - INFO - Computing n-grams...
2026-06-17 22:26:46,908 - statistical - INFO - Generating flags...
2026-06-17 22:26:46,909 - statistical - INFO - ==================================================
2026-06-17 22:26:46,909 - statistical - INFO - STATISTICAL AUDIT COMPLETE
2026-06-17 22:26:46,909 - statistical - INFO -   Languages: ['English', 'Swahili', 'Luganda', 'Runyankore']
2026-06-17 22:26:46,909 - statistical - INFO -   Total responses: 96
2026-06-17 22:26:46,909 - statistical - INFO -   Significant differences: 3
2026-06-17 22:26:46,909 - statistical - INFO -   Flags generated: 4
2026-06-17 22:26:46,909 - statistical - INFO - ==================================================
2026-06-17 22:26:47,352 - statistical - INFO - ==================================================
2026-06-17 22:26:47,352 - statistical - INFO - STARTING STATISTICAL BIAS AUDIT
2026-06-17 22:26:47,352 - statistical - INFO - ==================================================
2026-06-17 22:26:47,352 - statistical - INFO - Computing response length statistics...
2026-06-17 22:26:47,354 - statistical - INFO - Computing vocabulary richness...
2026-06-17 22:26:47,354 - statistical - INFO - Performing statistical tests...
2026-06-17 22:26:47,357 - statistical - INFO - Detecting outliers...
2026-06-17 22:26:47,358 - statistical - INFO - Computing n-grams...
2026-06-17 22:26:47,362 - statistical - INFO - Generating flags...
2026-06-17 22:26:47,363 - statistical - INFO - ==================================================
2026-06-17 22:26:47,363 - statistical - INFO - STATISTICAL AUDIT COMPLETE
2026-06-17 22:26:47,363 - statistical - INFO -   Languages: ['English', 'Swahili', 'Luganda', 'Runyankore']
2026-06-17 22:26:47,363 - statistical - INFO -   Total responses: 96
2026-06-17 22:26:47,363 - statistical - INFO -   Significant differences: 3
2026-06-17 22:26:47,363 - statistical - INFO -   Flags generated: 4
2026-06-17 22:26:47,363 - statistical - INFO - ==================================================
2026-06-17 22:26:47,809 - statistical - INFO - ==================================================
2026-06-17 22:26:47,809 - statistical - INFO - STARTING STATISTICAL BIAS AUDIT
2026-06-17 22:26:47,809 - statistical - INFO - ==================================================
2026-06-17 22:26:47,809 - statistical - INFO - Computing response length statistics...
2026-06-17 22:26:47,811 - statistical - INFO - Computing vocabulary richness...
2026-06-17 22:26:47,811 - statistical - INFO - Performing statistical tests...
2026-06-17 22:26:47,814 - statistical - INFO - Detecting outliers...
2026-06-17 22:26:47,815 - statistical - INFO - Computing n-grams...
2026-06-17 22:26:47,819 - statistical - INFO - Generating flags...
2026-06-17 22:26:47,819 - statistical - INFO - ==================================================
2026-06-17 22:26:47,819 - statistical - INFO - STATISTICAL AUDIT COMPLETE
2026-06-17 22:26:47,819 - statistical - INFO -   Languages: ['English', 'Swahili', 'Luganda', 'Runyankore']
2026-06-17 22:26:47,819 - statistical - INFO -   Total responses: 96
2026-06-17 22:26:47,819 - statistical - INFO -   Significant differences: 3
2026-06-17 22:26:47,819 - statistical - INFO -   Flags generated: 4
2026-06-17 22:26:47,819 - statistical - INFO - ==================================================
2026-06-17 22:26:48,259 - statistical - INFO - ==================================================
2026-06-17 22:26:48,259 - statistical - INFO - STARTING STATISTICAL BIAS AUDIT
2026-06-17 22:26:48,259 - statistical - INFO - ==================================================
2026-06-17 22:26:48,259 - statistical - INFO - Computing response length statistics...
2026-06-17 22:26:48,261 - statistical - INFO - Computing vocabulary richness...
2026-06-17 22:26:48,261 - statistical - INFO - Performing statistical tests...
2026-06-17 22:26:48,264 - statistical - INFO - Detecting outliers...
2026-06-17 22:26:48,265 - statistical - INFO - Computing n-grams...
2026-06-17 22:26:48,269 - statistical - INFO - Generating flags...
2026-06-17 22:26:48,269 - statistical - INFO - ==================================================
2026-06-17 22:26:48,269 - statistical - INFO - STATISTICAL AUDIT COMPLETE
2026-06-17 22:26:48,269 - statistical - INFO -   Languages: ['English', 'Swahili', 'Luganda', 'Runyankore']
2026-06-17 22:26:48,269 - statistical - INFO -   Total responses: 96
2026-06-17 22:26:48,270 - statistical - INFO -   Significant differences: 3
2026-06-17 22:26:48,270 - statistical - INFO -   Flags generated: 4
2026-06-17 22:26:48,270 - statistical - INFO - ==================================================
2026-06-17 22:26:49,391 - statistical - INFO - ==================================================
2026-06-17 22:26:49,391 - statistical - INFO - STARTING STATISTICAL BIAS AUDIT
2026-06-17 22:26:49,391 - statistical - INFO - ==================================================
2026-06-17 22:26:49,391 - statistical - INFO - Computing response length statistics...
2026-06-17 22:26:49,392 - statistical - INFO - Computing vocabulary richness...
2026-06-17 22:26:49,393 - statistical - INFO - Performing statistical tests...
2026-06-17 22:26:49,394 - statistical - INFO - Detecting outliers...
2026-06-17 22:26:49,395 - statistical - INFO - Computing n-grams...
2026-06-17 22:26:49,397 - statistical - INFO - Generating flags...
2026-06-17 22:26:49,397 - statistical - INFO - ==================================================
2026-06-17 22:26:49,397 - statistical - INFO - STATISTICAL AUDIT COMPLETE
2026-06-17 22:26:49,397 - statistical - INFO -   Languages: ['English', 'Luganda', 'Runyankole-Rukiga']
2026-06-17 22:26:49,397 - statistical - INFO -   Total responses: 107
2026-06-17 22:26:49,397 - statistical - INFO -   Significant differences: 1
2026-06-17 22:26:49,397 - statistical - INFO -   Flags generated: 1
2026-06-17 22:26:49,397 - statistical - INFO - ==================================================
2026-06-17 22:26:49,832 - statistical - INFO - ==================================================
2026-06-17 22:26:49,832 - statistical - INFO - STARTING STATISTICAL BIAS AUDIT
2026-06-17 22:26:49,832 - statistical - INFO - ==================================================
2026-06-17 22:26:49,833 - statistical - INFO - Computing response length statistics...
2026-06-17 22:26:49,833 - statistical - INFO - Computing vocabulary richness...
2026-06-17 22:26:49,834 - statistical - INFO - Performing statistical tests...
2026-06-17 22:26:49,834 - statistical - INFO - Detecting outliers...
2026-06-17 22:26:49,834 - statistical - INFO - Computing n-grams...
2026-06-17 22:26:49,835 - statistical - INFO - Generating flags...
2026-06-17 22:26:49,835 - statistical - INFO - ==================================================
2026-06-17 22:26:49,835 - statistical - INFO - STATISTICAL AUDIT COMPLETE
2026-06-17 22:26:49,835 - statistical - INFO -   Languages: ['English']
2026-06-17 22:26:49,835 - statistical - INFO -   Total responses: 49
2026-06-17 22:26:49,835 - statistical - INFO -   Significant differences: 0
2026-06-17 22:26:49,835 - statistical - INFO -   Flags generated: 0
2026-06-17 22:26:49,835 - statistical - INFO - ==================================================
2026-06-17 22:38:44,876 - statistical - INFO - ==================================================
2026-06-17 22:38:44,876 - statistical - INFO - STARTING STATISTICAL BIAS AUDIT
2026-06-17 22:38:44,876 - statistical - INFO - ==================================================
2026-06-17 22:38:44,876 - statistical - INFO - Computing response length statistics...
2026-06-17 22:38:44,880 - statistical - INFO - Computing vocabulary richness...
2026-06-17 22:38:44,880 - statistical - INFO - Performing statistical tests...
2026-06-17 22:38:44,885 - statistical - INFO - Detecting outliers...
2026-06-17 22:38:44,885 - statistical - INFO - Computing n-grams...
2026-06-17 22:38:44,892 - statistical - INFO - Generating flags...
2026-06-17 22:38:44,894 - statistical - INFO - ==================================================
2026-06-17 22:38:44,894 - statistical - INFO - STATISTICAL AUDIT COMPLETE
2026-06-17 22:38:44,895 - statistical - INFO -   Languages: ['English', 'Swahili', 'Luganda', 'Runyankore']
2026-06-17 22:38:44,895 - statistical - INFO -   Total responses: 96
2026-06-17 22:38:44,895 - statistical - INFO -   Significant differences: 3
2026-06-17 22:38:44,895 - statistical - INFO -   Flags generated: 4
2026-06-17 22:38:44,895 - statistical - INFO - ==================================================
2026-06-17 22:38:48,980 - statistical - INFO - ==================================================
2026-06-17 22:38:48,981 - statistical - INFO - STARTING STATISTICAL BIAS AUDIT
2026-06-17 22:38:48,981 - statistical - INFO - ==================================================
2026-06-17 22:38:48,981 - statistical - INFO - Computing response length statistics...
2026-06-17 22:38:48,982 - statistical - INFO - Computing vocabulary richness...
2026-06-17 22:38:48,983 - statistical - INFO - Performing statistical tests...
2026-06-17 22:38:48,987 - statistical - INFO - Detecting outliers...
2026-06-17 22:38:48,987 - statistical - INFO - Computing n-grams...
2026-06-17 22:38:48,992 - statistical - INFO - Generating flags...
2026-06-17 22:38:48,993 - statistical - INFO - ==================================================
2026-06-17 22:38:48,993 - statistical - INFO - STATISTICAL AUDIT COMPLETE
2026-06-17 22:38:48,993 - statistical - INFO -   Languages: ['English', 'Swahili', 'Luganda', 'Runyankore']
2026-06-17 22:38:48,993 - statistical - INFO -   Total responses: 96
2026-06-17 22:38:48,993 - statistical - INFO -   Significant differences: 3
2026-06-17 22:38:48,993 - statistical - INFO -   Flags generated: 4
2026-06-17 22:38:48,993 - statistical - INFO - ==================================================
2026-06-17 22:38:49,437 - statistical - INFO - ==================================================
2026-06-17 22:38:49,437 - statistical - INFO - STARTING STATISTICAL BIAS AUDIT
2026-06-17 22:38:49,437 - statistical - INFO - ==================================================
2026-06-17 22:38:49,437 - statistical - INFO - Computing response length statistics...
2026-06-17 22:38:49,438 - statistical - INFO - Computing vocabulary richness...
2026-06-17 22:38:49,439 - statistical - INFO - Performing statistical tests...
2026-06-17 22:38:49,441 - statistical - INFO - Detecting outliers...
2026-06-17 22:38:49,442 - statistical - INFO - Computing n-grams...
2026-06-17 22:38:49,446 - statistical - INFO - Generating flags...
2026-06-17 22:38:49,446 - statistical - INFO - ==================================================
2026-06-17 22:38:49,446 - statistical - INFO - STATISTICAL AUDIT COMPLETE
2026-06-17 22:38:49,446 - statistical - INFO -   Languages: ['English', 'Swahili', 'Luganda', 'Runyankore']
2026-06-17 22:38:49,446 - statistical - INFO -   Total responses: 96
2026-06-17 22:38:49,446 - statistical - INFO -   Significant differences: 3
2026-06-17 22:38:49,446 - statistical - INFO -   Flags generated: 4
2026-06-17 22:38:49,446 - statistical - INFO - ==================================================
2026-06-17 22:38:49,947 - statistical - INFO - ==================================================
2026-06-17 22:38:49,947 - statistical - INFO - STARTING STATISTICAL BIAS AUDIT
2026-06-17 22:38:49,947 - statistical - INFO - ==================================================
2026-06-17 22:38:49,947 - statistical - INFO - Computing response length statistics...
2026-06-17 22:38:49,948 - statistical - INFO - Computing vocabulary richness...
2026-06-17 22:38:49,949 - statistical - INFO - Performing statistical tests...
2026-06-17 22:38:49,953 - statistical - INFO - Detecting outliers...
2026-06-17 22:38:49,954 - statistical - INFO - Computing n-grams...
2026-06-17 22:38:49,959 - statistical - INFO - Generating flags...
2026-06-17 22:38:49,959 - statistical - INFO - ==================================================
2026-06-17 22:38:49,959 - statistical - INFO - STATISTICAL AUDIT COMPLETE
2026-06-17 22:38:49,959 - statistical - INFO -   Languages: ['English', 'Swahili', 'Luganda', 'Runyankore']
2026-06-17 22:38:49,959 - statistical - INFO -   Total responses: 96
2026-06-17 22:38:49,959 - statistical - INFO -   Significant differences: 3
2026-06-17 22:38:49,959 - statistical - INFO -   Flags generated: 4
2026-06-17 22:38:49,959 - statistical - INFO - ==================================================
2026-06-17 22:38:50,403 - statistical - INFO - ==================================================
2026-06-17 22:38:50,403 - statistical - INFO - STARTING STATISTICAL BIAS AUDIT
2026-06-17 22:38:50,404 - statistical - INFO - ==================================================
2026-06-17 22:38:50,404 - statistical - INFO - Computing response length statistics...
2026-06-17 22:38:50,405 - statistical - INFO - Computing vocabulary richness...
2026-06-17 22:38:50,406 - statistical - INFO - Performing statistical tests...
2026-06-17 22:38:50,409 - statistical - INFO - Detecting outliers...
2026-06-17 22:38:50,409 - statistical - INFO - Computing n-grams...
2026-06-17 22:38:50,414 - statistical - INFO - Generating flags...
2026-06-17 22:38:50,415 - statistical - INFO - ==================================================
2026-06-17 22:38:50,415 - statistical - INFO - STATISTICAL AUDIT COMPLETE
2026-06-17 22:38:50,415 - statistical - INFO -   Languages: ['English', 'Swahili', 'Luganda', 'Runyankore']
2026-06-17 22:38:50,415 - statistical - INFO -   Total responses: 96
2026-06-17 22:38:50,415 - statistical - INFO -   Significant differences: 3
2026-06-17 22:38:50,415 - statistical - INFO -   Flags generated: 4
2026-06-17 22:38:50,415 - statistical - INFO - ==================================================
2026-06-17 22:38:51,535 - statistical - INFO - ==================================================
2026-06-17 22:38:51,535 - statistical - INFO - STARTING STATISTICAL BIAS AUDIT
2026-06-17 22:38:51,535 - statistical - INFO - ==================================================
2026-06-17 22:38:51,535 - statistical - INFO - Computing response length statistics...
2026-06-17 22:38:51,536 - statistical - INFO - Computing vocabulary richness...
2026-06-17 22:38:51,536 - statistical - INFO - Performing statistical tests...
2026-06-17 22:38:51,538 - statistical - INFO - Detecting outliers...
2026-06-17 22:38:51,538 - statistical - INFO - Computing n-grams...
2026-06-17 22:38:51,540 - statistical - INFO - Generating flags...
2026-06-17 22:38:51,540 - statistical - INFO - ==================================================
2026-06-17 22:38:51,540 - statistical - INFO - STATISTICAL AUDIT COMPLETE
2026-06-17 22:38:51,540 - statistical - INFO -   Languages: ['English', 'Luganda', 'Runyankole-Rukiga']
2026-06-17 22:38:51,540 - statistical - INFO -   Total responses: 107
2026-06-17 22:38:51,540 - statistical - INFO -   Significant differences: 1
2026-06-17 22:38:51,540 - statistical - INFO -   Flags generated: 1
2026-06-17 22:38:51,540 - statistical - INFO - ==================================================
2026-06-17 22:38:51,975 - statistical - INFO - ==================================================
2026-06-17 22:38:51,975 - statistical - INFO - STARTING STATISTICAL BIAS AUDIT
2026-06-17 22:38:51,976 - statistical - INFO - ==================================================
2026-06-17 22:38:51,976 - statistical - INFO - Computing response length statistics...
2026-06-17 22:38:51,976 - statistical - INFO - Computing vocabulary richness...
2026-06-17 22:38:51,976 - statistical - INFO - Performing statistical tests...
2026-06-17 22:38:51,976 - statistical - INFO - Detecting outliers...
2026-06-17 22:38:51,976 - statistical - INFO - Computing n-grams...
2026-06-17 22:38:51,977 - statistical - INFO - Generating flags...
2026-06-17 22:38:51,978 - statistical - INFO - ==================================================
2026-06-17 22:38:51,978 - statistical - INFO - STATISTICAL AUDIT COMPLETE
2026-06-17 22:38:51,978 - statistical - INFO -   Languages: ['English']
2026-06-17 22:38:51,978 - statistical - INFO -   Total responses: 49
2026-06-17 22:38:51,978 - statistical - INFO -   Significant differences: 0
2026-06-17 22:38:51,978 - statistical - INFO -   Flags generated: 0
2026-06-17 22:38:51,978 - statistical - INFO - ==================================================
2026-06-17 22:49:42,657 - statistical - INFO - ==================================================
2026-06-17 22:49:42,660 - statistical - INFO - STARTING STATISTICAL BIAS AUDIT
2026-06-17 22:49:42,660 - statistical - INFO - ==================================================
2026-06-17 22:49:42,660 - statistical - INFO - Computing response length statistics...
2026-06-17 22:49:42,668 - statistical - INFO - Computing vocabulary richness...
2026-06-17 22:49:42,668 - statistical - INFO - Performing statistical tests...
2026-06-17 22:49:42,685 - statistical - INFO - Detecting outliers...
2026-06-17 22:49:42,686 - statistical - INFO - Computing n-grams...
2026-06-17 22:49:42,701 - statistical - INFO - Generating flags...
2026-06-17 22:49:42,713 - statistical - INFO - ==================================================
2026-06-17 22:49:42,713 - statistical - INFO - STATISTICAL AUDIT COMPLETE
2026-06-17 22:49:42,713 - statistical - INFO -   Languages: ['English', 'Swahili', 'Luganda', 'Runyankore']
2026-06-17 22:49:42,713 - statistical - INFO -   Total responses: 96
2026-06-17 22:49:42,713 - statistical - INFO -   Significant differences: 3
2026-06-17 22:49:42,713 - statistical - INFO -   Flags generated: 4
2026-06-17 22:49:42,713 - statistical - INFO - ==================================================
2026-06-17 22:49:47,248 - statistical - INFO - ==================================================
2026-06-17 22:49:47,248 - statistical - INFO - STARTING STATISTICAL BIAS AUDIT
2026-06-17 22:49:47,248 - statistical - INFO - ==================================================
2026-06-17 22:49:47,248 - statistical - INFO - Computing response length statistics...
2026-06-17 22:49:47,249 - statistical - INFO - Computing vocabulary richness...
2026-06-17 22:49:47,250 - statistical - INFO - Performing statistical tests...
2026-06-17 22:49:47,252 - statistical - INFO - Detecting outliers...
2026-06-17 22:49:47,253 - statistical - INFO - Computing n-grams...
2026-06-17 22:49:47,256 - statistical - INFO - Generating flags...
2026-06-17 22:49:47,257 - statistical - INFO - ==================================================
2026-06-17 22:49:47,257 - statistical - INFO - STATISTICAL AUDIT COMPLETE
2026-06-17 22:49:47,257 - statistical - INFO -   Languages: ['English', 'Swahili', 'Luganda', 'Runyankore']
2026-06-17 22:49:47,257 - statistical - INFO -   Total responses: 96
2026-06-17 22:49:47,257 - statistical - INFO -   Significant differences: 3
2026-06-17 22:49:47,257 - statistical - INFO -   Flags generated: 4
2026-06-17 22:49:47,257 - statistical - INFO - ==================================================
2026-06-17 22:49:47,570 - statistical - INFO - ==================================================
2026-06-17 22:49:47,571 - statistical - INFO - STARTING STATISTICAL BIAS AUDIT
2026-06-17 22:49:47,571 - statistical - INFO - ==================================================
2026-06-17 22:49:47,571 - statistical - INFO - Computing response length statistics...
2026-06-17 22:49:47,571 - statistical - INFO - Computing vocabulary richness...
2026-06-17 22:49:47,572 - statistical - INFO - Performing statistical tests...
2026-06-17 22:49:47,574 - statistical - INFO - Detecting outliers...
2026-06-17 22:49:47,575 - statistical - INFO - Computing n-grams...
2026-06-17 22:49:47,578 - statistical - INFO - Generating flags...
2026-06-17 22:49:47,578 - statistical - INFO - ==================================================
2026-06-17 22:49:47,578 - statistical - INFO - STATISTICAL AUDIT COMPLETE
2026-06-17 22:49:47,578 - statistical - INFO -   Languages: ['English', 'Swahili', 'Luganda', 'Runyankore']
2026-06-17 22:49:47,578 - statistical - INFO -   Total responses: 96
2026-06-17 22:49:47,578 - statistical - INFO -   Significant differences: 3
2026-06-17 22:49:47,578 - statistical - INFO -   Flags generated: 4
2026-06-17 22:49:47,578 - statistical - INFO - ==================================================
2026-06-17 22:49:47,899 - statistical - INFO - ==================================================
2026-06-17 22:49:47,899 - statistical - INFO - STARTING STATISTICAL BIAS AUDIT
2026-06-17 22:49:47,899 - statistical - INFO - ==================================================
2026-06-17 22:49:47,899 - statistical - INFO - Computing response length statistics...
2026-06-17 22:49:47,900 - statistical - INFO - Computing vocabulary richness...
2026-06-17 22:49:47,900 - statistical - INFO - Performing statistical tests...
2026-06-17 22:49:47,903 - statistical - INFO - Detecting outliers...
2026-06-17 22:49:47,903 - statistical - INFO - Computing n-grams...
2026-06-17 22:49:47,907 - statistical - INFO - Generating flags...
2026-06-17 22:49:47,907 - statistical - INFO - ==================================================
2026-06-17 22:49:47,907 - statistical - INFO - STATISTICAL AUDIT COMPLETE
2026-06-17 22:49:47,907 - statistical - INFO -   Languages: ['English', 'Swahili', 'Luganda', 'Runyankore']
2026-06-17 22:49:47,907 - statistical - INFO -   Total responses: 96
2026-06-17 22:49:47,907 - statistical - INFO -   Significant differences: 3
2026-06-17 22:49:47,907 - statistical - INFO -   Flags generated: 4
2026-06-17 22:49:47,907 - statistical - INFO - ==================================================
2026-06-17 22:49:48,221 - statistical - INFO - ==================================================
2026-06-17 22:49:48,221 - statistical - INFO - STARTING STATISTICAL BIAS AUDIT
2026-06-17 22:49:48,221 - statistical - INFO - ==================================================
2026-06-17 22:49:48,221 - statistical - INFO - Computing response length statistics...
2026-06-17 22:49:48,221 - statistical - INFO - Computing vocabulary richness...
2026-06-17 22:49:48,222 - statistical - INFO - Performing statistical tests...
2026-06-17 22:49:48,224 - statistical - INFO - Detecting outliers...
2026-06-17 22:49:48,224 - statistical - INFO - Computing n-grams...
2026-06-17 22:49:48,228 - statistical - INFO - Generating flags...
2026-06-17 22:49:48,228 - statistical - INFO - ==================================================
2026-06-17 22:49:48,228 - statistical - INFO - STATISTICAL AUDIT COMPLETE
2026-06-17 22:49:48,228 - statistical - INFO -   Languages: ['English', 'Swahili', 'Luganda', 'Runyankore']
2026-06-17 22:49:48,228 - statistical - INFO -   Total responses: 96
2026-06-17 22:49:48,228 - statistical - INFO -   Significant differences: 3
2026-06-17 22:49:48,228 - statistical - INFO -   Flags generated: 4
2026-06-17 22:49:48,228 - statistical - INFO - ==================================================
2026-06-17 22:49:49,161 - statistical - INFO - ==================================================
2026-06-17 22:49:49,161 - statistical - INFO - STARTING STATISTICAL BIAS AUDIT
2026-06-17 22:49:49,161 - statistical - INFO - ==================================================
2026-06-17 22:49:49,161 - statistical - INFO - Computing response length statistics...
2026-06-17 22:49:49,162 - statistical - INFO - Computing vocabulary richness...
2026-06-17 22:49:49,162 - statistical - INFO - Performing statistical tests...
2026-06-17 22:49:49,164 - statistical - INFO - Detecting outliers...
2026-06-17 22:49:49,164 - statistical - INFO - Computing n-grams...
2026-06-17 22:49:49,167 - statistical - INFO - Generating flags...
2026-06-17 22:49:49,167 - statistical - INFO - ==================================================
2026-06-17 22:49:49,167 - statistical - INFO - STATISTICAL AUDIT COMPLETE
2026-06-17 22:49:49,167 - statistical - INFO -   Languages: ['English', 'Luganda', 'Runyankole-Rukiga']
2026-06-17 22:49:49,167 - statistical - INFO -   Total responses: 107
2026-06-17 22:49:49,167 - statistical - INFO -   Significant differences: 1
2026-06-17 22:49:49,167 - statistical - INFO -   Flags generated: 1
2026-06-17 22:49:49,167 - statistical - INFO - ==================================================
2026-06-17 22:49:49,523 - statistical - INFO - ==================================================
2026-06-17 22:49:49,523 - statistical - INFO - STARTING STATISTICAL BIAS AUDIT
2026-06-17 22:49:49,523 - statistical - INFO - ==================================================
2026-06-17 22:49:49,523 - statistical - INFO - Computing response length statistics...
2026-06-17 22:49:49,524 - statistical - INFO - Computing vocabulary richness...
2026-06-17 22:49:49,524 - statistical - INFO - Performing statistical tests...
2026-06-17 22:49:49,524 - statistical - INFO - Detecting outliers...
2026-06-17 22:49:49,524 - statistical - INFO - Computing n-grams...
2026-06-17 22:49:49,525 - statistical - INFO - Generating flags...
2026-06-17 22:49:49,526 - statistical - INFO - ==================================================
2026-06-17 22:49:49,526 - statistical - INFO - STATISTICAL AUDIT COMPLETE
2026-06-17 22:49:49,526 - statistical - INFO -   Languages: ['English']
2026-06-17 22:49:49,526 - statistical - INFO -   Total responses: 49
2026-06-17 22:49:49,526 - statistical - INFO -   Significant differences: 0
2026-06-17 22:49:49,526 - statistical - INFO -   Flags generated: 0
2026-06-17 22:49:49,526 - statistical - INFO - ==================================================
2026-06-17 22:59:32,972 - statistical - INFO - ==================================================
2026-06-17 22:59:32,972 - statistical - INFO - STARTING STATISTICAL BIAS AUDIT
2026-06-17 22:59:32,972 - statistical - INFO - ==================================================
2026-06-17 22:59:32,972 - statistical - INFO - Computing response length statistics...
2026-06-17 22:59:32,975 - statistical - INFO - Computing vocabulary richness...
2026-06-17 22:59:32,976 - statistical - INFO - Performing statistical tests...
2026-06-17 22:59:32,980 - statistical - INFO - Detecting outliers...
2026-06-17 22:59:32,981 - statistical - INFO - Computing n-grams...
2026-06-17 22:59:32,985 - statistical - INFO - Generating flags...
2026-06-17 22:59:32,989 - statistical - INFO - ==================================================
2026-06-17 22:59:32,989 - statistical - INFO - STATISTICAL AUDIT COMPLETE
2026-06-17 22:59:32,989 - statistical - INFO -   Languages: ['English', 'Swahili', 'Luganda', 'Runyankore']
2026-06-17 22:59:32,989 - statistical - INFO -   Total responses: 96
2026-06-17 22:59:32,989 - statistical - INFO -   Significant differences: 3
2026-06-17 22:59:32,989 - statistical - INFO -   Flags generated: 4
2026-06-17 22:59:32,989 - statistical - INFO - ==================================================
2026-06-17 23:02:04,534 - statistical - INFO - ==================================================
2026-06-17 23:02:04,534 - statistical - INFO - STARTING STATISTICAL BIAS AUDIT
2026-06-17 23:02:04,534 - statistical - INFO - ==================================================
2026-06-17 23:02:04,534 - statistical - INFO - Computing response length statistics...
2026-06-17 23:02:04,535 - statistical - INFO - Computing vocabulary richness...
2026-06-17 23:02:04,536 - statistical - INFO - Performing statistical tests...
2026-06-17 23:02:04,540 - statistical - INFO - Detecting outliers...
2026-06-17 23:02:04,540 - statistical - INFO - Computing n-grams...
2026-06-17 23:02:04,544 - statistical - INFO - Generating flags...
2026-06-17 23:02:04,547 - statistical - INFO - ==================================================
2026-06-17 23:02:04,547 - statistical - INFO - STATISTICAL AUDIT COMPLETE
2026-06-17 23:02:04,547 - statistical - INFO -   Languages: ['English', 'Swahili', 'Luganda', 'Runyankore']
2026-06-17 23:02:04,547 - statistical - INFO -   Total responses: 96
2026-06-17 23:02:04,547 - statistical - INFO -   Significant differences: 3
2026-06-17 23:02:04,547 - statistical - INFO -   Flags generated: 4
2026-06-17 23:02:04,547 - statistical - INFO - ==================================================
2026-06-17 23:02:08,050 - statistical - INFO - ==================================================
2026-06-17 23:02:08,050 - statistical - INFO - STARTING STATISTICAL BIAS AUDIT
2026-06-17 23:02:08,050 - statistical - INFO - ==================================================
2026-06-17 23:02:08,050 - statistical - INFO - Computing response length statistics...
2026-06-17 23:02:08,051 - statistical - INFO - Computing vocabulary richness...
2026-06-17 23:02:08,051 - statistical - INFO - Performing statistical tests...
2026-06-17 23:02:08,054 - statistical - INFO - Detecting outliers...
2026-06-17 23:02:08,054 - statistical - INFO - Computing n-grams...
2026-06-17 23:02:08,058 - statistical - INFO - Generating flags...
2026-06-17 23:02:08,058 - statistical - INFO - ==================================================
2026-06-17 23:02:08,058 - statistical - INFO - STATISTICAL AUDIT COMPLETE
2026-06-17 23:02:08,058 - statistical - INFO -   Languages: ['English', 'Swahili', 'Luganda', 'Runyankore']
2026-06-17 23:02:08,058 - statistical - INFO -   Total responses: 96
2026-06-17 23:02:08,058 - statistical - INFO -   Significant differences: 3
2026-06-17 23:02:08,058 - statistical - INFO -   Flags generated: 4
2026-06-17 23:02:08,058 - statistical - INFO - ==================================================
2026-06-17 23:02:08,367 - statistical - INFO - ==================================================
2026-06-17 23:02:08,367 - statistical - INFO - STARTING STATISTICAL BIAS AUDIT
2026-06-17 23:02:08,367 - statistical - INFO - ==================================================
2026-06-17 23:02:08,367 - statistical - INFO - Computing response length statistics...
2026-06-17 23:02:08,368 - statistical - INFO - Computing vocabulary richness...
2026-06-17 23:02:08,369 - statistical - INFO - Performing statistical tests...
2026-06-17 23:02:08,371 - statistical - INFO - Detecting outliers...
2026-06-17 23:02:08,371 - statistical - INFO - Computing n-grams...
2026-06-17 23:02:08,375 - statistical - INFO - Generating flags...
2026-06-17 23:02:08,375 - statistical - INFO - ==================================================
2026-06-17 23:02:08,375 - statistical - INFO - STATISTICAL AUDIT COMPLETE
2026-06-17 23:02:08,375 - statistical - INFO -   Languages: ['English', 'Swahili', 'Luganda', 'Runyankore']
2026-06-17 23:02:08,375 - statistical - INFO -   Total responses: 96
2026-06-17 23:02:08,375 - statistical - INFO -   Significant differences: 3
2026-06-17 23:02:08,375 - statistical - INFO -   Flags generated: 4
2026-06-17 23:02:08,375 - statistical - INFO - ==================================================
2026-06-17 23:02:08,689 - statistical - INFO - ==================================================
2026-06-17 23:02:08,689 - statistical - INFO - STARTING STATISTICAL BIAS AUDIT
2026-06-17 23:02:08,689 - statistical - INFO - ==================================================
2026-06-17 23:02:08,689 - statistical - INFO - Computing response length statistics...
2026-06-17 23:02:08,690 - statistical - INFO - Computing vocabulary richness...
2026-06-17 23:02:08,691 - statistical - INFO - Performing statistical tests...
2026-06-17 23:02:08,693 - statistical - INFO - Detecting outliers...
2026-06-17 23:02:08,693 - statistical - INFO - Computing n-grams...
2026-06-17 23:02:08,697 - statistical - INFO - Generating flags...
2026-06-17 23:02:08,697 - statistical - INFO - ==================================================
2026-06-17 23:02:08,697 - statistical - INFO - STATISTICAL AUDIT COMPLETE
2026-06-17 23:02:08,697 - statistical - INFO -   Languages: ['English', 'Swahili', 'Luganda', 'Runyankore']
2026-06-17 23:02:08,697 - statistical - INFO -   Total responses: 96
2026-06-17 23:02:08,697 - statistical - INFO -   Significant differences: 3
2026-06-17 23:02:08,697 - statistical - INFO -   Flags generated: 4
2026-06-17 23:02:08,697 - statistical - INFO - ==================================================
2026-06-17 23:02:09,009 - statistical - INFO - ==================================================
2026-06-17 23:02:09,009 - statistical - INFO - STARTING STATISTICAL BIAS AUDIT
2026-06-17 23:02:09,009 - statistical - INFO - ==================================================
2026-06-17 23:02:09,009 - statistical - INFO - Computing response length statistics...
2026-06-17 23:02:09,009 - statistical - INFO - Computing vocabulary richness...
2026-06-17 23:02:09,010 - statistical - INFO - Performing statistical tests...
2026-06-17 23:02:09,012 - statistical - INFO - Detecting outliers...
2026-06-17 23:02:09,012 - statistical - INFO - Computing n-grams...
2026-06-17 23:02:09,016 - statistical - INFO - Generating flags...
2026-06-17 23:02:09,016 - statistical - INFO - ==================================================
2026-06-17 23:02:09,017 - statistical - INFO - STATISTICAL AUDIT COMPLETE
2026-06-17 23:02:09,017 - statistical - INFO -   Languages: ['English', 'Swahili', 'Luganda', 'Runyankore']
2026-06-17 23:02:09,017 - statistical - INFO -   Total responses: 96
2026-06-17 23:02:09,017 - statistical - INFO -   Significant differences: 3
2026-06-17 23:02:09,017 - statistical - INFO -   Flags generated: 4
2026-06-17 23:02:09,017 - statistical - INFO - ==================================================
2026-06-17 23:02:09,919 - statistical - INFO - ==================================================
2026-06-17 23:02:09,919 - statistical - INFO - STARTING STATISTICAL BIAS AUDIT
2026-06-17 23:02:09,919 - statistical - INFO - ==================================================
2026-06-17 23:02:09,919 - statistical - INFO - Computing response length statistics...
2026-06-17 23:02:09,920 - statistical - INFO - Computing vocabulary richness...
2026-06-17 23:02:09,920 - statistical - INFO - Performing statistical tests...
2026-06-17 23:02:09,922 - statistical - INFO - Detecting outliers...
2026-06-17 23:02:09,922 - statistical - INFO - Computing n-grams...
2026-06-17 23:02:09,924 - statistical - INFO - Generating flags...
2026-06-17 23:02:09,924 - statistical - INFO - ==================================================
2026-06-17 23:02:09,924 - statistical - INFO - STATISTICAL AUDIT COMPLETE
2026-06-17 23:02:09,924 - statistical - INFO -   Languages: ['English', 'Luganda', 'Runyankole-Rukiga']
2026-06-17 23:02:09,924 - statistical - INFO -   Total responses: 107
2026-06-17 23:02:09,925 - statistical - INFO -   Significant differences: 1
2026-06-17 23:02:09,925 - statistical - INFO -   Flags generated: 1
2026-06-17 23:02:09,925 - statistical - INFO - ==================================================
2026-06-17 23:02:10,230 - statistical - INFO - ==================================================
2026-06-17 23:02:10,230 - statistical - INFO - STARTING STATISTICAL BIAS AUDIT
2026-06-17 23:02:10,230 - statistical - INFO - ==================================================
2026-06-17 23:02:10,230 - statistical - INFO - Computing response length statistics...
2026-06-17 23:02:10,230 - statistical - INFO - Computing vocabulary richness...
2026-06-17 23:02:10,230 - statistical - INFO - Performing statistical tests...
2026-06-17 23:02:10,230 - statistical - INFO - Detecting outliers...
2026-06-17 23:02:10,230 - statistical - INFO - Computing n-grams...
2026-06-17 23:02:10,231 - statistical - INFO - Generating flags...
2026-06-17 23:02:10,231 - statistical - INFO - ==================================================
2026-06-17 23:02:10,232 - statistical - INFO - STATISTICAL AUDIT COMPLETE
2026-06-17 23:02:10,232 - statistical - INFO -   Languages: ['English']
2026-06-17 23:02:10,232 - statistical - INFO -   Total responses: 49
2026-06-17 23:02:10,232 - statistical - INFO -   Significant differences: 0
2026-06-17 23:02:10,232 - statistical - INFO -   Flags generated: 0
2026-06-17 23:02:10,232 - statistical - INFO - ==================================================
2026-06-17 23:11:42,134 - statistical - INFO - ==================================================
2026-06-17 23:11:42,134 - statistical - INFO - STARTING STATISTICAL BIAS AUDIT
2026-06-17 23:11:42,134 - statistical - INFO - ==================================================
2026-06-17 23:11:42,134 - statistical - INFO - Computing response length statistics...
2026-06-17 23:11:42,136 - statistical - INFO - Computing vocabulary richness...
2026-06-17 23:11:42,137 - statistical - INFO - Performing statistical tests...
2026-06-17 23:11:42,141 - statistical - INFO - Detecting outliers...
2026-06-17 23:11:42,141 - statistical - INFO - Computing n-grams...
2026-06-17 23:11:42,147 - statistical - INFO - Generating flags...
2026-06-17 23:11:42,150 - statistical - INFO - ==================================================
2026-06-17 23:11:42,150 - statistical - INFO - STATISTICAL AUDIT COMPLETE
2026-06-17 23:11:42,150 - statistical - INFO -   Languages: ['English', 'Swahili', 'Luganda', 'Runyankore']
2026-06-17 23:11:42,150 - statistical - INFO -   Total responses: 96
2026-06-17 23:11:42,150 - statistical - INFO -   Significant differences: 3
2026-06-17 23:11:42,150 - statistical - INFO -   Flags generated: 4
2026-06-17 23:11:42,150 - statistical - INFO - ==================================================
2026-06-17 23:11:46,047 - statistical - INFO - ==================================================
2026-06-17 23:11:46,048 - statistical - INFO - STARTING STATISTICAL BIAS AUDIT
2026-06-17 23:11:46,048 - statistical - INFO - ==================================================
2026-06-17 23:11:46,048 - statistical - INFO - Computing response length statistics...
2026-06-17 23:11:46,049 - statistical - INFO - Computing vocabulary richness...
2026-06-17 23:11:46,049 - statistical - INFO - Performing statistical tests...
2026-06-17 23:11:46,052 - statistical - INFO - Detecting outliers...
2026-06-17 23:11:46,052 - statistical - INFO - Computing n-grams...
2026-06-17 23:11:46,056 - statistical - INFO - Generating flags...
2026-06-17 23:11:46,056 - statistical - INFO - ==================================================
2026-06-17 23:11:46,056 - statistical - INFO - STATISTICAL AUDIT COMPLETE
2026-06-17 23:11:46,056 - statistical - INFO -   Languages: ['English', 'Swahili', 'Luganda', 'Runyankore']
2026-06-17 23:11:46,056 - statistical - INFO -   Total responses: 96
2026-06-17 23:11:46,056 - statistical - INFO -   Significant differences: 3
2026-06-17 23:11:46,056 - statistical - INFO -   Flags generated: 4
2026-06-17 23:11:46,056 - statistical - INFO - ==================================================
2026-06-17 23:11:46,371 - statistical - INFO - ==================================================
2026-06-17 23:11:46,371 - statistical - INFO - STARTING STATISTICAL BIAS AUDIT
2026-06-17 23:11:46,371 - statistical - INFO - ==================================================
2026-06-17 23:11:46,371 - statistical - INFO - Computing response length statistics...
2026-06-17 23:11:46,372 - statistical - INFO - Computing vocabulary richness...
2026-06-17 23:11:46,372 - statistical - INFO - Performing statistical tests...
2026-06-17 23:11:46,374 - statistical - INFO - Detecting outliers...
2026-06-17 23:11:46,375 - statistical - INFO - Computing n-grams...
2026-06-17 23:11:46,379 - statistical - INFO - Generating flags...
2026-06-17 23:11:46,379 - statistical - INFO - ==================================================
2026-06-17 23:11:46,379 - statistical - INFO - STATISTICAL AUDIT COMPLETE
2026-06-17 23:11:46,379 - statistical - INFO -   Languages: ['English', 'Swahili', 'Luganda', 'Runyankore']
2026-06-17 23:11:46,379 - statistical - INFO -   Total responses: 96
2026-06-17 23:11:46,379 - statistical - INFO -   Significant differences: 3
2026-06-17 23:11:46,379 - statistical - INFO -   Flags generated: 4
2026-06-17 23:11:46,379 - statistical - INFO - ==================================================
2026-06-17 23:11:46,687 - statistical - INFO - ==================================================
2026-06-17 23:11:46,687 - statistical - INFO - STARTING STATISTICAL BIAS AUDIT
2026-06-17 23:11:46,687 - statistical - INFO - ==================================================
2026-06-17 23:11:46,687 - statistical - INFO - Computing response length statistics...
2026-06-17 23:11:46,688 - statistical - INFO - Computing vocabulary richness...
2026-06-17 23:11:46,688 - statistical - INFO - Performing statistical tests...
2026-06-17 23:11:46,690 - statistical - INFO - Detecting outliers...
2026-06-17 23:11:46,691 - statistical - INFO - Computing n-grams...
2026-06-17 23:11:46,694 - statistical - INFO - Generating flags...
2026-06-17 23:11:46,695 - statistical - INFO - ==================================================
2026-06-17 23:11:46,695 - statistical - INFO - STATISTICAL AUDIT COMPLETE
2026-06-17 23:11:46,695 - statistical - INFO -   Languages: ['English', 'Swahili', 'Luganda', 'Runyankore']
2026-06-17 23:11:46,695 - statistical - INFO -   Total responses: 96
2026-06-17 23:11:46,695 - statistical - INFO -   Significant differences: 3
2026-06-17 23:11:46,695 - statistical - INFO -   Flags generated: 4
2026-06-17 23:11:46,695 - statistical - INFO - ==================================================
2026-06-17 23:11:47,001 - statistical - INFO - ==================================================
2026-06-17 23:11:47,001 - statistical - INFO - STARTING STATISTICAL BIAS AUDIT
2026-06-17 23:11:47,001 - statistical - INFO - ==================================================
2026-06-17 23:11:47,001 - statistical - INFO - Computing response length statistics...
2026-06-17 23:11:47,002 - statistical - INFO - Computing vocabulary richness...
2026-06-17 23:11:47,003 - statistical - INFO - Performing statistical tests...
2026-06-17 23:11:47,005 - statistical - INFO - Detecting outliers...
2026-06-17 23:11:47,005 - statistical - INFO - Computing n-grams...
2026-06-17 23:11:47,009 - statistical - INFO - Generating flags...
2026-06-17 23:11:47,009 - statistical - INFO - ==================================================
2026-06-17 23:11:47,009 - statistical - INFO - STATISTICAL AUDIT COMPLETE
2026-06-17 23:11:47,009 - statistical - INFO -   Languages: ['English', 'Swahili', 'Luganda', 'Runyankore']
2026-06-17 23:11:47,009 - statistical - INFO -   Total responses: 96
2026-06-17 23:11:47,009 - statistical - INFO -   Significant differences: 3
2026-06-17 23:11:47,009 - statistical - INFO -   Flags generated: 4
2026-06-17 23:11:47,009 - statistical - INFO - ==================================================
2026-06-17 23:11:47,922 - statistical - INFO - ==================================================
2026-06-17 23:11:47,922 - statistical - INFO - STARTING STATISTICAL BIAS AUDIT
2026-06-17 23:11:47,922 - statistical - INFO - ==================================================
2026-06-17 23:11:47,922 - statistical - INFO - Computing response length statistics...
2026-06-17 23:11:47,922 - statistical - INFO - Computing vocabulary richness...
2026-06-17 23:11:47,923 - statistical - INFO - Performing statistical tests...
2026-06-17 23:11:47,924 - statistical - INFO - Detecting outliers...
2026-06-17 23:11:47,924 - statistical - INFO - Computing n-grams...
2026-06-17 23:11:47,927 - statistical - INFO - Generating flags...
2026-06-17 23:11:47,927 - statistical - INFO - ==================================================
2026-06-17 23:11:47,927 - statistical - INFO - STATISTICAL AUDIT COMPLETE
2026-06-17 23:11:47,927 - statistical - INFO -   Languages: ['English', 'Luganda', 'Runyankole-Rukiga']
2026-06-17 23:11:47,927 - statistical - INFO -   Total responses: 107
2026-06-17 23:11:47,927 - statistical - INFO -   Significant differences: 1
2026-06-17 23:11:47,927 - statistical - INFO -   Flags generated: 1
2026-06-17 23:11:47,927 - statistical - INFO - ==================================================
2026-06-17 23:11:48,229 - statistical - INFO - ==================================================
2026-06-17 23:11:48,229 - statistical - INFO - STARTING STATISTICAL BIAS AUDIT
2026-06-17 23:11:48,229 - statistical - INFO - ==================================================
2026-06-17 23:11:48,229 - statistical - INFO - Computing response length statistics...
2026-06-17 23:11:48,229 - statistical - INFO - Computing vocabulary richness...
2026-06-17 23:11:48,230 - statistical - INFO - Performing statistical tests...
2026-06-17 23:11:48,230 - statistical - INFO - Detecting outliers...
2026-06-17 23:11:48,230 - statistical - INFO - Computing n-grams...
2026-06-17 23:11:48,231 - statistical - INFO - Generating flags...
2026-06-17 23:11:48,231 - statistical - INFO - ==================================================
2026-06-17 23:11:48,231 - statistical - INFO - STATISTICAL AUDIT COMPLETE
2026-06-17 23:11:48,231 - statistical - INFO -   Languages: ['English']
2026-06-17 23:11:48,231 - statistical - INFO -   Total responses: 49
2026-06-17 23:11:48,231 - statistical - INFO -   Significant differences: 0
2026-06-17 23:11:48,231 - statistical - INFO -   Flags generated: 0
2026-06-17 23:11:48,231 - statistical - INFO - ==================================================
2026-06-17 23:27:42,639 - statistical - INFO - ==================================================
2026-06-17 23:27:42,639 - statistical - INFO - STARTING STATISTICAL BIAS AUDIT
2026-06-17 23:27:42,639 - statistical - INFO - ==================================================
2026-06-17 23:27:42,639 - statistical - INFO - Computing response length statistics...
2026-06-17 23:27:42,642 - statistical - INFO - Computing vocabulary richness...
2026-06-17 23:27:42,643 - statistical - INFO - Performing statistical tests...
2026-06-17 23:27:42,651 - statistical - INFO - Detecting outliers...
2026-06-17 23:27:42,652 - statistical - INFO - Computing n-grams...
2026-06-17 23:27:42,660 - statistical - INFO - Generating flags...
2026-06-17 23:27:42,662 - statistical - INFO - ==================================================
2026-06-17 23:27:42,662 - statistical - INFO - STATISTICAL AUDIT COMPLETE
2026-06-17 23:27:42,662 - statistical - INFO -   Languages: ['English', 'Swahili', 'Luganda', 'Runyankore']
2026-06-17 23:27:42,662 - statistical - INFO -   Total responses: 96
2026-06-17 23:27:42,662 - statistical - INFO -   Significant differences: 3
2026-06-17 23:27:42,662 - statistical - INFO -   Flags generated: 4
2026-06-17 23:27:42,662 - statistical - INFO - ==================================================
2026-06-17 23:30:26,400 - statistical - INFO - ==================================================
2026-06-17 23:30:26,400 - statistical - INFO - STARTING STATISTICAL BIAS AUDIT
2026-06-17 23:30:26,400 - statistical - INFO - ==================================================
2026-06-17 23:30:26,401 - statistical - INFO - Computing response length statistics...
2026-06-17 23:30:26,402 - statistical - INFO - Computing vocabulary richness...
2026-06-17 23:30:26,403 - statistical - INFO - Performing statistical tests...
2026-06-17 23:30:26,415 - statistical - INFO - Detecting outliers...
2026-06-17 23:30:26,415 - statistical - INFO - Computing n-grams...
2026-06-17 23:30:26,479 - statistical - INFO - Generating flags...
2026-06-17 23:30:26,486 - statistical - INFO - ==================================================
2026-06-17 23:30:26,486 - statistical - INFO - STATISTICAL AUDIT COMPLETE
2026-06-17 23:30:26,486 - statistical - INFO -   Languages: ['English', 'Swahili', 'Luganda', 'Runyankore']
2026-06-17 23:30:26,486 - statistical - INFO -   Total responses: 96
2026-06-17 23:30:26,486 - statistical - INFO -   Significant differences: 3
2026-06-17 23:30:26,486 - statistical - INFO -   Flags generated: 4
2026-06-17 23:30:26,486 - statistical - INFO - ==================================================
2026-06-17 23:32:35,001 - statistical - INFO - ==================================================
2026-06-17 23:32:35,001 - statistical - INFO - STARTING STATISTICAL BIAS AUDIT
2026-06-17 23:32:35,001 - statistical - INFO - ==================================================
2026-06-17 23:32:35,001 - statistical - INFO - Computing response length statistics...
2026-06-17 23:32:35,004 - statistical - INFO - Computing vocabulary richness...
2026-06-17 23:32:35,005 - statistical - INFO - Performing statistical tests...
2026-06-17 23:32:35,011 - statistical - INFO - Detecting outliers...
2026-06-17 23:32:35,012 - statistical - INFO - Computing n-grams...
2026-06-17 23:32:35,022 - statistical - INFO - Generating flags...
2026-06-17 23:32:35,025 - statistical - INFO - ==================================================
2026-06-17 23:32:35,025 - statistical - INFO - STATISTICAL AUDIT COMPLETE
2026-06-17 23:32:35,025 - statistical - INFO -   Languages: ['English', 'Swahili', 'Luganda', 'Runyankore']
2026-06-17 23:32:35,025 - statistical - INFO -   Total responses: 96
2026-06-17 23:32:35,025 - statistical - INFO -   Significant differences: 3
2026-06-17 23:32:35,025 - statistical - INFO -   Flags generated: 4
2026-06-17 23:32:35,025 - statistical - INFO - ==================================================
2026-06-17 23:32:41,582 - statistical - INFO - ==================================================
2026-06-17 23:32:41,582 - statistical - INFO - STARTING STATISTICAL BIAS AUDIT
2026-06-17 23:32:41,582 - statistical - INFO - ==================================================
2026-06-17 23:32:41,582 - statistical - INFO - Computing response length statistics...
2026-06-17 23:32:41,584 - statistical - INFO - Computing vocabulary richness...
2026-06-17 23:32:41,585 - statistical - INFO - Performing statistical tests...
2026-06-17 23:32:41,590 - statistical - INFO - Detecting outliers...
2026-06-17 23:32:41,590 - statistical - INFO - Computing n-grams...
2026-06-17 23:32:41,597 - statistical - INFO - Generating flags...
2026-06-17 23:32:41,598 - statistical - INFO - ==================================================
2026-06-17 23:32:41,598 - statistical - INFO - STATISTICAL AUDIT COMPLETE
2026-06-17 23:32:41,598 - statistical - INFO -   Languages: ['English', 'Swahili', 'Luganda', 'Runyankore']
2026-06-17 23:32:41,598 - statistical - INFO -   Total responses: 96
2026-06-17 23:32:41,598 - statistical - INFO -   Significant differences: 3
2026-06-17 23:32:41,598 - statistical - INFO -   Flags generated: 4
2026-06-17 23:32:41,598 - statistical - INFO - ==================================================
2026-06-17 23:32:42,465 - statistical - INFO - ==================================================
2026-06-17 23:32:42,465 - statistical - INFO - STARTING STATISTICAL BIAS AUDIT
2026-06-17 23:32:42,465 - statistical - INFO - ==================================================
2026-06-17 23:32:42,465 - statistical - INFO - Computing response length statistics...
2026-06-17 23:32:42,469 - statistical - INFO - Computing vocabulary richness...
2026-06-17 23:32:42,471 - statistical - INFO - Performing statistical tests...
2026-06-17 23:32:42,481 - statistical - INFO - Detecting outliers...
2026-06-17 23:32:42,482 - statistical - INFO - Computing n-grams...
2026-06-17 23:32:42,497 - statistical - INFO - Generating flags...
2026-06-17 23:32:42,499 - statistical - INFO - ==================================================
2026-06-17 23:32:42,499 - statistical - INFO - STATISTICAL AUDIT COMPLETE
2026-06-17 23:32:42,499 - statistical - INFO -   Languages: ['English', 'Swahili', 'Luganda', 'Runyankore']
2026-06-17 23:32:42,500 - statistical - INFO -   Total responses: 96
2026-06-17 23:32:42,500 - statistical - INFO -   Significant differences: 3
2026-06-17 23:32:42,500 - statistical - INFO -   Flags generated: 4
2026-06-17 23:32:42,500 - statistical - INFO - ==================================================
2026-06-17 23:32:43,379 - statistical - INFO - ==================================================
2026-06-17 23:32:43,379 - statistical - INFO - STARTING STATISTICAL BIAS AUDIT
2026-06-17 23:32:43,379 - statistical - INFO - ==================================================
2026-06-17 23:32:43,379 - statistical - INFO - Computing response length statistics...
2026-06-17 23:32:43,381 - statistical - INFO - Computing vocabulary richness...
2026-06-17 23:32:43,381 - statistical - INFO - Performing statistical tests...
2026-06-17 23:32:43,386 - statistical - INFO - Detecting outliers...
2026-06-17 23:32:43,386 - statistical - INFO - Computing n-grams...
2026-06-17 23:32:43,393 - statistical - INFO - Generating flags...
2026-06-17 23:32:43,394 - statistical - INFO - ==================================================
2026-06-17 23:32:43,394 - statistical - INFO - STATISTICAL AUDIT COMPLETE
2026-06-17 23:32:43,394 - statistical - INFO -   Languages: ['English', 'Swahili', 'Luganda', 'Runyankore']
2026-06-17 23:32:43,394 - statistical - INFO -   Total responses: 96
2026-06-17 23:32:43,394 - statistical - INFO -   Significant differences: 3
2026-06-17 23:32:43,394 - statistical - INFO -   Flags generated: 4
2026-06-17 23:32:43,394 - statistical - INFO - ==================================================
2026-06-17 23:32:44,176 - statistical - INFO - ==================================================
2026-06-17 23:32:44,176 - statistical - INFO - STARTING STATISTICAL BIAS AUDIT
2026-06-17 23:32:44,176 - statistical - INFO - ==================================================
2026-06-17 23:32:44,176 - statistical - INFO - Computing response length statistics...
2026-06-17 23:32:44,178 - statistical - INFO - Computing vocabulary richness...
2026-06-17 23:32:44,178 - statistical - INFO - Performing statistical tests...
2026-06-17 23:32:44,182 - statistical - INFO - Detecting outliers...
2026-06-17 23:32:44,183 - statistical - INFO - Computing n-grams...
2026-06-17 23:32:44,188 - statistical - INFO - Generating flags...
2026-06-17 23:32:44,189 - statistical - INFO - ==================================================
2026-06-17 23:32:44,189 - statistical - INFO - STATISTICAL AUDIT COMPLETE
2026-06-17 23:32:44,189 - statistical - INFO -   Languages: ['English', 'Swahili', 'Luganda', 'Runyankore']
2026-06-17 23:32:44,189 - statistical - INFO -   Total responses: 96
2026-06-17 23:32:44,189 - statistical - INFO -   Significant differences: 3
2026-06-17 23:32:44,189 - statistical - INFO -   Flags generated: 4
2026-06-17 23:32:44,189 - statistical - INFO - ==================================================
2026-06-17 23:32:46,031 - statistical - INFO - ==================================================
2026-06-17 23:32:46,032 - statistical - INFO - STARTING STATISTICAL BIAS AUDIT
2026-06-17 23:32:46,032 - statistical - INFO - ==================================================
2026-06-17 23:32:46,032 - statistical - INFO - Computing response length statistics...
2026-06-17 23:32:46,033 - statistical - INFO - Computing vocabulary richness...
2026-06-17 23:32:46,034 - statistical - INFO - Performing statistical tests...
2026-06-17 23:32:46,037 - statistical - INFO - Detecting outliers...
2026-06-17 23:32:46,037 - statistical - INFO - Computing n-grams...
2026-06-17 23:32:46,041 - statistical - INFO - Generating flags...
2026-06-17 23:32:46,042 - statistical - INFO - ==================================================
2026-06-17 23:32:46,042 - statistical - INFO - STATISTICAL AUDIT COMPLETE
2026-06-17 23:32:46,042 - statistical - INFO -   Languages: ['English', 'Luganda', 'Runyankole-Rukiga']
2026-06-17 23:32:46,042 - statistical - INFO -   Total responses: 107
2026-06-17 23:32:46,042 - statistical - INFO -   Significant differences: 1
2026-06-17 23:32:46,042 - statistical - INFO -   Flags generated: 1
2026-06-17 23:32:46,042 - statistical - INFO - ==================================================
